{"/Users/a/dev_local/Konarae_flowcoder/src/middleware.ts": {"path":"/Users/a/dev_local/Konarae_flowcoder/src/middleware.ts","statementMap":{"0":{"start":{"line":27,"column":13},"end":{"line":27,"column":22}},"1":{"start":{"line":4,"column":0},"end":{"line":4,"column":15}},"2":{"start":{"line":1,"column":21},"end":{"line":1,"column":null}},"3":{"start":{"line":2,"column":29},"end":{"line":2,"column":null}},"4":{"start":{"line":4,"column":15},"end":{"line":25,"column":null}},"5":{"start":{"line":5,"column":23},"end":{"line":5,"column":34}},"6":{"start":{"line":6,"column":21},"end":{"line":6,"column":31}},"7":{"start":{"line":9,"column":23},"end":{"line":9,"column":null}},"8":{"start":{"line":10,"column":24},"end":{"line":10,"column":null}},"9":{"start":{"line":10,"column":53},"end":{"line":10,"column":null}},"10":{"start":{"line":13,"column":2},"end":{"line":15,"column":null}},"11":{"start":{"line":14,"column":4},"end":{"line":14,"column":null}},"12":{"start":{"line":18,"column":2},"end":{"line":22,"column":null}},"13":{"start":{"line":19,"column":21},"end":{"line":19,"column":null}},"14":{"start":{"line":20,"column":4},"end":{"line":20,"column":null}},"15":{"start":{"line":21,"column":4},"end":{"line":21,"column":null}},"16":{"start":{"line":24,"column":2},"end":{"line":24,"column":null}},"17":{"start":{"line":27,"column":22},"end":{"line":29,"column":null}}},"fnMap":{"0":{"name":"(anonymous_3)","decl":{"start":{"line":4,"column":20},"end":{"line":4,"column":21}},"loc":{"start":{"line":4,"column":21},"end":{"line":25,"column":null}}},"1":{"name":"(anonymous_4)","decl":{"start":{"line":10,"column":42},"end":{"line":10,"column":43}},"loc":{"start":{"line":10,"column":53},"end":{"line":10,"column":null}}}},"branchMap":{"0":{"loc":{"start":{"line":13,"column":2},"end":{"line":15,"column":null}},"type":"if","locations":[{"start":{"line":13,"column":2},"end":{"line":15,"column":null}},{"start":{},"end":{}}]},"1":{"loc":{"start":{"line":13,"column":6},"end":{"line":13,"column":87}},"type":"binary-expr","locations":[{"start":{"line":13,"column":6},"end":{"line":13,"column":21}},{"start":{"line":13,"column":21},"end":{"line":13,"column":54}},{"start":{"line":13,"column":54},"end":{"line":13,"column":83}}]},"2":{"loc":{"start":{"line":18,"column":2},"end":{"line":22,"column":null}},"type":"if","locations":[{"start":{"line":18,"column":2},"end":{"line":22,"column":null}},{"start":{},"end":{}}]},"3":{"loc":{"start":{"line":18,"column":6},"end":{"line":18,"column":37}},"type":"binary-expr","locations":[{"start":{"line":18,"column":6},"end":{"line":18,"column":21}},{"start":{"line":18,"column":21},"end":{"line":18,"column":37}}]}},"s":{"0":0,"1":0,"2":0,"3":0,"4":0,"5":0,"6":0,"7":0,"8":0,"9":0,"10":0,"11":0,"12":0,"13":0,"14":0,"15":0,"16":0,"17":0},"f":{"0":0,"1":0},"b":{"0":[0,0],"1":[0,0,0],"2":[0,0],"3":[0,0]}}
,"/Users/a/dev_local/Konarae_flowcoder/src/app/layout.tsx": {"path":"/Users/a/dev_local/Konarae_flowcoder/src/app/layout.tsx","statementMap":{"0":{"start":{"line":13,"column":24},"end":{"line":13,"column":35}},"1":{"start":{"line":8,"column":13},"end":{"line":8,"column":34}},"2":{"start":{"line":2,"column":22},"end":{"line":2,"column":null}},"3":{"start":{"line":3,"column":7},"end":{"line":3,"column":null}},"4":{"start":{"line":4,"column":26},"end":{"line":4,"column":null}},"5":{"start":{"line":6,"column":14},"end":{"line":6,"column":null}},"6":{"start":{"line":8,"column":34},"end":{"line":11,"column":null}}},"fnMap":{"0":{"name":"RootLayout","decl":{"start":{"line":13,"column":24},"end":{"line":13,"column":35}},"loc":{"start":{"line":17,"column":2},"end":{"line":25,"column":null}}}},"branchMap":{},"s":{"0":0,"1":0,"2":0,"3":0,"4":0,"5":0,"6":0},"f":{"0":0},"b":{}}
,"/Users/a/dev_local/Konarae_flowcoder/src/app/page.tsx": {"path":"/Users/a/dev_local/Konarae_flowcoder/src/app/page.tsx","statementMap":{"0":{"start":{"line":6,"column":30},"end":{"line":6,"column":null}},"1":{"start":{"line":1,"column":21},"end":{"line":1,"column":null}},"2":{"start":{"line":2,"column":25},"end":{"line":2,"column":null}},"3":{"start":{"line":3,"column":17},"end":{"line":3,"column":null}},"4":{"start":{"line":4,"column":23},"end":{"line":4,"column":null}},"5":{"start":{"line":7,"column":18},"end":{"line":7,"column":null}},"6":{"start":{"line":9,"column":2},"end":{"line":11,"column":null}},"7":{"start":{"line":10,"column":4},"end":{"line":10,"column":null}}},"fnMap":{"0":{"name":"HomePage","decl":{"start":{"line":6,"column":30},"end":{"line":6,"column":null}},"loc":{"start":{"line":6,"column":30},"end":{"line":38,"column":null}}}},"branchMap":{"0":{"loc":{"start":{"line":9,"column":2},"end":{"line":11,"column":null}},"type":"if","locations":[{"start":{"line":9,"column":2},"end":{"line":11,"column":null}},{"start":{},"end":{}}]}},"s":{"0":0,"1":0,"2":0,"3":0,"4":0,"5":0,"6":0,"7":0},"f":{"0":0},"b":{"0":[0,0]}}
,"/Users/a/dev_local/Konarae_flowcoder/src/app/providers.tsx": {"path":"/Users/a/dev_local/Konarae_flowcoder/src/app/providers.tsx","statementMap":{"0":{"start":{"line":8,"column":16},"end":{"line":8,"column":26}},"1":{"start":{"line":3,"column":49},"end":{"line":3,"column":null}},"2":{"start":{"line":4,"column":32},"end":{"line":4,"column":null}},"3":{"start":{"line":5,"column":24},"end":{"line":5,"column":null}},"4":{"start":{"line":6,"column":25},"end":{"line":6,"column":null}},"5":{"start":{"line":9,"column":24},"end":{"line":18,"column":null}},"6":{"start":{"line":11,"column":6},"end":{"line":18,"column":null}}},"fnMap":{"0":{"name":"Providers","decl":{"start":{"line":8,"column":16},"end":{"line":8,"column":26}},"loc":{"start":{"line":8,"column":69},"end":{"line":29,"column":null}}},"1":{"name":"(anonymous_2)","decl":{"start":{"line":10,"column":4},"end":{"line":10,"column":null}},"loc":{"start":{"line":11,"column":6},"end":{"line":18,"column":null}}}},"branchMap":{},"s":{"0":0,"1":0,"2":0,"3":0,"4":0,"5":0,"6":0},"f":{"0":0,"1":0},"b":{}}
,"/Users/a/dev_local/Konarae_flowcoder/src/app/api/auth/[...nextauth]/route.ts": {"path":"/Users/a/dev_local/Konarae_flowcoder/src/app/api/auth/[...nextauth]/route.ts","statementMap":{"0":{"start":{"line":3,"column":15},"end":{"line":3,"column":18}},"1":{"start":{"line":3,"column":20},"end":{"line":3,"column":24}},"2":{"start":{"line":1,"column":25},"end":{"line":1,"column":null}},"3":{"start":{"line":3,"column":29},"end":{"line":3,"column":37}}},"fnMap":{},"branchMap":{},"s":{"0":0,"1":0,"2":0,"3":0},"f":{},"b":{}}
,"/Users/a/dev_local/Konarae_flowcoder/src/app/api/business-plans/route.ts": {"path":"/Users/a/dev_local/Konarae_flowcoder/src/app/api/business-plans/route.ts","statementMap":{"0":{"start":{"line":21,"column":22},"end":{"line":21,"column":26}},"1":{"start":{"line":82,"column":22},"end":{"line":82,"column":27}},"2":{"start":{"line":7,"column":42},"end":{"line":7,"column":null}},"3":{"start":{"line":8,"column":21},"end":{"line":8,"column":null}},"4":{"start":{"line":9,"column":23},"end":{"line":9,"column":null}},"5":{"start":{"line":10,"column":22},"end":{"line":10,"column":null}},"6":{"start":{"line":11,"column":18},"end":{"line":11,"column":null}},"7":{"start":{"line":13,"column":33},"end":{"line":19,"column":null}},"8":{"start":{"line":22,"column":2},"end":{"line":79,"column":null}},"9":{"start":{"line":23,"column":20},"end":{"line":23,"column":null}},"10":{"start":{"line":24,"column":4},"end":{"line":26,"column":null}},"11":{"start":{"line":25,"column":6},"end":{"line":25,"column":null}},"12":{"start":{"line":28,"column":29},"end":{"line":28,"column":null}},"13":{"start":{"line":29,"column":22},"end":{"line":29,"column":null}},"14":{"start":{"line":30,"column":19},"end":{"line":30,"column":null}},"15":{"start":{"line":33,"column":23},"end":{"line":36,"column":null}},"16":{"start":{"line":38,"column":4},"end":{"line":40,"column":null}},"17":{"start":{"line":39,"column":6},"end":{"line":39,"column":null}},"18":{"start":{"line":42,"column":4},"end":{"line":44,"column":null}},"19":{"start":{"line":43,"column":6},"end":{"line":43,"column":null}},"20":{"start":{"line":46,"column":26},"end":{"line":70,"column":null}},"21":{"start":{"line":72,"column":4},"end":{"line":72,"column":null}},"22":{"start":{"line":74,"column":4},"end":{"line":74,"column":null}},"23":{"start":{"line":75,"column":4},"end":{"line":77,"column":null}},"24":{"start":{"line":83,"column":2},"end":{"line":129,"column":null}},"25":{"start":{"line":84,"column":20},"end":{"line":84,"column":null}},"26":{"start":{"line":85,"column":4},"end":{"line":87,"column":null}},"27":{"start":{"line":86,"column":6},"end":{"line":86,"column":null}},"28":{"start":{"line":89,"column":17},"end":{"line":89,"column":null}},"29":{"start":{"line":90,"column":26},"end":{"line":90,"column":null}},"30":{"start":{"line":93,"column":25},"end":{"line":110,"column":null}},"31":{"start":{"line":94,"column":19},"end":{"line":104,"column":null}},"32":{"start":{"line":107,"column":6},"end":{"line":107,"column":null}},"33":{"start":{"line":109,"column":6},"end":{"line":109,"column":null}},"34":{"start":{"line":112,"column":4},"end":{"line":115,"column":null}},"35":{"start":{"line":117,"column":4},"end":{"line":122,"column":null}},"36":{"start":{"line":118,"column":6},"end":{"line":120,"column":null}},"37":{"start":{"line":124,"column":4},"end":{"line":124,"column":null}},"38":{"start":{"line":125,"column":4},"end":{"line":127,"column":null}}},"fnMap":{"0":{"name":"GET","decl":{"start":{"line":21,"column":22},"end":{"line":21,"column":26}},"loc":{"start":{"line":21,"column":42},"end":{"line":80,"column":null}}},"1":{"name":"POST","decl":{"start":{"line":82,"column":22},"end":{"line":82,"column":27}},"loc":{"start":{"line":82,"column":43},"end":{"line":130,"column":null}}},"2":{"name":"(anonymous_5)","decl":{"start":{"line":93,"column":51},"end":{"line":93,"column":58}},"loc":{"start":{"line":93,"column":58},"end":{"line":110,"column":null}}}},"branchMap":{"0":{"loc":{"start":{"line":24,"column":4},"end":{"line":26,"column":null}},"type":"if","locations":[{"start":{"line":24,"column":4},"end":{"line":26,"column":null}},{"start":{},"end":{}}]},"1":{"loc":{"start":{"line":38,"column":4},"end":{"line":40,"column":null}},"type":"if","locations":[{"start":{"line":38,"column":4},"end":{"line":40,"column":null}},{"start":{},"end":{}}]},"2":{"loc":{"start":{"line":42,"column":4},"end":{"line":44,"column":null}},"type":"if","locations":[{"start":{"line":42,"column":4},"end":{"line":44,"column":null}},{"start":{},"end":{}}]},"3":{"loc":{"start":{"line":85,"column":4},"end":{"line":87,"column":null}},"type":"if","locations":[{"start":{"line":85,"column":4},"end":{"line":87,"column":null}},{"start":{},"end":{}}]},"4":{"loc":{"start":{"line":117,"column":4},"end":{"line":122,"column":null}},"type":"if","locations":[{"start":{"line":117,"column":4},"end":{"line":122,"column":null}},{"start":{},"end":{}}]}},"s":{"0":0,"1":0,"2":0,"3":0,"4":0,"5":0,"6":0,"7":0,"8":0,"9":0,"10":0,"11":0,"12":0,"13":0,"14":0,"15":0,"16":0,"17":0,"18":0,"19":0,"20":0,"21":0,"22":0,"23":0,"24":0,"25":0,"26":0,"27":0,"28":0,"29":0,"30":0,"31":0,"32":0,"33":0,"34":0,"35":0,"36":0,"37":0,"38":0},"f":{"0":0,"1":0,"2":0},"b":{"0":[0,0],"1":[0,0],"2":[0,0],"3":[0,0],"4":[0,0]}}
,"/Users/a/dev_local/Konarae_flowcoder/src/app/api/business-plans/[id]/route.ts": {"path":"/Users/a/dev_local/Konarae_flowcoder/src/app/api/business-plans/[id]/route.ts","statementMap":{"0":{"start":{"line":131,"column":22},"end":{"line":131,"column":null}},"1":{"start":{"line":23,"column":22},"end":{"line":23,"column":null}},"2":{"start":{"line":79,"column":22},"end":{"line":79,"column":null}},"3":{"start":{"line":8,"column":42},"end":{"line":8,"column":null}},"4":{"start":{"line":9,"column":21},"end":{"line":9,"column":null}},"5":{"start":{"line":10,"column":23},"end":{"line":10,"column":null}},"6":{"start":{"line":11,"column":22},"end":{"line":11,"column":null}},"7":{"start":{"line":12,"column":18},"end":{"line":12,"column":null}},"8":{"start":{"line":14,"column":33},"end":{"line":21,"column":null}},"9":{"start":{"line":27,"column":2},"end":{"line":76,"column":null}},"10":{"start":{"line":28,"column":20},"end":{"line":28,"column":null}},"11":{"start":{"line":29,"column":4},"end":{"line":31,"column":null}},"12":{"start":{"line":30,"column":6},"end":{"line":30,"column":null}},"13":{"start":{"line":33,"column":19},"end":{"line":33,"column":null}},"14":{"start":{"line":36,"column":26},"end":{"line":40,"column":null}},"15":{"start":{"line":43,"column":4},"end":{"line":45,"column":null}},"16":{"start":{"line":44,"column":6},"end":{"line":44,"column":null}},"17":{"start":{"line":47,"column":25},"end":{"line":60,"column":null}},"18":{"start":{"line":62,"column":4},"end":{"line":67,"column":null}},"19":{"start":{"line":63,"column":6},"end":{"line":65,"column":null}},"20":{"start":{"line":69,"column":4},"end":{"line":69,"column":null}},"21":{"start":{"line":71,"column":4},"end":{"line":71,"column":null}},"22":{"start":{"line":72,"column":4},"end":{"line":74,"column":null}},"23":{"start":{"line":83,"column":2},"end":{"line":128,"column":null}},"24":{"start":{"line":84,"column":20},"end":{"line":84,"column":null}},"25":{"start":{"line":85,"column":4},"end":{"line":87,"column":null}},"26":{"start":{"line":86,"column":6},"end":{"line":86,"column":null}},"27":{"start":{"line":89,"column":19},"end":{"line":89,"column":null}},"28":{"start":{"line":92,"column":26},"end":{"line":96,"column":null}},"29":{"start":{"line":99,"column":4},"end":{"line":101,"column":null}},"30":{"start":{"line":100,"column":6},"end":{"line":100,"column":null}},"31":{"start":{"line":103,"column":17},"end":{"line":103,"column":null}},"32":{"start":{"line":104,"column":26},"end":{"line":104,"column":null}},"33":{"start":{"line":106,"column":25},"end":{"line":109,"column":null}},"34":{"start":{"line":111,"column":4},"end":{"line":114,"column":null}},"35":{"start":{"line":116,"column":4},"end":{"line":121,"column":null}},"36":{"start":{"line":117,"column":6},"end":{"line":119,"column":null}},"37":{"start":{"line":123,"column":4},"end":{"line":123,"column":null}},"38":{"start":{"line":124,"column":4},"end":{"line":126,"column":null}},"39":{"start":{"line":135,"column":2},"end":{"line":171,"column":null}},"40":{"start":{"line":136,"column":20},"end":{"line":136,"column":null}},"41":{"start":{"line":137,"column":4},"end":{"line":139,"column":null}},"42":{"start":{"line":138,"column":6},"end":{"line":138,"column":null}},"43":{"start":{"line":141,"column":19},"end":{"line":141,"column":null}},"44":{"start":{"line":144,"column":26},"end":{"line":148,"column":null}},"45":{"start":{"line":151,"column":4},"end":{"line":153,"column":null}},"46":{"start":{"line":152,"column":6},"end":{"line":152,"column":null}},"47":{"start":{"line":156,"column":4},"end":{"line":159,"column":null}},"48":{"start":{"line":161,"column":4},"end":{"line":164,"column":null}},"49":{"start":{"line":166,"column":4},"end":{"line":166,"column":null}},"50":{"start":{"line":167,"column":4},"end":{"line":169,"column":null}}},"fnMap":{"0":{"name":"GET","decl":{"start":{"line":23,"column":22},"end":{"line":23,"column":null}},"loc":{"start":{"line":25,"column":49},"end":{"line":77,"column":null}}},"1":{"name":"PATCH","decl":{"start":{"line":79,"column":22},"end":{"line":79,"column":null}},"loc":{"start":{"line":81,"column":49},"end":{"line":129,"column":null}}},"2":{"name":"DELETE","decl":{"start":{"line":131,"column":22},"end":{"line":131,"column":null}},"loc":{"start":{"line":133,"column":49},"end":{"line":172,"column":null}}}},"branchMap":{"0":{"loc":{"start":{"line":29,"column":4},"end":{"line":31,"column":null}},"type":"if","locations":[{"start":{"line":29,"column":4},"end":{"line":31,"column":null}},{"start":{},"end":{}}]},"1":{"loc":{"start":{"line":43,"column":4},"end":{"line":45,"column":null}},"type":"if","locations":[{"start":{"line":43,"column":4},"end":{"line":45,"column":null}},{"start":{},"end":{}}]},"2":{"loc":{"start":{"line":62,"column":4},"end":{"line":67,"column":null}},"type":"if","locations":[{"start":{"line":62,"column":4},"end":{"line":67,"column":null}},{"start":{},"end":{}}]},"3":{"loc":{"start":{"line":85,"column":4},"end":{"line":87,"column":null}},"type":"if","locations":[{"start":{"line":85,"column":4},"end":{"line":87,"column":null}},{"start":{},"end":{}}]},"4":{"loc":{"start":{"line":99,"column":4},"end":{"line":101,"column":null}},"type":"if","locations":[{"start":{"line":99,"column":4},"end":{"line":101,"column":null}},{"start":{},"end":{}}]},"5":{"loc":{"start":{"line":116,"column":4},"end":{"line":121,"column":null}},"type":"if","locations":[{"start":{"line":116,"column":4},"end":{"line":121,"column":null}},{"start":{},"end":{}}]},"6":{"loc":{"start":{"line":137,"column":4},"end":{"line":139,"column":null}},"type":"if","locations":[{"start":{"line":137,"column":4},"end":{"line":139,"column":null}},{"start":{},"end":{}}]},"7":{"loc":{"start":{"line":151,"column":4},"end":{"line":153,"column":null}},"type":"if","locations":[{"start":{"line":151,"column":4},"end":{"line":153,"column":null}},{"start":{},"end":{}}]}},"s":{"0":0,"1":0,"2":0,"3":0,"4":0,"5":0,"6":0,"7":0,"8":0,"9":0,"10":0,"11":0,"12":0,"13":0,"14":0,"15":0,"16":0,"17":0,"18":0,"19":0,"20":0,"21":0,"22":0,"23":0,"24":0,"25":0,"26":0,"27":0,"28":0,"29":0,"30":0,"31":0,"32":0,"33":0,"34":0,"35":0,"36":0,"37":0,"38":0,"39":0,"40":0,"41":0,"42":0,"43":0,"44":0,"45":0,"46":0,"47":0,"48":0,"49":0,"50":0},"f":{"0":0,"1":0,"2":0},"b":{"0":[0,0],"1":[0,0],"2":[0,0],"3":[0,0],"4":[0,0],"5":[0,0],"6":[0,0],"7":[0,0]}}
,"/Users/a/dev_local/Konarae_flowcoder/src/app/api/business-plans/[id]/export/route.ts": {"path":"/Users/a/dev_local/Konarae_flowcoder/src/app/api/business-plans/[id]/export/route.ts","statementMap":{"0":{"start":{"line":17,"column":22},"end":{"line":17,"column":null}},"1":{"start":{"line":6,"column":42},"end":{"line":6,"column":null}},"2":{"start":{"line":7,"column":21},"end":{"line":7,"column":null}},"3":{"start":{"line":8,"column":23},"end":{"line":8,"column":null}},"4":{"start":{"line":9,"column":22},"end":{"line":9,"column":null}},"5":{"start":{"line":10,"column":83},"end":{"line":10,"column":null}},"6":{"start":{"line":11,"column":18},"end":{"line":11,"column":null}},"7":{"start":{"line":13,"column":21},"end":{"line":15,"column":null}},"8":{"start":{"line":21,"column":2},"end":{"line":116,"column":null}},"9":{"start":{"line":22,"column":20},"end":{"line":22,"column":null}},"10":{"start":{"line":23,"column":4},"end":{"line":25,"column":null}},"11":{"start":{"line":24,"column":6},"end":{"line":24,"column":null}},"12":{"start":{"line":27,"column":19},"end":{"line":27,"column":null}},"13":{"start":{"line":30,"column":26},"end":{"line":34,"column":null}},"14":{"start":{"line":37,"column":4},"end":{"line":39,"column":null}},"15":{"start":{"line":38,"column":6},"end":{"line":38,"column":null}},"16":{"start":{"line":41,"column":17},"end":{"line":41,"column":null}},"17":{"start":{"line":42,"column":26},"end":{"line":42,"column":null}},"18":{"start":{"line":45,"column":25},"end":{"line":54,"column":null}},"19":{"start":{"line":56,"column":4},"end":{"line":61,"column":null}},"20":{"start":{"line":57,"column":6},"end":{"line":59,"column":null}},"21":{"start":{"line":64,"column":47},"end":{"line":77,"column":null}},"22":{"start":{"line":69,"column":61},"end":{"line":73,"column":null}},"23":{"start":{"line":79,"column":19},"end":{"line":81,"column":null}},"24":{"start":{"line":84,"column":4},"end":{"line":89,"column":null}},"25":{"start":{"line":85,"column":6},"end":{"line":87,"column":null}},"26":{"start":{"line":92,"column":24},"end":{"line":92,"column":null}},"27":{"start":{"line":95,"column":4},"end":{"line":102,"column":null}},"28":{"start":{"line":104,"column":4},"end":{"line":109,"column":null}},"29":{"start":{"line":105,"column":6},"end":{"line":107,"column":null}},"30":{"start":{"line":111,"column":4},"end":{"line":111,"column":null}},"31":{"start":{"line":112,"column":4},"end":{"line":114,"column":null}},"32":{"start":{"line":123,"column":2},"end":{"line":132,"column":null}},"33":{"start":{"line":125,"column":6},"end":{"line":125,"column":null}},"34":{"start":{"line":127,"column":6},"end":{"line":127,"column":null}},"35":{"start":{"line":129,"column":6},"end":{"line":129,"column":34}},"36":{"start":{"line":131,"column":6},"end":{"line":131,"column":null}}},"fnMap":{"0":{"name":"POST","decl":{"start":{"line":17,"column":22},"end":{"line":17,"column":null}},"loc":{"start":{"line":19,"column":49},"end":{"line":117,"column":null}}},"1":{"name":"(anonymous_2)","decl":{"start":{"line":69,"column":42},"end":{"line":69,"column":43}},"loc":{"start":{"line":69,"column":61},"end":{"line":73,"column":null}}},"2":{"name":"getMimeType","decl":{"start":{"line":122,"column":9},"end":{"line":122,"column":21}},"loc":{"start":{"line":122,"column":35},"end":{"line":133,"column":null}}}},"branchMap":{"0":{"loc":{"start":{"line":23,"column":4},"end":{"line":25,"column":null}},"type":"if","locations":[{"start":{"line":23,"column":4},"end":{"line":25,"column":null}},{"start":{},"end":{}}]},"1":{"loc":{"start":{"line":37,"column":4},"end":{"line":39,"column":null}},"type":"if","locations":[{"start":{"line":37,"column":4},"end":{"line":39,"column":null}},{"start":{},"end":{}}]},"2":{"loc":{"start":{"line":56,"column":4},"end":{"line":61,"column":null}},"type":"if","locations":[{"start":{"line":56,"column":4},"end":{"line":61,"column":null}},{"start":{},"end":{}}]},"3":{"loc":{"start":{"line":71,"column":17},"end":{"line":71,"column":null}},"type":"binary-expr","locations":[{"start":{"line":71,"column":17},"end":{"line":71,"column":32}},{"start":{"line":71,"column":36},"end":{"line":71,"column":null}}]},"4":{"loc":{"start":{"line":75,"column":16},"end":{"line":75,"column":null}},"type":"binary-expr","locations":[{"start":{"line":75,"column":16},"end":{"line":75,"column":33}},{"start":{"line":75,"column":37},"end":{"line":75,"column":55}},{"start":{"line":75,"column":59},"end":{"line":75,"column":null}}]},"5":{"loc":{"start":{"line":84,"column":4},"end":{"line":89,"column":null}},"type":"if","locations":[{"start":{"line":84,"column":4},"end":{"line":89,"column":null}},{"start":{},"end":{}}]},"6":{"loc":{"start":{"line":84,"column":8},"end":{"line":84,"column":39}},"type":"binary-expr","locations":[{"start":{"line":84,"column":8},"end":{"line":84,"column":23}},{"start":{"line":84,"column":27},"end":{"line":84,"column":39}}]},"7":{"loc":{"start":{"line":86,"column":17},"end":{"line":86,"column":49}},"type":"binary-expr","locations":[{"start":{"line":86,"column":17},"end":{"line":86,"column":29}},{"start":{"line":86,"column":33},"end":{"line":86,"column":49}}]},"8":{"loc":{"start":{"line":104,"column":4},"end":{"line":109,"column":null}},"type":"if","locations":[{"start":{"line":104,"column":4},"end":{"line":109,"column":null}},{"start":{},"end":{}}]},"9":{"loc":{"start":{"line":123,"column":2},"end":{"line":132,"column":null}},"type":"switch","locations":[{"start":{"line":124,"column":4},"end":{"line":125,"column":null}},{"start":{"line":126,"column":4},"end":{"line":127,"column":null}},{"start":{"line":128,"column":4},"end":{"line":129,"column":34}},{"start":{"line":130,"column":4},"end":{"line":131,"column":null}}]}},"s":{"0":0,"1":0,"2":0,"3":0,"4":0,"5":0,"6":0,"7":0,"8":0,"9":0,"10":0,"11":0,"12":0,"13":0,"14":0,"15":0,"16":0,"17":0,"18":0,"19":0,"20":0,"21":0,"22":0,"23":0,"24":0,"25":0,"26":0,"27":0,"28":0,"29":0,"30":0,"31":0,"32":0,"33":0,"34":0,"35":0,"36":0},"f":{"0":0,"1":0,"2":0},"b":{"0":[0,0],"1":[0,0],"2":[0,0],"3":[0,0],"4":[0,0,0],"5":[0,0],"6":[0,0],"7":[0,0],"8":[0,0],"9":[0,0,0,0]}}
,"/Users/a/dev_local/Konarae_flowcoder/src/app/api/business-plans/[id]/generate/route.ts": {"path":"/Users/a/dev_local/Konarae_flowcoder/src/app/api/business-plans/[id]/generate/route.ts","statementMap":{"0":{"start":{"line":21,"column":22},"end":{"line":21,"column":null}},"1":{"start":{"line":6,"column":42},"end":{"line":6,"column":null}},"2":{"start":{"line":7,"column":21},"end":{"line":7,"column":null}},"3":{"start":{"line":8,"column":23},"end":{"line":8,"column":null}},"4":{"start":{"line":9,"column":22},"end":{"line":9,"column":null}},"5":{"start":{"line":13,"column":7},"end":{"line":13,"column":null}},"6":{"start":{"line":14,"column":18},"end":{"line":14,"column":null}},"7":{"start":{"line":16,"column":23},"end":{"line":19,"column":null}},"8":{"start":{"line":25,"column":2},"end":{"line":150,"column":null}},"9":{"start":{"line":26,"column":20},"end":{"line":26,"column":null}},"10":{"start":{"line":27,"column":4},"end":{"line":29,"column":null}},"11":{"start":{"line":28,"column":6},"end":{"line":28,"column":null}},"12":{"start":{"line":31,"column":19},"end":{"line":31,"column":null}},"13":{"start":{"line":34,"column":26},"end":{"line":38,"column":null}},"14":{"start":{"line":41,"column":4},"end":{"line":43,"column":null}},"15":{"start":{"line":42,"column":6},"end":{"line":42,"column":null}},"16":{"start":{"line":45,"column":17},"end":{"line":45,"column":null}},"17":{"start":{"line":46,"column":26},"end":{"line":46,"column":null}},"18":{"start":{"line":48,"column":25},"end":{"line":50,"column":null}},"19":{"start":{"line":52,"column":4},"end":{"line":57,"column":null}},"20":{"start":{"line":53,"column":6},"end":{"line":55,"column":null}},"21":{"start":{"line":59,"column":4},"end":{"line":136,"column":null}},"22":{"start":{"line":61,"column":6},"end":{"line":69,"column":null}},"23":{"start":{"line":62,"column":8},"end":{"line":67,"column":null}},"24":{"start":{"line":71,"column":23},"end":{"line":76,"column":null}},"25":{"start":{"line":79,"column":6},"end":{"line":81,"column":null}},"26":{"start":{"line":84,"column":6},"end":{"line":92,"column":null}},"27":{"start":{"line":85,"column":41},"end":{"line":91,"column":null}},"28":{"start":{"line":95,"column":6},"end":{"line":98,"column":null}},"29":{"start":{"line":100,"column":6},"end":{"line":104,"column":null}},"30":{"start":{"line":107,"column":6},"end":{"line":112,"column":null}},"31":{"start":{"line":108,"column":8},"end":{"line":110,"column":null}},"32":{"start":{"line":114,"column":22},"end":{"line":116,"column":null}},"33":{"start":{"line":120,"column":6},"end":{"line":129,"column":null}},"34":{"start":{"line":131,"column":6},"end":{"line":135,"column":null}},"35":{"start":{"line":138,"column":4},"end":{"line":143,"column":null}},"36":{"start":{"line":139,"column":6},"end":{"line":141,"column":null}},"37":{"start":{"line":145,"column":4},"end":{"line":145,"column":null}},"38":{"start":{"line":146,"column":4},"end":{"line":148,"column":null}}},"fnMap":{"0":{"name":"POST","decl":{"start":{"line":21,"column":22},"end":{"line":21,"column":null}},"loc":{"start":{"line":23,"column":49},"end":{"line":151,"column":null}}},"1":{"name":"(anonymous_2)","decl":{"start":{"line":85,"column":27},"end":{"line":85,"column":28}},"loc":{"start":{"line":85,"column":41},"end":{"line":91,"column":null}}}},"branchMap":{"0":{"loc":{"start":{"line":27,"column":4},"end":{"line":29,"column":null}},"type":"if","locations":[{"start":{"line":27,"column":4},"end":{"line":29,"column":null}},{"start":{},"end":{}}]},"1":{"loc":{"start":{"line":41,"column":4},"end":{"line":43,"column":null}},"type":"if","locations":[{"start":{"line":41,"column":4},"end":{"line":43,"column":null}},{"start":{},"end":{}}]},"2":{"loc":{"start":{"line":52,"column":4},"end":{"line":57,"column":null}},"type":"if","locations":[{"start":{"line":52,"column":4},"end":{"line":57,"column":null}},{"start":{},"end":{}}]},"3":{"loc":{"start":{"line":59,"column":4},"end":{"line":136,"column":null}},"type":"if","locations":[{"start":{"line":59,"column":4},"end":{"line":136,"column":null}},{"start":{"line":105,"column":11},"end":{"line":136,"column":null}}]},"4":{"loc":{"start":{"line":61,"column":6},"end":{"line":69,"column":null}},"type":"if","locations":[{"start":{"line":61,"column":6},"end":{"line":69,"column":null}},{"start":{},"end":{}}]},"5":{"loc":{"start":{"line":61,"column":10},"end":{"line":61,"column":73}},"type":"binary-expr","locations":[{"start":{"line":61,"column":10},"end":{"line":61,"column":33}},{"start":{"line":61,"column":37},"end":{"line":61,"column":73}}]},"6":{"loc":{"start":{"line":75,"column":25},"end":{"line":75,"column":null}},"type":"binary-expr","locations":[{"start":{"line":75,"column":25},"end":{"line":75,"column":53}},{"start":{"line":75,"column":57},"end":{"line":75,"column":null}}]},"7":{"loc":{"start":{"line":107,"column":6},"end":{"line":112,"column":null}},"type":"if","locations":[{"start":{"line":107,"column":6},"end":{"line":112,"column":null}},{"start":{},"end":{}}]},"8":{"loc":{"start":{"line":138,"column":4},"end":{"line":143,"column":null}},"type":"if","locations":[{"start":{"line":138,"column":4},"end":{"line":143,"column":null}},{"start":{},"end":{}}]}},"s":{"0":0,"1":0,"2":0,"3":0,"4":0,"5":0,"6":0,"7":0,"8":0,"9":0,"10":0,"11":0,"12":0,"13":0,"14":0,"15":0,"16":0,"17":0,"18":0,"19":0,"20":0,"21":0,"22":0,"23":0,"24":0,"25":0,"26":0,"27":0,"28":0,"29":0,"30":0,"31":0,"32":0,"33":0,"34":0,"35":0,"36":0,"37":0,"38":0},"f":{"0":0,"1":0},"b":{"0":[0,0],"1":[0,0],"2":[0,0],"3":[0,0],"4":[0,0],"5":[0,0],"6":[0,0],"7":[0,0],"8":[0,0]}}
,"/Users/a/dev_local/Konarae_flowcoder/src/app/api/business-plans/[id]/sections/[sectionIndex]/route.ts": {"path":"/Users/a/dev_local/Konarae_flowcoder/src/app/api/business-plans/[id]/sections/[sectionIndex]/route.ts","statementMap":{"0":{"start":{"line":16,"column":22},"end":{"line":16,"column":null}},"1":{"start":{"line":6,"column":42},"end":{"line":6,"column":null}},"2":{"start":{"line":7,"column":21},"end":{"line":7,"column":null}},"3":{"start":{"line":8,"column":23},"end":{"line":8,"column":null}},"4":{"start":{"line":9,"column":22},"end":{"line":9,"column":null}},"5":{"start":{"line":10,"column":18},"end":{"line":10,"column":null}},"6":{"start":{"line":12,"column":28},"end":{"line":14,"column":null}},"7":{"start":{"line":20,"column":2},"end":{"line":87,"column":null}},"8":{"start":{"line":21,"column":20},"end":{"line":21,"column":null}},"9":{"start":{"line":22,"column":4},"end":{"line":24,"column":null}},"10":{"start":{"line":23,"column":6},"end":{"line":23,"column":null}},"11":{"start":{"line":26,"column":33},"end":{"line":26,"column":null}},"12":{"start":{"line":27,"column":23},"end":{"line":27,"column":null}},"13":{"start":{"line":29,"column":4},"end":{"line":34,"column":null}},"14":{"start":{"line":30,"column":6},"end":{"line":32,"column":null}},"15":{"start":{"line":37,"column":26},"end":{"line":41,"column":null}},"16":{"start":{"line":44,"column":4},"end":{"line":46,"column":null}},"17":{"start":{"line":45,"column":6},"end":{"line":45,"column":null}},"18":{"start":{"line":48,"column":17},"end":{"line":48,"column":null}},"19":{"start":{"line":49,"column":26},"end":{"line":49,"column":null}},"20":{"start":{"line":52,"column":27},"end":{"line":61,"column":null}},"21":{"start":{"line":63,"column":4},"end":{"line":68,"column":null}},"22":{"start":{"line":64,"column":6},"end":{"line":66,"column":null}},"23":{"start":{"line":70,"column":4},"end":{"line":73,"column":null}},"24":{"start":{"line":75,"column":4},"end":{"line":80,"column":null}},"25":{"start":{"line":76,"column":6},"end":{"line":78,"column":null}},"26":{"start":{"line":82,"column":4},"end":{"line":82,"column":null}},"27":{"start":{"line":83,"column":4},"end":{"line":85,"column":null}}},"fnMap":{"0":{"name":"PATCH","decl":{"start":{"line":16,"column":22},"end":{"line":16,"column":null}},"loc":{"start":{"line":18,"column":71},"end":{"line":88,"column":null}}}},"branchMap":{"0":{"loc":{"start":{"line":22,"column":4},"end":{"line":24,"column":null}},"type":"if","locations":[{"start":{"line":22,"column":4},"end":{"line":24,"column":null}},{"start":{},"end":{}}]},"1":{"loc":{"start":{"line":29,"column":4},"end":{"line":34,"column":null}},"type":"if","locations":[{"start":{"line":29,"column":4},"end":{"line":34,"column":null}},{"start":{},"end":{}}]},"2":{"loc":{"start":{"line":44,"column":4},"end":{"line":46,"column":null}},"type":"if","locations":[{"start":{"line":44,"column":4},"end":{"line":46,"column":null}},{"start":{},"end":{}}]},"3":{"loc":{"start":{"line":63,"column":4},"end":{"line":68,"column":null}},"type":"if","locations":[{"start":{"line":63,"column":4},"end":{"line":68,"column":null}},{"start":{},"end":{}}]},"4":{"loc":{"start":{"line":75,"column":4},"end":{"line":80,"column":null}},"type":"if","locations":[{"start":{"line":75,"column":4},"end":{"line":80,"column":null}},{"start":{},"end":{}}]}},"s":{"0":0,"1":0,"2":0,"3":0,"4":0,"5":0,"6":0,"7":0,"8":0,"9":0,"10":0,"11":0,"12":0,"13":0,"14":0,"15":0,"16":0,"17":0,"18":0,"19":0,"20":0,"21":0,"22":0,"23":0,"24":0,"25":0,"26":0,"27":0},"f":{"0":0},"b":{"0":[0,0],"1":[0,0],"2":[0,0],"3":[0,0],"4":[0,0]}}
,"/Users/a/dev_local/Konarae_flowcoder/src/app/api/business-plans/[id]/share/route.ts": {"path":"/Users/a/dev_local/Konarae_flowcoder/src/app/api/business-plans/[id]/share/route.ts","statementMap":{"0":{"start":{"line":16,"column":22},"end":{"line":16,"column":null}},"1":{"start":{"line":6,"column":42},"end":{"line":6,"column":null}},"2":{"start":{"line":7,"column":21},"end":{"line":7,"column":null}},"3":{"start":{"line":8,"column":29},"end":{"line":8,"column":null}},"4":{"start":{"line":9,"column":18},"end":{"line":9,"column":null}},"5":{"start":{"line":11,"column":20},"end":{"line":14,"column":null}},"6":{"start":{"line":20,"column":2},"end":{"line":82,"column":null}},"7":{"start":{"line":21,"column":20},"end":{"line":21,"column":null}},"8":{"start":{"line":22,"column":4},"end":{"line":24,"column":null}},"9":{"start":{"line":23,"column":6},"end":{"line":23,"column":null}},"10":{"start":{"line":26,"column":19},"end":{"line":26,"column":null}},"11":{"start":{"line":29,"column":26},"end":{"line":33,"column":null}},"12":{"start":{"line":36,"column":4},"end":{"line":38,"column":null}},"13":{"start":{"line":37,"column":6},"end":{"line":37,"column":null}},"14":{"start":{"line":40,"column":17},"end":{"line":40,"column":null}},"15":{"start":{"line":41,"column":26},"end":{"line":41,"column":null}},"16":{"start":{"line":44,"column":23},"end":{"line":44,"column":null}},"17":{"start":{"line":44,"column":29},"end":{"line":44,"column":null}},"18":{"start":{"line":45,"column":23},"end":{"line":47,"column":null}},"19":{"start":{"line":49,"column":4},"end":{"line":54,"column":null}},"20":{"start":{"line":50,"column":6},"end":{"line":52,"column":null}},"21":{"start":{"line":57,"column":4},"end":{"line":62,"column":null}},"22":{"start":{"line":65,"column":4},"end":{"line":68,"column":null}},"23":{"start":{"line":70,"column":4},"end":{"line":75,"column":null}},"24":{"start":{"line":71,"column":6},"end":{"line":73,"column":null}},"25":{"start":{"line":77,"column":4},"end":{"line":77,"column":null}},"26":{"start":{"line":78,"column":4},"end":{"line":80,"column":null}}},"fnMap":{"0":{"name":"POST","decl":{"start":{"line":16,"column":22},"end":{"line":16,"column":null}},"loc":{"start":{"line":18,"column":49},"end":{"line":83,"column":null}}},"1":{"name":"(anonymous_5)","decl":{"start":{"line":44,"column":29},"end":{"line":44,"column":36}},"loc":{"start":{"line":44,"column":29},"end":{"line":44,"column":null}}}},"branchMap":{"0":{"loc":{"start":{"line":22,"column":4},"end":{"line":24,"column":null}},"type":"if","locations":[{"start":{"line":22,"column":4},"end":{"line":24,"column":null}},{"start":{},"end":{}}]},"1":{"loc":{"start":{"line":36,"column":4},"end":{"line":38,"column":null}},"type":"if","locations":[{"start":{"line":36,"column":4},"end":{"line":38,"column":null}},{"start":{},"end":{}}]},"2":{"loc":{"start":{"line":49,"column":4},"end":{"line":54,"column":null}},"type":"if","locations":[{"start":{"line":49,"column":4},"end":{"line":54,"column":null}},{"start":{},"end":{}}]},"3":{"loc":{"start":{"line":70,"column":4},"end":{"line":75,"column":null}},"type":"if","locations":[{"start":{"line":70,"column":4},"end":{"line":75,"column":null}},{"start":{},"end":{}}]}},"s":{"0":0,"1":0,"2":0,"3":0,"4":0,"5":0,"6":0,"7":0,"8":0,"9":0,"10":0,"11":0,"12":0,"13":0,"14":0,"15":0,"16":0,"17":0,"18":0,"19":0,"20":0,"21":0,"22":0,"23":0,"24":0,"25":0,"26":0},"f":{"0":0,"1":0},"b":{"0":[0,0],"1":[0,0],"2":[0,0],"3":[0,0]}}
,"/Users/a/dev_local/Konarae_flowcoder/src/app/api/companies/route.ts": {"path":"/Users/a/dev_local/Konarae_flowcoder/src/app/api/companies/route.ts","statementMap":{"0":{"start":{"line":31,"column":22},"end":{"line":31,"column":26}},"1":{"start":{"line":89,"column":22},"end":{"line":89,"column":27}},"2":{"start":{"line":1,"column":42},"end":{"line":1,"column":null}},"3":{"start":{"line":2,"column":21},"end":{"line":2,"column":null}},"4":{"start":{"line":3,"column":23},"end":{"line":3,"column":null}},"5":{"start":{"line":4,"column":22},"end":{"line":4,"column":null}},"6":{"start":{"line":5,"column":18},"end":{"line":5,"column":null}},"7":{"start":{"line":8,"column":28},"end":{"line":25,"column":null}},"8":{"start":{"line":13,"column":49},"end":{"line":13,"column":null}},"9":{"start":{"line":32,"column":2},"end":{"line":82,"column":null}},"10":{"start":{"line":33,"column":20},"end":{"line":33,"column":null}},"11":{"start":{"line":34,"column":4},"end":{"line":36,"column":null}},"12":{"start":{"line":35,"column":6},"end":{"line":35,"column":null}},"13":{"start":{"line":38,"column":22},"end":{"line":67,"column":null}},"14":{"start":{"line":69,"column":30},"end":{"line":73,"column":null}},"15":{"start":{"line":69,"column":58},"end":{"line":73,"column":null}},"16":{"start":{"line":75,"column":4},"end":{"line":75,"column":null}},"17":{"start":{"line":77,"column":4},"end":{"line":77,"column":null}},"18":{"start":{"line":78,"column":4},"end":{"line":80,"column":null}},"19":{"start":{"line":90,"column":2},"end":{"line":153,"column":null}},"20":{"start":{"line":91,"column":20},"end":{"line":91,"column":null}},"21":{"start":{"line":92,"column":4},"end":{"line":94,"column":null}},"22":{"start":{"line":93,"column":6},"end":{"line":93,"column":null}},"23":{"start":{"line":96,"column":17},"end":{"line":96,"column":null}},"24":{"start":{"line":97,"column":26},"end":{"line":97,"column":null}},"25":{"start":{"line":100,"column":28},"end":{"line":102,"column":null}},"26":{"start":{"line":104,"column":4},"end":{"line":109,"column":null}},"27":{"start":{"line":105,"column":6},"end":{"line":107,"column":null}},"28":{"start":{"line":112,"column":20},"end":{"line":137,"column":null}},"29":{"start":{"line":113,"column":25},"end":{"line":131,"column":null}},"30":{"start":{"line":134,"column":6},"end":{"line":134,"column":null}},"31":{"start":{"line":136,"column":6},"end":{"line":136,"column":null}},"32":{"start":{"line":139,"column":4},"end":{"line":139,"column":null}},"33":{"start":{"line":141,"column":4},"end":{"line":146,"column":null}},"34":{"start":{"line":142,"column":6},"end":{"line":144,"column":null}},"35":{"start":{"line":148,"column":4},"end":{"line":148,"column":null}},"36":{"start":{"line":149,"column":4},"end":{"line":151,"column":null}}},"fnMap":{"0":{"name":"(anonymous_3)","decl":{"start":{"line":13,"column":40},"end":{"line":13,"column":41}},"loc":{"start":{"line":13,"column":49},"end":{"line":13,"column":null}}},"1":{"name":"GET","decl":{"start":{"line":31,"column":22},"end":{"line":31,"column":26}},"loc":{"start":{"line":31,"column":42},"end":{"line":83,"column":null}}},"2":{"name":"(anonymous_5)","decl":{"start":{"line":69,"column":44},"end":{"line":69,"column":45}},"loc":{"start":{"line":69,"column":58},"end":{"line":73,"column":null}}},"3":{"name":"POST","decl":{"start":{"line":89,"column":22},"end":{"line":89,"column":27}},"loc":{"start":{"line":89,"column":43},"end":{"line":154,"column":null}}},"4":{"name":"(anonymous_7)","decl":{"start":{"line":112,"column":46},"end":{"line":112,"column":53}},"loc":{"start":{"line":112,"column":53},"end":{"line":137,"column":null}}}},"branchMap":{"0":{"loc":{"start":{"line":34,"column":4},"end":{"line":36,"column":null}},"type":"if","locations":[{"start":{"line":34,"column":4},"end":{"line":36,"column":null}},{"start":{},"end":{}}]},"1":{"loc":{"start":{"line":71,"column":12},"end":{"line":71,"column":null}},"type":"binary-expr","locations":[{"start":{"line":71,"column":12},"end":{"line":71,"column":40}},{"start":{"line":71,"column":40},"end":{"line":71,"column":null}}]},"2":{"loc":{"start":{"line":92,"column":4},"end":{"line":94,"column":null}},"type":"if","locations":[{"start":{"line":92,"column":4},"end":{"line":94,"column":null}},{"start":{},"end":{}}]},"3":{"loc":{"start":{"line":104,"column":4},"end":{"line":109,"column":null}},"type":"if","locations":[{"start":{"line":104,"column":4},"end":{"line":109,"column":null}},{"start":{},"end":{}}]},"4":{"loc":{"start":{"line":141,"column":4},"end":{"line":146,"column":null}},"type":"if","locations":[{"start":{"line":141,"column":4},"end":{"line":146,"column":null}},{"start":{},"end":{}}]}},"s":{"0":0,"1":0,"2":0,"3":0,"4":0,"5":0,"6":0,"7":0,"8":0,"9":0,"10":0,"11":0,"12":0,"13":0,"14":0,"15":0,"16":0,"17":0,"18":0,"19":0,"20":0,"21":0,"22":0,"23":0,"24":0,"25":0,"26":0,"27":0,"28":0,"29":0,"30":0,"31":0,"32":0,"33":0,"34":0,"35":0,"36":0},"f":{"0":0,"1":0,"2":0,"3":0,"4":0},"b":{"0":[0,0],"1":[0,0],"2":[0,0],"3":[0,0],"4":[0,0]}}
,"/Users/a/dev_local/Konarae_flowcoder/src/app/api/companies/[id]/route.ts": {"path":"/Users/a/dev_local/Konarae_flowcoder/src/app/api/companies/[id]/route.ts","statementMap":{"0":{"start":{"line":168,"column":22},"end":{"line":168,"column":null}},"1":{"start":{"line":43,"column":22},"end":{"line":43,"column":null}},"2":{"start":{"line":121,"column":22},"end":{"line":121,"column":null}},"3":{"start":{"line":1,"column":42},"end":{"line":1,"column":null}},"4":{"start":{"line":2,"column":21},"end":{"line":2,"column":null}},"5":{"start":{"line":3,"column":23},"end":{"line":3,"column":null}},"6":{"start":{"line":4,"column":39},"end":{"line":4,"column":null}},"7":{"start":{"line":5,"column":18},"end":{"line":5,"column":null}},"8":{"start":{"line":7,"column":28},"end":{"line":37,"column":null}},"9":{"start":{"line":47,"column":2},"end":{"line":114,"column":null}},"10":{"start":{"line":48,"column":20},"end":{"line":48,"column":null}},"11":{"start":{"line":49,"column":4},"end":{"line":51,"column":null}},"12":{"start":{"line":50,"column":6},"end":{"line":50,"column":null}},"13":{"start":{"line":53,"column":19},"end":{"line":53,"column":null}},"14":{"start":{"line":56,"column":26},"end":{"line":56,"column":null}},"15":{"start":{"line":57,"column":4},"end":{"line":59,"column":null}},"16":{"start":{"line":58,"column":6},"end":{"line":58,"column":null}},"17":{"start":{"line":61,"column":20},"end":{"line":101,"column":null}},"18":{"start":{"line":103,"column":4},"end":{"line":105,"column":null}},"19":{"start":{"line":104,"column":6},"end":{"line":104,"column":null}},"20":{"start":{"line":107,"column":4},"end":{"line":107,"column":null}},"21":{"start":{"line":109,"column":4},"end":{"line":109,"column":null}},"22":{"start":{"line":110,"column":4},"end":{"line":112,"column":null}},"23":{"start":{"line":125,"column":2},"end":{"line":161,"column":null}},"24":{"start":{"line":126,"column":20},"end":{"line":126,"column":null}},"25":{"start":{"line":127,"column":4},"end":{"line":129,"column":null}},"26":{"start":{"line":128,"column":6},"end":{"line":128,"column":null}},"27":{"start":{"line":131,"column":19},"end":{"line":131,"column":null}},"28":{"start":{"line":134,"column":26},"end":{"line":134,"column":null}},"29":{"start":{"line":135,"column":4},"end":{"line":137,"column":null}},"30":{"start":{"line":136,"column":6},"end":{"line":136,"column":null}},"31":{"start":{"line":139,"column":17},"end":{"line":139,"column":null}},"32":{"start":{"line":140,"column":26},"end":{"line":140,"column":null}},"33":{"start":{"line":142,"column":20},"end":{"line":145,"column":null}},"34":{"start":{"line":147,"column":4},"end":{"line":147,"column":null}},"35":{"start":{"line":149,"column":4},"end":{"line":154,"column":null}},"36":{"start":{"line":150,"column":6},"end":{"line":152,"column":null}},"37":{"start":{"line":156,"column":4},"end":{"line":156,"column":null}},"38":{"start":{"line":157,"column":4},"end":{"line":159,"column":null}},"39":{"start":{"line":172,"column":2},"end":{"line":201,"column":null}},"40":{"start":{"line":173,"column":20},"end":{"line":173,"column":null}},"41":{"start":{"line":174,"column":4},"end":{"line":176,"column":null}},"42":{"start":{"line":175,"column":6},"end":{"line":175,"column":null}},"43":{"start":{"line":178,"column":19},"end":{"line":178,"column":null}},"44":{"start":{"line":181,"column":26},"end":{"line":181,"column":null}},"45":{"start":{"line":182,"column":4},"end":{"line":184,"column":null}},"46":{"start":{"line":183,"column":6},"end":{"line":183,"column":null}},"47":{"start":{"line":187,"column":4},"end":{"line":192,"column":null}},"48":{"start":{"line":194,"column":4},"end":{"line":194,"column":null}},"49":{"start":{"line":196,"column":4},"end":{"line":196,"column":null}},"50":{"start":{"line":197,"column":4},"end":{"line":199,"column":null}}},"fnMap":{"0":{"name":"GET","decl":{"start":{"line":43,"column":22},"end":{"line":43,"column":null}},"loc":{"start":{"line":45,"column":49},"end":{"line":115,"column":null}}},"1":{"name":"PATCH","decl":{"start":{"line":121,"column":22},"end":{"line":121,"column":null}},"loc":{"start":{"line":123,"column":49},"end":{"line":162,"column":null}}},"2":{"name":"DELETE","decl":{"start":{"line":168,"column":22},"end":{"line":168,"column":null}},"loc":{"start":{"line":170,"column":49},"end":{"line":202,"column":null}}}},"branchMap":{"0":{"loc":{"start":{"line":49,"column":4},"end":{"line":51,"column":null}},"type":"if","locations":[{"start":{"line":49,"column":4},"end":{"line":51,"column":null}},{"start":{},"end":{}}]},"1":{"loc":{"start":{"line":57,"column":4},"end":{"line":59,"column":null}},"type":"if","locations":[{"start":{"line":57,"column":4},"end":{"line":59,"column":null}},{"start":{},"end":{}}]},"2":{"loc":{"start":{"line":103,"column":4},"end":{"line":105,"column":null}},"type":"if","locations":[{"start":{"line":103,"column":4},"end":{"line":105,"column":null}},{"start":{},"end":{}}]},"3":{"loc":{"start":{"line":127,"column":4},"end":{"line":129,"column":null}},"type":"if","locations":[{"start":{"line":127,"column":4},"end":{"line":129,"column":null}},{"start":{},"end":{}}]},"4":{"loc":{"start":{"line":135,"column":4},"end":{"line":137,"column":null}},"type":"if","locations":[{"start":{"line":135,"column":4},"end":{"line":137,"column":null}},{"start":{},"end":{}}]},"5":{"loc":{"start":{"line":149,"column":4},"end":{"line":154,"column":null}},"type":"if","locations":[{"start":{"line":149,"column":4},"end":{"line":154,"column":null}},{"start":{},"end":{}}]},"6":{"loc":{"start":{"line":174,"column":4},"end":{"line":176,"column":null}},"type":"if","locations":[{"start":{"line":174,"column":4},"end":{"line":176,"column":null}},{"start":{},"end":{}}]},"7":{"loc":{"start":{"line":182,"column":4},"end":{"line":184,"column":null}},"type":"if","locations":[{"start":{"line":182,"column":4},"end":{"line":184,"column":null}},{"start":{},"end":{}}]}},"s":{"0":0,"1":0,"2":0,"3":0,"4":0,"5":0,"6":0,"7":0,"8":0,"9":0,"10":0,"11":0,"12":0,"13":0,"14":0,"15":0,"16":0,"17":0,"18":0,"19":0,"20":0,"21":0,"22":0,"23":0,"24":0,"25":0,"26":0,"27":0,"28":0,"29":0,"30":0,"31":0,"32":0,"33":0,"34":0,"35":0,"36":0,"37":0,"38":0,"39":0,"40":0,"41":0,"42":0,"43":0,"44":0,"45":0,"46":0,"47":0,"48":0,"49":0,"50":0},"f":{"0":0,"1":0,"2":0},"b":{"0":[0,0],"1":[0,0],"2":[0,0],"3":[0,0],"4":[0,0],"5":[0,0],"6":[0,0],"7":[0,0]}}
,"/Users/a/dev_local/Konarae_flowcoder/src/app/api/companies/[id]/certifications/route.ts": {"path":"/Users/a/dev_local/Konarae_flowcoder/src/app/api/companies/[id]/certifications/route.ts","statementMap":{"0":{"start":{"line":22,"column":22},"end":{"line":22,"column":null}},"1":{"start":{"line":58,"column":22},"end":{"line":58,"column":null}},"2":{"start":{"line":1,"column":42},"end":{"line":1,"column":null}},"3":{"start":{"line":2,"column":21},"end":{"line":2,"column":null}},"4":{"start":{"line":3,"column":23},"end":{"line":3,"column":null}},"5":{"start":{"line":4,"column":39},"end":{"line":4,"column":null}},"6":{"start":{"line":5,"column":18},"end":{"line":5,"column":null}},"7":{"start":{"line":7,"column":34},"end":{"line":16,"column":null}},"8":{"start":{"line":12,"column":43},"end":{"line":12,"column":null}},"9":{"start":{"line":13,"column":45},"end":{"line":13,"column":79}},"10":{"start":{"line":26,"column":2},"end":{"line":51,"column":null}},"11":{"start":{"line":27,"column":20},"end":{"line":27,"column":null}},"12":{"start":{"line":28,"column":4},"end":{"line":30,"column":null}},"13":{"start":{"line":29,"column":6},"end":{"line":29,"column":null}},"14":{"start":{"line":32,"column":30},"end":{"line":32,"column":null}},"15":{"start":{"line":34,"column":26},"end":{"line":34,"column":null}},"16":{"start":{"line":35,"column":4},"end":{"line":37,"column":null}},"17":{"start":{"line":36,"column":6},"end":{"line":36,"column":null}},"18":{"start":{"line":39,"column":27},"end":{"line":42,"column":null}},"19":{"start":{"line":44,"column":4},"end":{"line":44,"column":null}},"20":{"start":{"line":46,"column":4},"end":{"line":46,"column":null}},"21":{"start":{"line":47,"column":4},"end":{"line":49,"column":null}},"22":{"start":{"line":62,"column":2},"end":{"line":99,"column":null}},"23":{"start":{"line":63,"column":20},"end":{"line":63,"column":null}},"24":{"start":{"line":64,"column":4},"end":{"line":66,"column":null}},"25":{"start":{"line":65,"column":6},"end":{"line":65,"column":null}},"26":{"start":{"line":68,"column":30},"end":{"line":68,"column":null}},"27":{"start":{"line":70,"column":26},"end":{"line":70,"column":null}},"28":{"start":{"line":71,"column":4},"end":{"line":73,"column":null}},"29":{"start":{"line":72,"column":6},"end":{"line":72,"column":null}},"30":{"start":{"line":75,"column":17},"end":{"line":75,"column":null}},"31":{"start":{"line":76,"column":26},"end":{"line":76,"column":null}},"32":{"start":{"line":78,"column":26},"end":{"line":83,"column":null}},"33":{"start":{"line":85,"column":4},"end":{"line":85,"column":null}},"34":{"start":{"line":87,"column":4},"end":{"line":92,"column":null}},"35":{"start":{"line":88,"column":6},"end":{"line":90,"column":null}},"36":{"start":{"line":94,"column":4},"end":{"line":94,"column":null}},"37":{"start":{"line":95,"column":4},"end":{"line":97,"column":null}}},"fnMap":{"0":{"name":"(anonymous_3)","decl":{"start":{"line":12,"column":34},"end":{"line":12,"column":35}},"loc":{"start":{"line":12,"column":43},"end":{"line":12,"column":null}}},"1":{"name":"(anonymous_4)","decl":{"start":{"line":13,"column":35},"end":{"line":13,"column":36}},"loc":{"start":{"line":13,"column":45},"end":{"line":13,"column":79}}},"2":{"name":"GET","decl":{"start":{"line":22,"column":22},"end":{"line":22,"column":null}},"loc":{"start":{"line":24,"column":49},"end":{"line":52,"column":null}}},"3":{"name":"POST","decl":{"start":{"line":58,"column":22},"end":{"line":58,"column":null}},"loc":{"start":{"line":60,"column":49},"end":{"line":100,"column":null}}}},"branchMap":{"0":{"loc":{"start":{"line":13,"column":45},"end":{"line":13,"column":79}},"type":"cond-expr","locations":[{"start":{"line":13,"column":51},"end":{"line":13,"column":67}},{"start":{"line":13,"column":67},"end":{"line":13,"column":79}}]},"1":{"loc":{"start":{"line":28,"column":4},"end":{"line":30,"column":null}},"type":"if","locations":[{"start":{"line":28,"column":4},"end":{"line":30,"column":null}},{"start":{},"end":{}}]},"2":{"loc":{"start":{"line":35,"column":4},"end":{"line":37,"column":null}},"type":"if","locations":[{"start":{"line":35,"column":4},"end":{"line":37,"column":null}},{"start":{},"end":{}}]},"3":{"loc":{"start":{"line":64,"column":4},"end":{"line":66,"column":null}},"type":"if","locations":[{"start":{"line":64,"column":4},"end":{"line":66,"column":null}},{"start":{},"end":{}}]},"4":{"loc":{"start":{"line":71,"column":4},"end":{"line":73,"column":null}},"type":"if","locations":[{"start":{"line":71,"column":4},"end":{"line":73,"column":null}},{"start":{},"end":{}}]},"5":{"loc":{"start":{"line":87,"column":4},"end":{"line":92,"column":null}},"type":"if","locations":[{"start":{"line":87,"column":4},"end":{"line":92,"column":null}},{"start":{},"end":{}}]}},"s":{"0":0,"1":0,"2":0,"3":0,"4":0,"5":0,"6":0,"7":0,"8":0,"9":0,"10":0,"11":0,"12":0,"13":0,"14":0,"15":0,"16":0,"17":0,"18":0,"19":0,"20":0,"21":0,"22":0,"23":0,"24":0,"25":0,"26":0,"27":0,"28":0,"29":0,"30":0,"31":0,"32":0,"33":0,"34":0,"35":0,"36":0,"37":0},"f":{"0":0,"1":0,"2":0,"3":0},"b":{"0":[0,0],"1":[0,0],"2":[0,0],"3":[0,0],"4":[0,0],"5":[0,0]}}
,"/Users/a/dev_local/Konarae_flowcoder/src/app/api/companies/[id]/financials/route.ts": {"path":"/Users/a/dev_local/Konarae_flowcoder/src/app/api/companies/[id]/financials/route.ts","statementMap":{"0":{"start":{"line":25,"column":22},"end":{"line":25,"column":null}},"1":{"start":{"line":61,"column":22},"end":{"line":61,"column":null}},"2":{"start":{"line":1,"column":42},"end":{"line":1,"column":null}},"3":{"start":{"line":2,"column":21},"end":{"line":2,"column":null}},"4":{"start":{"line":3,"column":23},"end":{"line":3,"column":null}},"5":{"start":{"line":4,"column":39},"end":{"line":4,"column":null}},"6":{"start":{"line":5,"column":18},"end":{"line":5,"column":null}},"7":{"start":{"line":7,"column":30},"end":{"line":19,"column":null}},"8":{"start":{"line":17,"column":45},"end":{"line":17,"column":79}},"9":{"start":{"line":29,"column":2},"end":{"line":54,"column":null}},"10":{"start":{"line":30,"column":20},"end":{"line":30,"column":null}},"11":{"start":{"line":31,"column":4},"end":{"line":33,"column":null}},"12":{"start":{"line":32,"column":6},"end":{"line":32,"column":null}},"13":{"start":{"line":35,"column":30},"end":{"line":35,"column":null}},"14":{"start":{"line":37,"column":26},"end":{"line":37,"column":null}},"15":{"start":{"line":38,"column":4},"end":{"line":40,"column":null}},"16":{"start":{"line":39,"column":6},"end":{"line":39,"column":null}},"17":{"start":{"line":42,"column":23},"end":{"line":45,"column":null}},"18":{"start":{"line":47,"column":4},"end":{"line":47,"column":null}},"19":{"start":{"line":49,"column":4},"end":{"line":49,"column":null}},"20":{"start":{"line":50,"column":4},"end":{"line":52,"column":null}},"21":{"start":{"line":65,"column":2},"end":{"line":102,"column":null}},"22":{"start":{"line":66,"column":20},"end":{"line":66,"column":null}},"23":{"start":{"line":67,"column":4},"end":{"line":69,"column":null}},"24":{"start":{"line":68,"column":6},"end":{"line":68,"column":null}},"25":{"start":{"line":71,"column":30},"end":{"line":71,"column":null}},"26":{"start":{"line":73,"column":26},"end":{"line":73,"column":null}},"27":{"start":{"line":74,"column":4},"end":{"line":76,"column":null}},"28":{"start":{"line":75,"column":6},"end":{"line":75,"column":null}},"29":{"start":{"line":78,"column":17},"end":{"line":78,"column":null}},"30":{"start":{"line":79,"column":26},"end":{"line":79,"column":null}},"31":{"start":{"line":81,"column":22},"end":{"line":86,"column":null}},"32":{"start":{"line":88,"column":4},"end":{"line":88,"column":null}},"33":{"start":{"line":90,"column":4},"end":{"line":95,"column":null}},"34":{"start":{"line":91,"column":6},"end":{"line":93,"column":null}},"35":{"start":{"line":97,"column":4},"end":{"line":97,"column":null}},"36":{"start":{"line":98,"column":4},"end":{"line":100,"column":null}}},"fnMap":{"0":{"name":"(anonymous_3)","decl":{"start":{"line":17,"column":35},"end":{"line":17,"column":36}},"loc":{"start":{"line":17,"column":45},"end":{"line":17,"column":79}}},"1":{"name":"GET","decl":{"start":{"line":25,"column":22},"end":{"line":25,"column":null}},"loc":{"start":{"line":27,"column":49},"end":{"line":55,"column":null}}},"2":{"name":"POST","decl":{"start":{"line":61,"column":22},"end":{"line":61,"column":null}},"loc":{"start":{"line":63,"column":49},"end":{"line":103,"column":null}}}},"branchMap":{"0":{"loc":{"start":{"line":17,"column":45},"end":{"line":17,"column":79}},"type":"cond-expr","locations":[{"start":{"line":17,"column":51},"end":{"line":17,"column":67}},{"start":{"line":17,"column":67},"end":{"line":17,"column":79}}]},"1":{"loc":{"start":{"line":31,"column":4},"end":{"line":33,"column":null}},"type":"if","locations":[{"start":{"line":31,"column":4},"end":{"line":33,"column":null}},{"start":{},"end":{}}]},"2":{"loc":{"start":{"line":38,"column":4},"end":{"line":40,"column":null}},"type":"if","locations":[{"start":{"line":38,"column":4},"end":{"line":40,"column":null}},{"start":{},"end":{}}]},"3":{"loc":{"start":{"line":67,"column":4},"end":{"line":69,"column":null}},"type":"if","locations":[{"start":{"line":67,"column":4},"end":{"line":69,"column":null}},{"start":{},"end":{}}]},"4":{"loc":{"start":{"line":74,"column":4},"end":{"line":76,"column":null}},"type":"if","locations":[{"start":{"line":74,"column":4},"end":{"line":76,"column":null}},{"start":{},"end":{}}]},"5":{"loc":{"start":{"line":90,"column":4},"end":{"line":95,"column":null}},"type":"if","locations":[{"start":{"line":90,"column":4},"end":{"line":95,"column":null}},{"start":{},"end":{}}]}},"s":{"0":0,"1":0,"2":0,"3":0,"4":0,"5":0,"6":0,"7":0,"8":0,"9":0,"10":0,"11":0,"12":0,"13":0,"14":0,"15":0,"16":0,"17":0,"18":0,"19":0,"20":0,"21":0,"22":0,"23":0,"24":0,"25":0,"26":0,"27":0,"28":0,"29":0,"30":0,"31":0,"32":0,"33":0,"34":0,"35":0,"36":0},"f":{"0":0,"1":0,"2":0},"b":{"0":[0,0],"1":[0,0],"2":[0,0],"3":[0,0],"4":[0,0],"5":[0,0]}}
,"/Users/a/dev_local/Konarae_flowcoder/src/app/api/companies/[id]/members/route.ts": {"path":"/Users/a/dev_local/Konarae_flowcoder/src/app/api/companies/[id]/members/route.ts","statementMap":{"0":{"start":{"line":18,"column":22},"end":{"line":18,"column":null}},"1":{"start":{"line":1,"column":42},"end":{"line":1,"column":null}},"2":{"start":{"line":2,"column":21},"end":{"line":2,"column":null}},"3":{"start":{"line":3,"column":23},"end":{"line":3,"column":null}},"4":{"start":{"line":4,"column":46},"end":{"line":4,"column":null}},"5":{"start":{"line":5,"column":18},"end":{"line":5,"column":null}},"6":{"start":{"line":7,"column":27},"end":{"line":12,"column":null}},"7":{"start":{"line":10,"column":21},"end":{"line":10,"column":null}},"8":{"start":{"line":22,"column":2},"end":{"line":109,"column":null}},"9":{"start":{"line":23,"column":20},"end":{"line":23,"column":null}},"10":{"start":{"line":24,"column":4},"end":{"line":26,"column":null}},"11":{"start":{"line":25,"column":6},"end":{"line":25,"column":null}},"12":{"start":{"line":28,"column":30},"end":{"line":28,"column":null}},"13":{"start":{"line":31,"column":26},"end":{"line":31,"column":null}},"14":{"start":{"line":32,"column":4},"end":{"line":34,"column":null}},"15":{"start":{"line":33,"column":6},"end":{"line":33,"column":null}},"16":{"start":{"line":36,"column":17},"end":{"line":36,"column":null}},"17":{"start":{"line":37,"column":28},"end":{"line":37,"column":null}},"18":{"start":{"line":40,"column":24},"end":{"line":42,"column":null}},"19":{"start":{"line":44,"column":4},"end":{"line":49,"column":null}},"20":{"start":{"line":45,"column":6},"end":{"line":47,"column":null}},"21":{"start":{"line":52,"column":27},"end":{"line":59,"column":null}},"22":{"start":{"line":61,"column":4},"end":{"line":66,"column":null}},"23":{"start":{"line":62,"column":6},"end":{"line":64,"column":null}},"24":{"start":{"line":69,"column":19},"end":{"line":93,"column":null}},"25":{"start":{"line":70,"column":24},"end":{"line":87,"column":null}},"26":{"start":{"line":90,"column":6},"end":{"line":90,"column":null}},"27":{"start":{"line":92,"column":6},"end":{"line":92,"column":null}},"28":{"start":{"line":95,"column":4},"end":{"line":95,"column":null}},"29":{"start":{"line":97,"column":4},"end":{"line":102,"column":null}},"30":{"start":{"line":98,"column":6},"end":{"line":100,"column":null}},"31":{"start":{"line":104,"column":4},"end":{"line":104,"column":null}},"32":{"start":{"line":105,"column":4},"end":{"line":107,"column":null}}},"fnMap":{"0":{"name":"(anonymous_1)","decl":{"start":{"line":10,"column":14},"end":{"line":10,"column":21}},"loc":{"start":{"line":10,"column":21},"end":{"line":10,"column":null}}},"1":{"name":"POST","decl":{"start":{"line":18,"column":22},"end":{"line":18,"column":null}},"loc":{"start":{"line":20,"column":49},"end":{"line":110,"column":null}}},"2":{"name":"(anonymous_3)","decl":{"start":{"line":69,"column":45},"end":{"line":69,"column":52}},"loc":{"start":{"line":69,"column":52},"end":{"line":93,"column":null}}}},"branchMap":{"0":{"loc":{"start":{"line":24,"column":4},"end":{"line":26,"column":null}},"type":"if","locations":[{"start":{"line":24,"column":4},"end":{"line":26,"column":null}},{"start":{},"end":{}}]},"1":{"loc":{"start":{"line":32,"column":4},"end":{"line":34,"column":null}},"type":"if","locations":[{"start":{"line":32,"column":4},"end":{"line":34,"column":null}},{"start":{},"end":{}}]},"2":{"loc":{"start":{"line":44,"column":4},"end":{"line":49,"column":null}},"type":"if","locations":[{"start":{"line":44,"column":4},"end":{"line":49,"column":null}},{"start":{},"end":{}}]},"3":{"loc":{"start":{"line":61,"column":4},"end":{"line":66,"column":null}},"type":"if","locations":[{"start":{"line":61,"column":4},"end":{"line":66,"column":null}},{"start":{},"end":{}}]},"4":{"loc":{"start":{"line":97,"column":4},"end":{"line":102,"column":null}},"type":"if","locations":[{"start":{"line":97,"column":4},"end":{"line":102,"column":null}},{"start":{},"end":{}}]}},"s":{"0":0,"1":0,"2":0,"3":0,"4":0,"5":0,"6":0,"7":0,"8":0,"9":0,"10":0,"11":0,"12":0,"13":0,"14":0,"15":0,"16":0,"17":0,"18":0,"19":0,"20":0,"21":0,"22":0,"23":0,"24":0,"25":0,"26":0,"27":0,"28":0,"29":0,"30":0,"31":0,"32":0},"f":{"0":0,"1":0,"2":0},"b":{"0":[0,0],"1":[0,0],"2":[0,0],"3":[0,0],"4":[0,0]}}
,"/Users/a/dev_local/Konarae_flowcoder/src/app/api/companies/[id]/members/[userId]/route.ts": {"path":"/Users/a/dev_local/Konarae_flowcoder/src/app/api/companies/[id]/members/[userId]/route.ts","statementMap":{"0":{"start":{"line":10,"column":22},"end":{"line":10,"column":null}},"1":{"start":{"line":1,"column":42},"end":{"line":1,"column":null}},"2":{"start":{"line":2,"column":21},"end":{"line":2,"column":null}},"3":{"start":{"line":3,"column":23},"end":{"line":3,"column":null}},"4":{"start":{"line":4,"column":47},"end":{"line":4,"column":null}},"5":{"start":{"line":14,"column":2},"end":{"line":72,"column":null}},"6":{"start":{"line":15,"column":20},"end":{"line":15,"column":null}},"7":{"start":{"line":16,"column":4},"end":{"line":18,"column":null}},"8":{"start":{"line":17,"column":6},"end":{"line":17,"column":null}},"9":{"start":{"line":20,"column":38},"end":{"line":20,"column":null}},"10":{"start":{"line":23,"column":26},"end":{"line":23,"column":null}},"11":{"start":{"line":24,"column":4},"end":{"line":26,"column":null}},"12":{"start":{"line":25,"column":6},"end":{"line":25,"column":null}},"13":{"start":{"line":29,"column":19},"end":{"line":36,"column":null}},"14":{"start":{"line":38,"column":4},"end":{"line":40,"column":null}},"15":{"start":{"line":39,"column":6},"end":{"line":39,"column":null}},"16":{"start":{"line":43,"column":4},"end":{"line":48,"column":null}},"17":{"start":{"line":44,"column":6},"end":{"line":46,"column":null}},"18":{"start":{"line":51,"column":4},"end":{"line":63,"column":null}},"19":{"start":{"line":52,"column":6},"end":{"line":59,"column":null}},"20":{"start":{"line":62,"column":6},"end":{"line":62,"column":null}},"21":{"start":{"line":65,"column":4},"end":{"line":65,"column":null}},"22":{"start":{"line":67,"column":4},"end":{"line":67,"column":null}},"23":{"start":{"line":68,"column":4},"end":{"line":70,"column":null}}},"fnMap":{"0":{"name":"DELETE","decl":{"start":{"line":10,"column":22},"end":{"line":10,"column":null}},"loc":{"start":{"line":12,"column":65},"end":{"line":73,"column":null}}},"1":{"name":"(anonymous_2)","decl":{"start":{"line":51,"column":30},"end":{"line":51,"column":37}},"loc":{"start":{"line":51,"column":37},"end":{"line":63,"column":null}}}},"branchMap":{"0":{"loc":{"start":{"line":16,"column":4},"end":{"line":18,"column":null}},"type":"if","locations":[{"start":{"line":16,"column":4},"end":{"line":18,"column":null}},{"start":{},"end":{}}]},"1":{"loc":{"start":{"line":24,"column":4},"end":{"line":26,"column":null}},"type":"if","locations":[{"start":{"line":24,"column":4},"end":{"line":26,"column":null}},{"start":{},"end":{}}]},"2":{"loc":{"start":{"line":38,"column":4},"end":{"line":40,"column":null}},"type":"if","locations":[{"start":{"line":38,"column":4},"end":{"line":40,"column":null}},{"start":{},"end":{}}]},"3":{"loc":{"start":{"line":43,"column":4},"end":{"line":48,"column":null}},"type":"if","locations":[{"start":{"line":43,"column":4},"end":{"line":48,"column":null}},{"start":{},"end":{}}]}},"s":{"0":0,"1":0,"2":0,"3":0,"4":0,"5":0,"6":0,"7":0,"8":0,"9":0,"10":0,"11":0,"12":0,"13":0,"14":0,"15":0,"16":0,"17":0,"18":0,"19":0,"20":0,"21":0,"22":0,"23":0},"f":{"0":0,"1":0},"b":{"0":[0,0],"1":[0,0],"2":[0,0],"3":[0,0]}}
,"/Users/a/dev_local/Konarae_flowcoder/src/app/api/cron/deadline-alerts/route.ts": {"path":"/Users/a/dev_local/Konarae_flowcoder/src/app/api/cron/deadline-alerts/route.ts","statementMap":{"0":{"start":{"line":13,"column":22},"end":{"line":13,"column":26}},"1":{"start":{"line":9,"column":42},"end":{"line":9,"column":null}},"2":{"start":{"line":10,"column":23},"end":{"line":10,"column":null}},"3":{"start":{"line":11,"column":34},"end":{"line":11,"column":null}},"4":{"start":{"line":14,"column":2},"end":{"line":88,"column":null}},"5":{"start":{"line":16,"column":23},"end":{"line":16,"column":null}},"6":{"start":{"line":17,"column":4},"end":{"line":19,"column":null}},"7":{"start":{"line":18,"column":6},"end":{"line":18,"column":null}},"8":{"start":{"line":21,"column":4},"end":{"line":21,"column":null}},"9":{"start":{"line":24,"column":21},"end":{"line":36,"column":null}},"10":{"start":{"line":38,"column":21},"end":{"line":38,"column":null}},"11":{"start":{"line":40,"column":4},"end":{"line":73,"column":null}},"12":{"start":{"line":41,"column":28},"end":{"line":41,"column":null}},"13":{"start":{"line":42,"column":28},"end":{"line":42,"column":null}},"14":{"start":{"line":43,"column":6},"end":{"line":43,"column":null}},"15":{"start":{"line":46,"column":23},"end":{"line":59,"column":null}},"16":{"start":{"line":62,"column":6},"end":{"line":72,"column":null}},"17":{"start":{"line":63,"column":8},"end":{"line":71,"column":null}},"18":{"start":{"line":64,"column":10},"end":{"line":64,"column":null}},"19":{"start":{"line":65,"column":10},"end":{"line":65,"column":null}},"20":{"start":{"line":67,"column":10},"end":{"line":69,"column":null}},"21":{"start":{"line":75,"column":4},"end":{"line":75,"column":null}},"22":{"start":{"line":77,"column":4},"end":{"line":81,"column":null}},"23":{"start":{"line":83,"column":4},"end":{"line":83,"column":null}},"24":{"start":{"line":84,"column":4},"end":{"line":86,"column":null}}},"fnMap":{"0":{"name":"GET","decl":{"start":{"line":13,"column":22},"end":{"line":13,"column":26}},"loc":{"start":{"line":13,"column":42},"end":{"line":89,"column":null}}}},"branchMap":{"0":{"loc":{"start":{"line":17,"column":4},"end":{"line":19,"column":null}},"type":"if","locations":[{"start":{"line":17,"column":4},"end":{"line":19,"column":null}},{"start":{},"end":{}}]},"1":{"loc":{"start":{"line":41,"column":28},"end":{"line":41,"column":null}},"type":"binary-expr","locations":[{"start":{"line":41,"column":28},"end":{"line":41,"column":53}},{"start":{"line":41,"column":57},"end":{"line":41,"column":null}}]}},"s":{"0":0,"1":0,"2":0,"3":0,"4":0,"5":0,"6":0,"7":0,"8":0,"9":0,"10":0,"11":0,"12":0,"13":0,"14":0,"15":0,"16":0,"17":0,"18":0,"19":0,"20":0,"21":0,"22":0,"23":0,"24":0},"f":{"0":0},"b":{"0":[0,0],"1":[0,0]}}
,"/Users/a/dev_local/Konarae_flowcoder/src/app/api/cron/matching-refresh/route.ts": {"path":"/Users/a/dev_local/Konarae_flowcoder/src/app/api/cron/matching-refresh/route.ts","statementMap":{"0":{"start":{"line":13,"column":22},"end":{"line":13,"column":26}},"1":{"start":{"line":9,"column":42},"end":{"line":9,"column":null}},"2":{"start":{"line":10,"column":23},"end":{"line":10,"column":null}},"3":{"start":{"line":11,"column":32},"end":{"line":11,"column":null}},"4":{"start":{"line":14,"column":2},"end":{"line":120,"column":null}},"5":{"start":{"line":16,"column":23},"end":{"line":16,"column":null}},"6":{"start":{"line":17,"column":4},"end":{"line":19,"column":null}},"7":{"start":{"line":18,"column":6},"end":{"line":18,"column":null}},"8":{"start":{"line":21,"column":4},"end":{"line":21,"column":null}},"9":{"start":{"line":24,"column":22},"end":{"line":36,"column":null}},"10":{"start":{"line":38,"column":27},"end":{"line":38,"column":null}},"11":{"start":{"line":39,"column":29},"end":{"line":39,"column":31}},"12":{"start":{"line":41,"column":4},"end":{"line":101,"column":null}},"13":{"start":{"line":42,"column":6},"end":{"line":100,"column":null}},"14":{"start":{"line":44,"column":27},"end":{"line":47,"column":null}},"15":{"start":{"line":49,"column":8},"end":{"line":52,"column":null}},"16":{"start":{"line":50,"column":10},"end":{"line":50,"column":null}},"17":{"start":{"line":51,"column":10},"end":{"line":51,"column":null}},"18":{"start":{"line":55,"column":28},"end":{"line":58,"column":null}},"19":{"start":{"line":60,"column":8},"end":{"line":63,"column":null}},"20":{"start":{"line":61,"column":10},"end":{"line":61,"column":null}},"21":{"start":{"line":62,"column":10},"end":{"line":62,"column":null}},"22":{"start":{"line":65,"column":24},"end":{"line":75,"column":null}},"23":{"start":{"line":78,"column":8},"end":{"line":91,"column":null}},"24":{"start":{"line":80,"column":32},"end":{"line":80,"column":null}},"25":{"start":{"line":81,"column":10},"end":{"line":81,"column":null}},"26":{"start":{"line":83,"column":10},"end":{"line":88,"column":null}},"27":{"start":{"line":90,"column":10},"end":{"line":90,"column":null}},"28":{"start":{"line":93,"column":8},"end":{"line":94,"column":null}},"29":{"start":{"line":97,"column":25},"end":{"line":97,"column":109}},"30":{"start":{"line":98,"column":8},"end":{"line":98,"column":null}},"31":{"start":{"line":99,"column":8},"end":{"line":99,"column":null}},"32":{"start":{"line":103,"column":4},"end":{"line":104,"column":null}},"33":{"start":{"line":107,"column":4},"end":{"line":113,"column":null}},"34":{"start":{"line":115,"column":4},"end":{"line":115,"column":null}},"35":{"start":{"line":116,"column":4},"end":{"line":118,"column":null}}},"fnMap":{"0":{"name":"GET","decl":{"start":{"line":13,"column":22},"end":{"line":13,"column":26}},"loc":{"start":{"line":13,"column":42},"end":{"line":121,"column":null}}}},"branchMap":{"0":{"loc":{"start":{"line":17,"column":4},"end":{"line":19,"column":null}},"type":"if","locations":[{"start":{"line":17,"column":4},"end":{"line":19,"column":null}},{"start":{},"end":{}}]},"1":{"loc":{"start":{"line":49,"column":8},"end":{"line":52,"column":null}},"type":"if","locations":[{"start":{"line":49,"column":8},"end":{"line":52,"column":null}},{"start":{},"end":{}}]},"2":{"loc":{"start":{"line":60,"column":8},"end":{"line":63,"column":null}},"type":"if","locations":[{"start":{"line":60,"column":8},"end":{"line":63,"column":null}},{"start":{},"end":{}}]},"3":{"loc":{"start":{"line":70,"column":23},"end":{"line":70,"column":null}},"type":"binary-expr","locations":[{"start":{"line":70,"column":23},"end":{"line":70,"column":43}},{"start":{"line":70,"column":47},"end":{"line":70,"column":null}}]},"4":{"loc":{"start":{"line":71,"column":23},"end":{"line":71,"column":null}},"type":"binary-expr","locations":[{"start":{"line":71,"column":23},"end":{"line":71,"column":43}},{"start":{"line":71,"column":47},"end":{"line":71,"column":null}}]},"5":{"loc":{"start":{"line":72,"column":21},"end":{"line":72,"column":null}},"type":"binary-expr","locations":[{"start":{"line":72,"column":21},"end":{"line":72,"column":39}},{"start":{"line":72,"column":43},"end":{"line":72,"column":null}}]},"6":{"loc":{"start":{"line":73,"column":29},"end":{"line":73,"column":null}},"type":"binary-expr","locations":[{"start":{"line":73,"column":29},"end":{"line":73,"column":55}},{"start":{"line":73,"column":59},"end":{"line":73,"column":null}}]},"7":{"loc":{"start":{"line":78,"column":8},"end":{"line":91,"column":null}},"type":"if","locations":[{"start":{"line":78,"column":8},"end":{"line":91,"column":null}},{"start":{},"end":{}}]},"8":{"loc":{"start":{"line":97,"column":51},"end":{"line":97,"column":109}},"type":"cond-expr","locations":[{"start":{"line":97,"column":76},"end":{"line":97,"column":89}},{"start":{"line":97,"column":92},"end":{"line":97,"column":109}}]},"9":{"loc":{"start":{"line":112,"column":14},"end":{"line":112,"column":null}},"type":"cond-expr","locations":[{"start":{"line":112,"column":34},"end":{"line":112,"column":43}},{"start":{"line":112,"column":43},"end":{"line":112,"column":null}}]}},"s":{"0":0,"1":0,"2":0,"3":0,"4":0,"5":0,"6":0,"7":0,"8":0,"9":0,"10":0,"11":0,"12":0,"13":0,"14":0,"15":0,"16":0,"17":0,"18":0,"19":0,"20":0,"21":0,"22":0,"23":0,"24":0,"25":0,"26":0,"27":0,"28":0,"29":0,"30":0,"31":0,"32":0,"33":0,"34":0,"35":0},"f":{"0":0},"b":{"0":[0,0],"1":[0,0],"2":[0,0],"3":[0,0],"4":[0,0],"5":[0,0],"6":[0,0],"7":[0,0],"8":[0,0],"9":[0,0]}}
,"/Users/a/dev_local/Konarae_flowcoder/src/app/api/dashboard/stats/route.ts": {"path":"/Users/a/dev_local/Konarae_flowcoder/src/app/api/dashboard/stats/route.ts","statementMap":{"0":{"start":{"line":10,"column":22},"end":{"line":10,"column":null}},"1":{"start":{"line":6,"column":21},"end":{"line":6,"column":null}},"2":{"start":{"line":7,"column":23},"end":{"line":7,"column":null}},"3":{"start":{"line":8,"column":29},"end":{"line":8,"column":null}},"4":{"start":{"line":11,"column":2},"end":{"line":172,"column":null}},"5":{"start":{"line":12,"column":20},"end":{"line":12,"column":null}},"6":{"start":{"line":13,"column":4},"end":{"line":15,"column":null}},"7":{"start":{"line":14,"column":6},"end":{"line":14,"column":null}},"8":{"start":{"line":17,"column":19},"end":{"line":17,"column":34}},"9":{"start":{"line":20,"column":26},"end":{"line":23,"column":null}},"10":{"start":{"line":25,"column":23},"end":{"line":25,"column":null}},"11":{"start":{"line":25,"column":49},"end":{"line":25,"column":61}},"12":{"start":{"line":37,"column":8},"end":{"line":121,"column":null}},"13":{"start":{"line":123,"column":4},"end":{"line":165,"column":null}},"14":{"start":{"line":131,"column":45},"end":{"line":138,"column":null}},"15":{"start":{"line":139,"column":39},"end":{"line":146,"column":null}},"16":{"start":{"line":147,"column":51},"end":{"line":153,"column":null}},"17":{"start":{"line":155,"column":55},"end":{"line":164,"column":null}},"18":{"start":{"line":167,"column":4},"end":{"line":167,"column":null}},"19":{"start":{"line":168,"column":4},"end":{"line":170,"column":null}}},"fnMap":{"0":{"name":"GET","decl":{"start":{"line":10,"column":22},"end":{"line":10,"column":null}},"loc":{"start":{"line":10,"column":22},"end":{"line":173,"column":null}}},"1":{"name":"(anonymous_2)","decl":{"start":{"line":25,"column":41},"end":{"line":25,"column":42}},"loc":{"start":{"line":25,"column":49},"end":{"line":25,"column":61}}},"2":{"name":"(anonymous_3)","decl":{"start":{"line":131,"column":37},"end":{"line":131,"column":38}},"loc":{"start":{"line":131,"column":45},"end":{"line":138,"column":null}}},"3":{"name":"(anonymous_4)","decl":{"start":{"line":139,"column":31},"end":{"line":139,"column":32}},"loc":{"start":{"line":139,"column":39},"end":{"line":146,"column":null}}},"4":{"name":"(anonymous_5)","decl":{"start":{"line":147,"column":43},"end":{"line":147,"column":44}},"loc":{"start":{"line":147,"column":51},"end":{"line":153,"column":null}}},"5":{"name":"(anonymous_6)","decl":{"start":{"line":155,"column":47},"end":{"line":155,"column":48}},"loc":{"start":{"line":155,"column":55},"end":{"line":164,"column":null}}}},"branchMap":{"0":{"loc":{"start":{"line":13,"column":4},"end":{"line":15,"column":null}},"type":"if","locations":[{"start":{"line":13,"column":4},"end":{"line":15,"column":null}},{"start":{},"end":{}}]},"1":{"loc":{"start":{"line":149,"column":21},"end":{"line":149,"column":null}},"type":"binary-expr","locations":[{"start":{"line":149,"column":21},"end":{"line":149,"column":46}},{"start":{"line":149,"column":46},"end":{"line":149,"column":null}}]}},"s":{"0":0,"1":0,"2":0,"3":0,"4":0,"5":0,"6":0,"7":0,"8":0,"9":0,"10":0,"11":0,"12":0,"13":0,"14":0,"15":0,"16":0,"17":0,"18":0,"19":0},"f":{"0":0,"1":0,"2":0,"3":0,"4":0,"5":0},"b":{"0":[0,0],"1":[0,0]}}
,"/Users/a/dev_local/Konarae_flowcoder/src/app/api/evaluations/route.ts": {"path":"/Users/a/dev_local/Konarae_flowcoder/src/app/api/evaluations/route.ts","statementMap":{"0":{"start":{"line":19,"column":22},"end":{"line":19,"column":26}},"1":{"start":{"line":72,"column":22},"end":{"line":72,"column":27}},"2":{"start":{"line":7,"column":42},"end":{"line":7,"column":null}},"3":{"start":{"line":8,"column":21},"end":{"line":8,"column":null}},"4":{"start":{"line":9,"column":23},"end":{"line":9,"column":null}},"5":{"start":{"line":10,"column":37},"end":{"line":10,"column":null}},"6":{"start":{"line":11,"column":51},"end":{"line":11,"column":null}},"7":{"start":{"line":12,"column":18},"end":{"line":12,"column":null}},"8":{"start":{"line":14,"column":31},"end":{"line":17,"column":null}},"9":{"start":{"line":20,"column":2},"end":{"line":69,"column":null}},"10":{"start":{"line":21,"column":20},"end":{"line":21,"column":null}},"11":{"start":{"line":22,"column":4},"end":{"line":24,"column":null}},"12":{"start":{"line":23,"column":6},"end":{"line":23,"column":null}},"13":{"start":{"line":26,"column":29},"end":{"line":26,"column":null}},"14":{"start":{"line":27,"column":27},"end":{"line":27,"column":null}},"15":{"start":{"line":30,"column":23},"end":{"line":32,"column":null}},"16":{"start":{"line":34,"column":4},"end":{"line":36,"column":null}},"17":{"start":{"line":35,"column":6},"end":{"line":35,"column":null}},"18":{"start":{"line":38,"column":24},"end":{"line":60,"column":null}},"19":{"start":{"line":62,"column":4},"end":{"line":62,"column":null}},"20":{"start":{"line":64,"column":4},"end":{"line":64,"column":null}},"21":{"start":{"line":65,"column":4},"end":{"line":67,"column":null}},"22":{"start":{"line":73,"column":2},"end":{"line":149,"column":null}},"23":{"start":{"line":74,"column":20},"end":{"line":74,"column":null}},"24":{"start":{"line":75,"column":4},"end":{"line":77,"column":null}},"25":{"start":{"line":76,"column":6},"end":{"line":76,"column":null}},"26":{"start":{"line":79,"column":17},"end":{"line":79,"column":null}},"27":{"start":{"line":80,"column":26},"end":{"line":80,"column":null}},"28":{"start":{"line":83,"column":25},"end":{"line":88,"column":null}},"29":{"start":{"line":90,"column":4},"end":{"line":95,"column":null}},"30":{"start":{"line":91,"column":6},"end":{"line":93,"column":null}},"31":{"start":{"line":98,"column":19},"end":{"line":98,"column":41}},"32":{"start":{"line":99,"column":4},"end":{"line":101,"column":null}},"33":{"start":{"line":100,"column":6},"end":{"line":100,"column":null}},"34":{"start":{"line":103,"column":4},"end":{"line":111,"column":null}},"35":{"start":{"line":104,"column":6},"end":{"line":109,"column":null}},"36":{"start":{"line":114,"column":23},"end":{"line":121,"column":null}},"37":{"start":{"line":124,"column":4},"end":{"line":129,"column":null}},"38":{"start":{"line":128,"column":6},"end":{"line":128,"column":null}},"39":{"start":{"line":131,"column":4},"end":{"line":135,"column":null}},"40":{"start":{"line":137,"column":4},"end":{"line":142,"column":null}},"41":{"start":{"line":138,"column":6},"end":{"line":140,"column":null}},"42":{"start":{"line":144,"column":4},"end":{"line":144,"column":null}},"43":{"start":{"line":145,"column":4},"end":{"line":147,"column":null}},"44":{"start":{"line":159,"column":2},"end":{"line":203,"column":null}
[...]
ine":103,"column":null}},"8":{"start":{"line":54,"column":22},"end":{"line":54,"column":null}},"9":{"start":{"line":6,"column":23},"end":{"line":6,"column":null}},"10":{"start":{"line":9,"column":27},"end":{"line":25,"column":null}},"11":{"start":{"line":40,"column":2},"end":{"line":48,"column":null}},"12":{"start":{"line":61,"column":2},"end":{"line":69,"column":null}},"13":{"start":{"line":81,"column":22},"end":{"line":81,"column":44}},"14":{"start":{"line":82,"column":21},"end":{"line":82,"column":56}},"15":{"start":{"line":83,"column":27},"end":{"line":83,"column":null}},"16":{"start":{"line":85,"column":16},"end":{"line":95,"column":null}},"17":{"start":{"line":97,"column":2},"end":{"line":97,"column":null}},"18":{"start":{"line":108,"column":21},"end":{"line":112,"column":null}},"19":{"start":{"line":114,"column":2},"end":{"line":119,"column":null}},"20":{"start":{"line":115,"column":24},"end":{"line":115,"column":46}},"21":{"start":{"line":116,"column":23},"end":{"line":116,"column":50}},"22":{"start":{"line":117,"column":29},"end":{"line":117,"column":null}},"23":{"start":{"line":118,"column":4},"end":{"line":118,"column":null}},"24":{"start":{"line":121,"column":2},"end":{"line":127,"column":null}},"25":{"start":{"line":138,"column":16},"end":{"line":148,"column":null}},"26":{"start":{"line":150,"column":2},"end":{"line":150,"column":null}},"27":{"start":{"line":157,"column":2},"end":{"line":176,"column":null}},"28":{"start":{"line":158,"column":4},"end":{"line":175,"column":null}},"29":{"start":{"line":159,"column":6},"end":{"line":174,"column":null}},"30":{"start":{"line":187,"column":2},"end":{"line":187,"column":null}},"31":{"start":{"line":198,"column":2},"end":{"line":198,"column":null}}},"fnMap":{"0":{"name":"grant","decl":{"start":{"line":33,"column":22},"end":{"line":33,"column":null}},"loc":{"start":{"line":38,"column":19},"end":{"line":49,"column":null}}},"1":{"name":"revoke","decl":{"start":{"line":54,"column":22},"end":{"line":54,"column":null}},"loc":{"start":{"line":59,"column":19},"end":{"line":70,"column":null}}},"2":{"name":"check","decl":{"start":{"line":75,"column":22},"end":{"line":75,"column":null}},"loc":{"start":{"line":79,"column":31},"end":{"line":98,"column":null}}},"3":{"name":"list","decl":{"start":{"line":103,"column":22},"end":{"line":103,"column":null}},"loc":{"start":{"line":106,"column":24},"end":{"line":128,"column":null}}},"4":{"name":"getRole","decl":{"start":{"line":133,"column":22},"end":{"line":133,"column":null}},"loc":{"start":{"line":136,"column":18},"end":{"line":151,"column":null}}},"5":{"name":"initializePermissions","decl":{"start":{"line":156,"column":22},"end":{"line":156,"column":null}},"loc":{"start":{"line":156,"column":22},"end":{"line":177,"column":null}}},"6":{"name":"checkCompanyPermission","decl":{"start":{"line":182,"column":22},"end":{"line":182,"column":null}},"loc":{"start":{"line":185,"column":55},"end":{"line":188,"column":null}}},"7":{"name":"checkBusinessPlanPermission","decl":{"start":{"line":193,"column":22},"end":{"line":193,"column":null}},"loc":{"start":{"line":196,"column":45},"end":{"line":199,"column":null}}}},"branchMap":{"0":{"loc":{"start":{"line":82,"column":21},"end":{"line":82,"column":56}},"type":"binary-expr","locations":[{"start":{"line":82,"column":21},"end":{"line":82,"column":50}},{"start":{"line":82,"column":54},"end":{"line":82,"column":56}}]},"1":{"loc":{"start":{"line":114,"column":2},"end":{"line":119,"column":null}},"type":"if","locations":[{"start":{"line":114,"column":2},"end":{"line":119,"column":null}},{"start":{},"end":{}}]},"2":{"loc":{"start":{"line":116,"column":23},"end":{"line":116,"column":50}},"type":"binary-expr","locations":[{"start":{"line":116,"column":23},"end":{"line":116,"column":44}},{"start":{"line":116,"column":48},"end":{"line":116,"column":50}}]},"3":{"loc":{"start":{"line":150,"column":9},"end":{"line":150,"column":null}},"type":"binary-expr","locations":[{"start":{"line":150,"column":9},"end":{"line":150,"column":28}},{"start":{"line":150,"column":28},"end":{"line":150,"column":null}}]}},"s":{"0":0,"1":0,"2":0,"3":0,"4":0,"5":0,"6":0,"7":0,"8":0,"9":0,"10":0,"11":0,"12":0,"13":0,"14":0,"15":0,"16":0,"17":0,"18":0,"19":0,"20":0,"21":0,"22":0,"23":0,"24":0,"25":0,"26":0,"27":0,"28":0,"29":0,"30":0,"31":0},"f":{"0":0,"1":0,"2":0,"3":0,"4":0,"5":0,"6":0,"7":0},"b":{"0":[0,0],"1":[0,0],"2":[0,0],"3":[0,0]}}
,"/Users/a/dev_local/Konarae_flowcoder/src/lib/text-config.ts": {"path":"/Users/a/dev_local/Konarae_flowcoder/src/lib/text-config.ts","statementMap":{"0":{"start":{"line":15,"column":13},"end":{"line":15,"column":27}},"1":{"start":{"line":133,"column":13},"end":{"line":133,"column":47}},"2":{"start":{"line":84,"column":13},"end":{"line":84,"column":26}},"3":{"start":{"line":95,"column":13},"end":{"line":95,"column":28}},"4":{"start":{"line":73,"column":13},"end":{"line":73,"column":32}},"5":{"start":{"line":52,"column":13},"end":{"line":52,"column":27}},"6":{"start":{"line":171,"column":16},"end":{"line":171,"column":null}},"7":{"start":{"line":181,"column":16},"end":{"line":181,"column":24}},"8":{"start":{"line":169,"column":13},"end":{"line":169,"column":31}},"9":{"start":{"line":168,"column":13},"end":{"line":168,"column":28}},"10":{"start":{"line":9,"column":23},"end":{"line":9,"column":null}},"11":{"start":{"line":10,"column":21},"end":{"line":10,"column":null}},"12":{"start":{"line":15,"column":27},"end":{"line":47,"column":null}},"13":{"start":{"line":52,"column":27},"end":{"line":68,"column":null}},"14":{"start":{"line":73,"column":32},"end":{"line":79,"column":null}},"15":{"start":{"line":84,"column":26},"end":{"line":90,"column":null}},"16":{"start":{"line":95,"column":28},"end":{"line":120,"column":null}},"17":{"start":{"line":133,"column":47},"end":{"line":163,"column":null}},"18":{"start":{"line":168,"column":28},"end":{"line":168,"column":null}},"19":{"start":{"line":169,"column":31},"end":{"line":169,"column":null}},"20":{"start":{"line":172,"column":2},"end":{"line":172,"column":null}},"21":{"start":{"line":182,"column":2},"end":{"line":182,"column":null}}},"fnMap":{"0":{"name":"getDeploymentEnvName","decl":{"start":{"line":171,"column":16},"end":{"line":171,"column":null}},"loc":{"start":{"line":171,"column":16},"end":{"line":173,"column":null}}},"1":{"name":"getText","decl":{"start":{"line":181,"column":16},"end":{"line":181,"column":24}},"loc":{"start":{"line":181,"column":34},"end":{"line":183,"column":null}}}},"branchMap":{"0":{"loc":{"start":{"line":9,"column":23},"end":{"line":9,"column":null}},"type":"binary-expr","locations":[{"start":{"line":9,"column":23},"end":{"line":9,"column":61}},{"start":{"line":9,"column":65},"end":{"line":9,"column":null}}]},"1":{"loc":{"start":{"line":17,"column":13},"end":{"line":17,"column":null}},"type":"cond-expr","locations":[{"start":{"line":17,"column":28},"end":{"line":17,"column":37}},{"start":{"line":17,"column":37},"end":{"line":17,"column":null}}]},"2":{"loc":{"start":{"line":18,"column":18},"end":{"line":18,"column":null}},"type":"cond-expr","locations":[{"start":{"line":18,"column":33},"end":{"line":18,"column":45}},{"start":{"line":18,"column":45},"end":{"line":18,"column":null}}]},"3":{"loc":{"start":{"line":19,"column":13},"end":{"line":19,"column":null}},"type":"cond-expr","locations":[{"start":{"line":19,"column":28},"end":{"line":19,"column":39}},{"start":{"line":19,"column":39},"end":{"line":19,"column":null}}]},"4":{"loc":{"start":{"line":20,"column":12},"end":{"line":20,"column":null}},"type":"cond-expr","locations":[{"start":{"line":20,"column":27},"end":{"line":20,"column":36}},{"start":{"line":20,"column":36},"end":{"line":20,"column":null}}]},"5":{"loc":{"start":{"line":21,"column":13},"end":{"line":21,"column":null}},"type":"cond-expr","locations":[{"start":{"line":21,"column":28},"end":{"line":21,"column":41}},{"start":{"line":21,"column":41},"end":{"line":21,"column":null}}]},"6":{"loc":{"start":{"line":22,"column":10},"end":{"line":22,"column":null}},"type":"cond-expr","locations":[{"start":{"line":22,"column":25},"end":{"line":22,"column":37}},{"start":{"line":22,"column":37},"end":{"line":22,"column":null}}]},"7":{"loc":{"start":{"line":23,"column":14},"end":{"line":23,"column":null}},"type":"cond-expr","locations":[{"start":{"line":23,"column":29},"end":{"line":23,"column":38}},{"start":{"line":23,"column":38},"end":{"line":23,"column":null}}]},"8":{"loc":{"start":{"line":26,"column":8},"end":{"line":26,"column":null}},"type":"cond-expr","locations":[{"start":{"line":26,"column":23},"end":{"line":26,"column":32}},{"start":{"line":26,"column":32},"end":{"line":26,"column":null}}]},"9":{"loc":{"start":{"line":27,"column":10},"end":{"line":27,"column":null}},"type":"cond-expr","locations":[{"start":{"line":27,"column":25},"end":{"line":27,"column":34}},{"start":{"line":27,"column":34},"end":{"line":27,"column":null}}]},"10":{"loc":{"start":{"line":28,"column":11},"end":{"line":28,"column":null}},"type":"cond-expr","locations":[{"start":{"line":28,"column":26},"end":{"line":28,"column":35}},{"start":{"line":28,"column":35},"end":{"line":28,"column":null}}]},"11":{"loc":{"start":{"line":29,"column":9},"end":{"line":29,"column":null}},"type":"cond-expr","locations":[{"start":{"line":29,"column":24},"end":{"line":29,"column":31}},{"start":{"line":29,"column":31},"end":{"line":29,"column":null}}]},"12":{"loc":{"start":{"line":30,"column":8},"end":{"line":30,"column":null}},"type":"cond-expr","locations":[{"start":{"line":30,"column":23},"end":{"line":30,"column":32}},{"start":{"line":30,"column":32},"end":{"line":30,"column":null}}]},"13":{"loc":{"start":{"line":31,"column":8},"end":{"line":31,"column":null}},"type":"cond-expr","locations":[{"start":{"line":31,"column":23},"end":{"line":31,"column":30}},{"start":{"line":31,"column":30},"end":{"line":31,"column":null}}]},"14":{"loc":{"start":{"line":32,"column":10},"end":{"line":32,"column":null}},"type":"cond-expr","locations":[{"start":{"line":32,"column":25},"end":{"line":32,"column":34}},{"start":{"line":32,"column":34},"end":{"line":32,"column":null}}]},"15":{"loc":{"start":{"line":33,"column":10},"end":{"line":33,"column":null}},"type":"cond-expr","locations":[{"start":{"line":33,"column":25},"end":{"line":33,"column":34}},{"start":{"line":33,"column":34},"end":{"line":33,"column":null}}]},"16":{"loc":{"start":{"line":34,"column":8},"end":{"line":34,"column":null}},"type":"cond-expr","locations":[{"start":{"line":34,"column":23},"end":{"line":34,"column":32}},{"start":{"line":34,"column":32},"end":{"line":34,"column":null}}]},"17":{"loc":{"start":{"line":35,"column":10},"end":{"line":35,"column":null}},"type":"cond-expr","locations":[{"start":{"line":35,"column":25},"end":{"line":35,"column":34}},{"start":{"line":35,"column":34},"end":{"line":35,"column":null}}]},"18":{"loc":{"start":{"line":38,"column":9},"end":{"line":38,"column":null}},"type":"cond-expr","locations":[{"start":{"line":38,"column":24},"end":{"line":38,"column":34}},{"start":{"line":38,"column":34},"end":{"line":38,"column":null}}]},"19":{"loc":{"start":{"line":39,"column":10},"end":{"line":39,"column":null}},"type":"cond-expr","locations":[{"start":{"line":39,"column":25},"end":{"line":39,"column":36}},{"start":{"line":39,"column":36},"end":{"line":39,"column":null}}]},"20":{"loc":{"start":{"line":40,"column":10},"end":{"line":40,"column":null}},"type":"cond-expr","locations":[{"start":{"line":40,"column":25},"end":{"line":40,"column":34}},{"start":{"line":40,"column":34},"end":{"line":40,"column":null}}]},"21":{"loc":{"start":{"line":54,"column":11},"end":{"line":54,"column":null}},"type":"cond-expr","locations":[{"start":{"line":54,"column":26},"end":{"line":54,"column":39}},{"start":{"line":54,"column":39},"end":{"line":54,"column":null}}]},"22":{"loc":{"start":{"line":55,"column":11},"end":{"line":55,"column":null}},"type":"cond-expr","locations":[{"start":{"line":55,"column":26},"end":{"line":55,"column":39}},{"start":{"line":55,"column":39},"end":{"line":55,"column":null}}]},"23":{"loc":{"start":{"line":56,"column":14},"end":{"line":56,"column":null}},"type":"cond-expr","locations":[{"start":{"line":56,"column":29},"end":{"line":56,"column":42}},{"start":{"line":56,"column":42},"end":{"line":56,"column":null}}]},"24":{"loc":{"start":{"line":57,"column":10},"end":{"line":57,"column":null}},"type":"cond-expr","locations":[{"start":{"line":57,"column":25},"end":{"line":57,"column":38}},{"start":{"line":57,"column":38},"end":{"line":57,"column":null}}]},"25":{"loc":{"start":{"line":60,"column":13},"end":{"line":60,"column":null}},"type":"cond-expr","locations":[{"start":{"line":60,"column":28},"end":{"line":60,"column":38}},{"start":{"line":60,"column":38},"end":{"line":60,"column":null}}]},"26":{"loc":{"start":{"line":61,"column":8},"end":{"line":61,"column":null}},"type":"cond-expr","locations":[{"start":{"line":61,"column":23},"end":{"line":61,"column":33}},{"start":{"line":61,"column":33},"end":{"line":61,"column":null}}]},"27":{"loc":{"start":{"line":62,"column":9},"end":{"line":62,"column":null}},"type":"cond-expr","locations":[{"start":{"line":62,"column":24},"end":{"line":62,"column":34}},{"start":{"line":62,"column":34},"end":{"line":62,"column":null}}]},"28":{"loc":{"start":{"line":63,"column":11},"end":{"line":63,"column":null}},"type":"cond-expr","locations":[{"start":{"line":63,"column":26},"end":{"line":63,"column":36}},{"start":{"line":63,"column":36},"end":{"line":63,"column":null}}]},"29":{"loc":{"start":{"line":66,"column":10},"end":{"line":66,"column":null}},"type":"cond-expr","locations":[{"start":{"line":66,"column":25},"end":{"line":66,"column":35}},{"start":{"line":66,"column":35},"end":{"line":66,"column":null}}]},"30":{"loc":{"start":{"line":67,"column":9},"end":{"line":67,"column":null}},"type":"cond-expr","locations":[{"start":{"line":67,"column":24},"end":{"line":67,"column":38}},{"start":{"line":67,"column":38},"end":{"line":67,"column":null}}]},"31":{"loc":{"start":{"line":74,"column":9},"end":{"line":74,"column":null}},"type":"cond-expr","locations":[{"start":{"line":74,"column":24},"end":{"line":74,"column":40}},{"start":{"line":74,"column":40},"end":{"line":74,"column":null}}]},"32":{"loc":{"start":{"line":75,"column":12},"end":{"line":75,"column":null}},"type":"cond-expr","locations":[{"start":{"line":75,"column":27},"end":{"line":75,"column":44}},{"start":{"line":75,"column":44},"end":{"line":75,"column":null}}]},"33":{"loc":{"start":{"line":76,"column":8},"end":{"line":76,"column":null}},"type":"cond-expr","locations":[{"start":{"line":76,"column":23},"end":{"line":76,"column":38}},{"start":{"line":76,"column":38},"end":{"line":76,"column":null}}]},"34":{"loc":{"start":{"line":77,"column":10},"end":{"line":77,"column":null}},"type":"cond-expr","locations":[{"start":{"line":77,"column":25},"end":{"line":77,"column":41}},{"start":{"line":77,"column":41},"end":{"line":77,"column":null}}]},"35":{"loc":{"start":{"line":78,"column":11},"end":{"line":78,"column":null}},"type":"cond-expr","locations":[{"start":{"line":78,"column":26},"end":{"line":78,"column":42}},{"start":{"line":78,"column":42},"end":{"line":78,"column":null}}]},"36":{"loc":{"start":{"line":98,"column":11},"end":{"line":98,"column":null}},"type":"cond-expr","locations":[{"start":{"line":98,"column":26},"end":{"line":98,"column":37}},{"start":{"line":98,"column":37},"end":{"line":98,"column":null}}]},"37":{"loc":{"start":{"line":99,"column":13},"end":{"line":99,"column":null}},"type":"cond-expr","locations":[{"start":{"line":99,"column":28},"end":{"line":99,"column":39}},{"start":{"line":99,"column":39},"end":{"line":99,"column":null}}]},"38":{"loc":{"start":{"line":100,"column":13},"end":{"line":100,"column":null}},"type":"cond-expr","locations":[{"start":{"line":100,"column":28},"end":{"line":100,"column":39}},{"start":{"line":100,"column":39},"end":{"line":100,"column":null}}]},"39":{"loc":{"start":{"line":105,"column":19},"end":{"line":105,"column":null}},"type":"cond-expr","locations":[{"start":{"line":105,"column":34},"end":{"line":105,"column":48}},{"start":{"line":105,"column":48},"end":{"line":105,"column":null}}]},"40":{"loc":{"start":{"line":106,"column":20},"end":{"line":106,"column":null}},"type":"cond-expr","locations":[{"start":{"line":106,"column":35},"end":{"line":106,"column":57}},{"start":{"line":106,"column":57},"end":{"line":106,"column":null}}]},"41":{"loc":{"start":{"line":111,"column":14},"end":{"line":111,"column":null}},"type":"cond-expr","locations":[{"start":{"line":111,"column":29},"end":{"line":111,"column":42}},{"start":{"line":111,"column":42},"end":{"line":111,"column":null}}]},"42":{"loc":{"start":{"line":112,"column":14},"end":{"line":112,"column":null}},"type":"cond-expr","locations":[{"start":{"line":112,"column":29},"end":{"line":112,"column":42}},{"start":{"line":112,"column":42},"end":{"line":112,"column":null}}]},"43":{"loc":{"start":{"line":117,"column":12},"end":{"line":117,"column":null}},"type":"cond-expr","locations":[{"start":{"line":117,"column":27},"end":{"line":117,"column":40}},{"start":{"line":117,"column":40},"end":{"line":117,"column":null}}]},"44":{"loc":{"start":{"line":118,"column":11},"end":{"line":118,"column":null}},"type":"cond-expr","locations":[{"start":{"line":118,"column":26},"end":{"line":118,"column":36}},{"start":{"line":118,"column":36},"end":{"line":118,"column":null}}]},"45":{"loc":{"start":{"line":135,"column":26},"end":{"line":135,"column":null}},"type":"cond-expr","locations":[{"start":{"line":135,"column":41},"end":{"line":135,"column":51}},{"start":{"line":135,"column":51},"end":{"line":135,"column":null}}]},"46":{"loc":{"start":{"line":136,"column":29},"end":{"line":136,"column":null}},"type":"cond-expr","locations":[{"start":{"line":136,"column":44},"end":{"line":136,"column":61}},{"start":{"line":136,"column":61},"end":{"line":136,"column":null}}]},"47":{"loc":{"start":{"line":159,"column":28},"end":{"line":159,"column":null}},"type":"cond-expr","locations":[{"start":{"line":159,"column":43},"end":{"line":159,"column":54}},{"start":{"line":159,"column":54},"end":{"line":159,"column":null}}]},"48":{"loc":{"start":{"line":172,"column":9},"end":{"line":172,"column":null}},"type":"cond-expr","locations":[{"start":{"line":172,"column":24},"end":{"line":172,"column":33}},{"start":{"line":172,"column":33},"end":{"line":172,"column":null}}]},"49":{"loc":{"start":{"line":182,"column":9},"end":{"line":182,"column":null}},"type":"binary-expr","locations":[{"start":{"line":182,"column":9},"end":{"line":182,"column":20}},{"start":{"line":182,"column":24},"end":{"line":182,"column":null}}]}},"s":{"0":0,"1":0,"2":0,"3":0,"4":0,"5":0,"6":0,"7":0,"8":0,"9":0,"10":0,"11":0,"12":0,"13":0,"14":0,"15":0,"16":0,"17":0,"18":0,"19":0,"20":0,"21":0},"f":{"0":0,"1":0},"b":{"0":[0,0],"1":[0,0],"2":[0,0],"3":[0,0],"4":[0,0],"5":[0,0],"6":[0,0],"7":[0,0],"8":[0,0],"9":[0,0],"10":[0,0],"11":[0,0],"12":[0,0],"13":[0,0],"14":[0,0],"15":[0,0],"16":[0,0],"17":[0,0],"18":[0,0],"19":[0,0],"20":[0,0],"21":[0,0],"22":[0,0],"23":[0,0],"24":[0,0],"25":[0,0],"26":[0,0],"27":[0,0],"28":[0,0],"29":[0,0],"30":[0,0],"31":[0,0],"32":[0,0],"33":[0,0],"34":[0,0],"35":[0,0],"36":[0,0],"37":[0,0],"38":[0,0],"39":[0,0],"40":[0,0],"41":[0,0],"42":[0,0],"43":[0,0],"44":[0,0],"45":[0,0],"46":[0,0],"47":[0,0],"48":[0,0],"49":[0,0]}}
,"/Users/a/dev_local/Konarae_flowcoder/src/lib/utils.ts": {"path":"/Users/a/dev_local/Konarae_flowcoder/src/lib/utils.ts","statementMap":{"0":{"start":{"line":11,"column":16},"end":{"line":11,"column":19}},"1":{"start":{"line":1,"column":38},"end":{"line":1,"column":null}},"2":{"start":{"line":2,"column":24},"end":{"line":2,"column":null}},"3":{"start":{"line":12,"column":2},"end":{"line":12,"column":null}}},"fnMap":{"0":{"name":"cn","decl":{"start":{"line":11,"column":16},"end":{"line":11,"column":19}},"loc":{"start":{"line":11,"column":42},"end":{"line":13,"column":null}}}},"branchMap":{},"s":{"0":0,"1":0,"2":0,"3":0},"f":{"0":0},"b":{}}
}
