TN:
SF:src/middleware.ts
FN:4,(anonymous_3)
FN:10,(anonymous_4)
FNF:2
FNH:0
FNDA:0,(anonymous_3)
FNDA:0,(anonymous_4)
DA:1,0
DA:2,0
DA:4,0
DA:5,0
DA:6,0
DA:9,0
DA:10,0
DA:13,0
DA:14,0
DA:18,0
DA:19,0
DA:20,0
DA:21,0
DA:24,0
DA:27,0
LF:15
LH:0
BRDA:13,0,0,0
BRDA:13,0,1,0
BRDA:13,1,0,0
BRDA:13,1,1,0
BRDA:13,1,2,0
BRDA:18,2,0,0
BRDA:18,2,1,0
BRDA:18,3,0,0
BRDA:18,3,1,0
BRF:9
BRH:0
end_of_record
TN:
SF:src/app/layout.tsx
FN:13,RootLayout
FNF:1
FNH:0
FNDA:0,RootLayout
DA:2,0
DA:3,0
DA:4,0
DA:6,0
DA:8,0
DA:13,0
LF:6
LH:0
BRF:0
BRH:0
end_of_record
TN:
SF:src/app/page.tsx
FN:6,HomePage
FNF:1
FNH:0
FNDA:0,HomePage
DA:1,0
DA:2,0
DA:3,0
DA:4,0
DA:6,0
DA:7,0
DA:9,0
DA:10,0
LF:8
LH:0
BRDA:9,0,0,0
BRDA:9,0,1,0
BRF:2
BRH:0
end_of_record
TN:
SF:src/app/providers.tsx
FN:8,Providers
FN:10,(anonymous_2)
FNF:2
FNH:0
FNDA:0,Providers
FNDA:0,(anonymous_2)
DA:3,0
DA:4,0
DA:5,0
DA:6,0
DA:8,0
DA:9,0
DA:11,0
LF:7
LH:0
BRF:0
BRH:0
end_of_record
TN:
SF:src/app/api/auth/[...nextauth]/route.ts
FNF:0
FNH:0
DA:1,0
DA:3,0
LF:2
LH:0
BRF:0
BRH:0
end_of_record
TN:
SF:src/app/api/business-plans/route.ts
FN:21,GET
FN:82,POST
FN:93,(anonymous_5)
FNF:3
FNH:0
FNDA:0,GET
FNDA:0,POST
FNDA:0,(anonymous_5)
DA:7,0
DA:8,0
DA:9,0
DA:10,0
DA:11,0
DA:13,0
DA:21,0
DA:22,0
DA:23,0
DA:24,0
DA:25,0
DA:28,0
DA:29,0
DA:30,0
DA:33,0
DA:38,0
DA:39,0
DA:42,0
DA:43,0
DA:46,0
DA:72,0
DA:74,0
DA:75,0
DA:82,0
DA:83,0
DA:84,0
DA:85,0
DA:86,0
DA:89,0
DA:90,0
DA:93,0
DA:94,0
DA:107,0
DA:109,0
DA:112,0
DA:117,0
DA:118,0
DA:124,0
DA:125,0
LF:39
LH:0
BRDA:24,0,0,0
BRDA:24,0,1,0
BRDA:38,1,0,0
BRDA:38,1,1,0
BRDA:42,2,0,0
BRDA:42,2,1,0
BRDA:85,3,0,0
BRDA:85,3,1,0
BRDA:117,4,0,0
BRDA:117,4,1,0
BRF:10
BRH:0
end_of_record
TN:
SF:src/app/api/business-plans/[id]/route.ts
FN:23,GET
FN:79,PATCH
FN:131,DELETE
FNF:3
FNH:0
FNDA:0,GET
FNDA:0,PATCH
FNDA:0,DELETE
DA:8,0
DA:9,0
DA:10,0
DA:11,0
DA:12,0
DA:14,0
DA:23,0
DA:27,0
DA:28,0
DA:29,0
DA:30,0
DA:33,0
DA:36,0
DA:43,0
DA:44,0
DA:47,0
DA:62,0
DA:63,0
DA:69,0
DA:71,0
DA:72,0
DA:79,0
DA:83,0
DA:84,0
DA:85,0
DA:86,0
DA:89,0
DA:92,0
DA:99,0
DA:100,0
DA:103,0
DA:104,0
DA:106,0
DA:111,0
DA:116,0
DA:117,0
DA:123,0
DA:124,0
DA:131,0
DA:135,0
DA:136,0
DA:137,0
DA:138,0
DA:141,0
DA:144,0
DA:151,0
DA:152,0
DA:156,0
DA:161,0
DA:166,0
DA:167,0
LF:51
LH:0
BRDA:29,0,0,0
BRDA:29,0,1,0
BRDA:43,1,0,0
BRDA:43,1,1,0
BRDA:62,2,0,0
BRDA:62,2,1,0
BRDA:85,3,0,0
BRDA:85,3,1,0
BRDA:99,4,0,0
BRDA:99,4,1,0
BRDA:116,5,0,0
BRDA:116,5,1,0
BRDA:137,6,0,0
BRDA:137,6,1,0
BRDA:151,7,0,0
BRDA:151,7,1,0
BRF:16
BRH:0
end_of_record
TN:
SF:src/app/api/business-plans/[id]/export/route.ts
FN:17,POST
FN:69,(anonymous_2)
FN:122,getMimeType
FNF:3
FNH:0
FNDA:0,POST
FNDA:0,(anonymous_2)
FNDA:0,getMimeType
DA:6,0
DA:7,0
DA:8,0
DA:9,0
DA:10,0
DA:11,0
DA:13,0
DA:17,0
DA:21,0
DA:22,0
DA:23,0
DA:24,0
DA:27,0
DA:30,0
DA:37,0
DA:38,0
DA:41,0
DA:42,0
DA:45,0
DA:56,0
DA:57,0
DA:64,0
DA:69,0
DA:79,0
DA:84,0
DA:85,0
DA:92,0
DA:95,0
DA:104,0
DA:105,0
DA:111,0
DA:112,0
DA:123,0
DA:125,0
DA:127,0
DA:129,0
DA:131,0
LF:37
LH:0
BRDA:23,0,0,0
BRDA:23,0,1,0
BRDA:37,1,0,0
BRDA:37,1,1,0
BRDA:56,2,0,0
BRDA:56,2,1,0
BRDA:71,3,0,0
BRDA:71,3,1,0
BRDA:75,4,0,0
BRDA:75,4,1,0
BRDA:75,4,2,0
BRDA:84,5,0,0
BRDA:84,5,1,0
BRDA:84,6,0,0
BRDA:84,6,1,0
BRDA:86,7,0,0
BRDA:86,7,1,0
BRDA:104,8,0,0
BRDA:104,8,1,0
BRDA:123,9,0,0
BRDA:123,9,1,0
BRDA:123,9,2,0
BRDA:123,9,3,0
BRF:23
BRH:0
end_of_record
TN:
SF:src/app/api/business-plans/[id]/generate/route.ts
FN:21,POST
FN:85,(anonymous_2)
FNF:2
FNH:0
FNDA:0,POST
FNDA:0,(anonymous_2)
DA:6,0
DA:7,0
DA:8,0
DA:9,0
DA:13,0
DA:14,0
DA:16,0
DA:21,0
DA:25,0
DA:26,0
DA:27,0
DA:28,0
DA:31,0
DA:34,0
DA:41,0
DA:42,0
DA:45,0
DA:46,0
DA:48,0
DA:52,0
DA:53,0
DA:59,0
DA:61,0
DA:62,0
DA:71,0
DA:79,0
DA:84,0
DA:85,0
DA:95,0
DA:100,0
DA:107,0
DA:108,0
DA:114,0
DA:120,0
DA:131,0
DA:138,0
DA:139,0
DA:145,0
DA:146,0
LF:39
LH:0
BRDA:27,0,0,0
BRDA:27,0,1,0
BRDA:41,1,0,0
BRDA:41,1,1,0
BRDA:52,2,0,0
BRDA:52,2,1,0
BRDA:59,3,0,0
BRDA:59,3,1,0
BRDA:61,4,0,0
BRDA:61,4,1,0
BRDA:61,5,0,0
BRDA:61,5,1,0
BRDA:75,6,0,0
BRDA:75,6,1,0
BRDA:107,7,0,0
BRDA:107,7,1,0
BRDA:138,8,0,0
BRDA:138,8,1,0
BRF:18
BRH:0
end_of_record
TN:
SF:src/app/api/business-plans/[id]/sections/[sectionIndex]/route.ts
FN:16,PATCH
FNF:1
FNH:0
FNDA:0,PATCH
DA:6,0
DA:7,0
DA:8,0
DA:9,0
DA:10,0
DA:12,0
DA:16,0
DA:20,0
DA:21,0
DA:22,0
DA:23,0
DA:26,0
DA:27,0
DA:29,0
DA:30,0
DA:37,0
DA:44,0
DA:45,0
DA:48,0
DA:49,0
DA:52,0
DA:63,0
DA:64,0
DA:70,0
DA:75,0
DA:76,0
DA:82,0
DA:83,0
LF:28
LH:0
BRDA:22,0,0,0
BRDA:22,0,1,0
BRDA:29,1,0,0
BRDA:29,1,1,0
BRDA:44,2,0,0
BRDA:44,2,1,0
BRDA:63,3,0,0
BRDA:63,3,1,0
BRDA:75,4,0,0
BRDA:75,4,1,0
BRF:10
BRH:0
end_of_record
TN:
SF:src/app/api/business-plans/[id]/share/route.ts
FN:16,POST
FN:44,(anonymous_5)
FNF:2
FNH:0
FNDA:0,POST
FNDA:0,(anonymous_5)
DA:6,0
DA:7,0
DA:8,0
DA:9,0
DA:11,0
DA:16,0
DA:20,0
DA:21,0
DA:22,0
DA:23,0
DA:26,0
DA:29,0
DA:36,0
DA:37,0
DA:40,0
DA:41,0
DA:44,0
DA:45,0
DA:49,0
DA:50,0
DA:57,0
DA:65,0
DA:70,0
DA:71,0
DA:77,0
DA:78,0
LF:26
LH:0
BRDA:22,0,0,0
BRDA:22,0,1,0
BRDA:36,1,0,0
BRDA:36,1,1,0
BRDA:49,2,0,0
BRDA:49,2,1,0
BRDA:70,3,0,0
BRDA:70,3,1,0
BRF:8
BRH:0
end_of_record
TN:
SF:src/app/api/companies/route.ts
FN:13,(anonymous_3)
FN:31,GET
FN:69,(anonymous_5)
FN:89,POST
FN:112,(anonymous_7)
FNF:5
FNH:0
FNDA:0,(anonymous_3)
FNDA:0,GET
FNDA:0,(anonymous_5)
FNDA:0,POST
FNDA:0,(anonymous_7)
DA:1,0
DA:2,0
DA:3,0
DA:4,0
DA:5,0
DA:8,0
DA:13,0
DA:31,0
DA:32,0
DA:33,0
DA:34,0
DA:35,0
DA:38,0
DA:69,0
DA:75,0
DA:77,0
DA:78,0
DA:89,0
DA:90,0
DA:91,0
DA:92,0
DA:93,0
DA:96,0
DA:97,0
DA:100,0
DA:104,0
DA:105,0
DA:112,0
DA:113,0
DA:134,0
DA:136,0
DA:139,0
DA:141,0
DA:142,0
DA:148,0
DA:149,0
LF:36
LH:0
BRDA:34,0,0,0
BRDA:34,0,1,0
BRDA:71,1,0,0
BRDA:71,1,1,0
BRDA:92,2,0,0
BRDA:92,2,1,0
BRDA:104,3,0,0
BRDA:104,3,1,0
BRDA:141,4,0,0
BRDA:141,4,1,0
BRF:10
BRH:0
end_of_record
TN:
SF:src/app/api/companies/[id]/route.ts
FN:43,GET
FN:121,PATCH
FN:168,DELETE
FNF:3
FNH:0
FNDA:0,GET
FNDA:0,PATCH
FNDA:0,DELETE
DA:1,0
DA:2,0
DA:3,0
DA:4,0
DA:5,0
DA:7,0
DA:43,0
DA:47,0
DA:48,0
DA:49,0
DA:50,0
DA:53,0
DA:56,0
DA:57,0
DA:58,0
DA:61,0
DA:103,0
DA:104,0
DA:107,0
DA:109,0
DA:110,0
DA:121,0
DA:125,0
DA:126,0
DA:127,0
DA:128,0
DA:131,0
DA:134,0
DA:135,0
DA:136,0
DA:139,0
DA:140,0
DA:142,0
DA:147,0
DA:149,0
DA:150,0
DA:156,0
DA:157,0
DA:168,0
DA:172,0
DA:173,0
DA:174,0
DA:175,0
DA:178,0
DA:181,0
DA:182,0
DA:183,0
DA:187,0
DA:194,0
DA:196,0
DA:197,0
LF:51
LH:0
BRDA:49,0,0,0
BRDA:49,0,1,0
BRDA:57,1,0,0
BRDA:57,1,1,0
BRDA:103,2,0,0
BRDA:103,2,1,0
BRDA:127,3,0,0
BRDA:127,3,1,0
BRDA:135,4,0,0
BRDA:135,4,1,0
BRDA:149,5,0,0
BRDA:149,5,1,0
BRDA:174,6,0,0
BRDA:174,6,1,0
BRDA:182,7,0,0
BRDA:182,7,1,0
BRF:16
BRH:0
end_of_record
TN:
SF:src/app/api/companies/[id]/certifications/route.ts
FN:12,(anonymous_3)
FN:13,(anonymous_4)
FN:22,GET
FN:58,POST
FNF:4
FNH:0
FNDA:0,(anonymous_3)
FNDA:0,(anonymous_4)
FNDA:0,GET
FNDA:0,POST
DA:1,0
DA:2,0
DA:3,0
DA:4,0
DA:5,0
DA:7,0
DA:12,0
DA:13,0
DA:22,0
DA:26,0
DA:27,0
DA:28,0
DA:29,0
DA:32,0
DA:34,0
DA:35,0
DA:36,0
DA:39,0
DA:44,0
DA:46,0
DA:47,0
DA:58,0
DA:62,0
DA:63,0
DA:64,0
DA:65,0
DA:68,0
DA:70,0
DA:71,0
DA:72,0
DA:75,0
DA:76,0
DA:78,0
DA:85,0
DA:87,0
DA:88,0
DA:94,0
DA:95,0
LF:38
LH:0
BRDA:13,0,0,0
BRDA:13,0,1,0
BRDA:28,1,0,0
BRDA:28,1,1,0
BRDA:35,2,0,0
BRDA:35,2,1,0
BRDA:64,3,0,0
BRDA:64,3,1,0
BRDA:71,4,0,0
BRDA:71,4,1,0
BRDA:87,5,0,0
BRDA:87,5,1,0
BRF:12
BRH:0
end_of_record
TN:
SF:src/app/api/companies/[id]/financials/route.ts
FN:17,(anonymous_3)
FN:25,GET
FN:61,POST
FNF:3
FNH:0
FNDA:0,(anonymous_3)
FNDA:0,GET
FNDA:0,POST
DA:1,0
DA:2,0
DA:3,0
DA:4,0
DA:5,0
DA:7,0
DA:17,0
DA:25,0
DA:29,0
DA:30,0
DA:31,0
DA:32,0
DA:35,0
DA:37,0
DA:38,0
DA:39,0
DA:42,0
DA:47,0
DA:49,0
DA:50,0
DA:61,0
DA:65,0
DA:66,0
DA:67,0
DA:68,0
DA:71,0
DA:73,0
DA:74,0
DA:75,0
DA:78,0
DA:79,0
DA:81,0
DA:88,0
DA:90,0
DA:91,0
DA:97,0
DA:98,0
LF:37
LH:0
BRDA:17,0,0,0
BRDA:17,0,1,0
BRDA:31,1,0,0
BRDA:31,1,1,0
BRDA:38,2,0,0
BRDA:38,2,1,0
BRDA:67,3,0,0
BRDA:67,3,1,0
BRDA:74,4,0,0
BRDA:74,4,1,0
BRDA:90,5,0,0
BRDA:90,5,1,0
BRF:12
BRH:0
end_of_record
TN:
SF:src/app/api/companies/[id]/members/route.ts
FN:10,(anonymous_1)
FN:18,POST
FN:69,(anonymous_3)
FNF:3
FNH:0
FNDA:0,(anonymous_1)
FNDA:0,POST
FNDA:0,(anonymous_3)
DA:1,0
DA:2,0
DA:3,0
DA:4,0
DA:5,0
DA:7,0
DA:10,0
DA:18,0
DA:22,0
DA:23,0
DA:24,0
DA:25,0
DA:28,0
DA:31,0
DA:32,0
DA:33,0
DA:36,0
DA:37,0
DA:40,0
DA:44,0
DA:45,0
DA:52,0
DA:61,0
DA:62,0
DA:69,0
DA:70,0
DA:90,0
DA:92,0
DA:95,0
DA:97,0
DA:98,0
DA:104,0
DA:105,0
LF:33
LH:0
BRDA:24,0,0,0
BRDA:24,0,1,0
BRDA:32,1,0,0
BRDA:32,1,1,0
BRDA:44,2,0,0
BRDA:44,2,1,0
BRDA:61,3,0,0
BRDA:61,3,1,0
BRDA:97,4,0,0
BRDA:97,4,1,0
BRF:10
BRH:0
end_of_record
TN:
SF:src/app/api/companies/[id]/members/[userId]/route.ts
FN:10,DELETE
FN:51,(anonymous_2)
FNF:2
FNH:0
FNDA:0,DELETE
FNDA:0,(anonymous_2)
DA:1,0
DA:2,0
DA:3,0
DA:4,0
DA:10,0
DA:14,0
DA:15,0
DA:16,0
DA:17,0
DA:20,0
DA:23,0
DA:24,0
DA:25,0
DA:29,0
DA:38,0
DA:39,0
DA:43,0
DA:44,0
DA:51,0
DA:52,0
DA:62,0
DA:65,0
DA:67,0
DA:68,0
LF:24
LH:0
BRDA:16,0,0,0
BRDA:16,0,1,0
BRDA:24,1,0,0
BRDA:24,1,1,0
BRDA:38,2,0,0
BRDA:38,2,1,0
BRDA:43,3,0,0
BRDA:43,3,1,0
BRF:8
BRH:0
end_of_record
TN:
SF:src/app/api/cron/deadline-alerts/route.ts
FN:13,GET
FNF:1
FNH:0
FNDA:0,GET
DA:9,0
DA:10,0
DA:11,0
DA:13,0
DA:14,0
DA:16,0
DA:17,0
DA:18,0
DA:21,0
DA:24,0
DA:38,0
DA:40,0
DA:41,0
DA:42,0
DA:43,0
DA:46,0
DA:62,0
DA:63,0
DA:64,0
DA:65,0
DA:67,0
DA:75,0
DA:77,0
DA:83,0
DA:84,0
LF:25
LH:0
BRDA:17,0,0,0
BRDA:17,0,1,0
BRDA:41,1,0,0
BRDA:41,1,1,0
BRF:4
BRH:0
end_of_record
TN:
SF:src/app/api/cron/matching-refresh/route.ts
FN:13,GET
FNF:1
FNH:0
FNDA:0,GET
DA:9,0
DA:10,0
DA:11,0
DA:13,0
DA:14,0
DA:16,0
DA:17,0
DA:18,0
DA:21,0
DA:24,0
DA:38,0
DA:39,0
DA:41,0
DA:42,0
DA:44,0
DA:49,0
DA:50,0
DA:51,0
DA:55,0
DA:60,0
DA:61,0
DA:62,0
DA:65,0
DA:78,0
DA:80,0
DA:81,0
DA:83,0
DA:90,0
DA:93,0
DA:97,0
DA:98,0
DA:99,0
DA:103,0
DA:107,0
DA:115,0
DA:116,0
LF:36
LH:0
BRDA:17,0,0,0
BRDA:17,0,1,0
BRDA:49,1,0,0
BRDA:49,1,1,0
BRDA:60,2,0,0
BRDA:60,2,1,0
BRDA:70,3,0,0
BRDA:70,3,1,0
BRDA:71,4,0,0
BRDA:71,4,1,0
BRDA:72,5,0,0
BRDA:72,5,1,0
BRDA:73,6,0,0
BRDA:73,6,1,0
BRDA:78,7,0,0
BRDA:78,7,1,0
BRDA:97,8,0,0
BRDA:97,8,1,0
BRDA:112,9,0,0
BRDA:112,9,1,0
BRF:20
BRH:0
end_of_record
TN:
SF:src/app/api/dashboard/stats/route.ts
FN:10,GET
FN:25,(anonymous_2)
FN:131,(anonymous_3)
FN:139,(anonymous_4)
FN:147,(anonymous_5)
FN:155,(anonymous_6)
FNF:6
FNH:0
FNDA:0,GET
FNDA:0,(anonymous_2)
FNDA:0,(anonymous_3)
FNDA:0,(anonymous_4)
FNDA:0,(anonymous_5)
FNDA:0,(anonymous_6)
DA:6,0
DA:7,0
DA:8,0
DA:10,0
DA:11,0
DA:12,0
DA:13,0
DA:14,0
DA:17,0
DA:20,0
DA:25,0
DA:37,0
DA:123,0
DA:131,0
DA:139,0
DA:147,0
DA:155,0
DA:167,0
DA:168,0
LF:19
LH:0
BRDA:13,0,0,0
BRDA:13,0,1,0
BRDA:149,1,0,0
BRDA:149,1,1,0
BRF:4
BRH:0
end_of_record
TN:
SF:src/app/api/evaluations/route.ts
FN:19,GET
FN:72,POST
FN:127,(anonymous_5)
FN:155,performEvaluation
FN:168,(anonymous_7)
FNF:5
FNH:0
FNDA:0,GET
FNDA:0,POST
FNDA:0,(anonymous_5)
FNDA:0,performEvaluation
FNDA:0,(anonymous_7)
DA:7,0
DA:8,0
DA:9,0
DA:10,0
DA:11,0
DA:12,0
DA:14,0
DA:19,0
DA:20,0
DA:21,0
DA:22,0
DA:23,0
DA:26,0
DA:27,0
DA:30,0
DA:34,0
DA:35,0
DA:38,0
DA:62,0
DA:64,0
DA:65,0
DA:72,0
DA:73,0
DA:74,0
DA:75,0
DA:76,0
DA:79,0
DA:80,0
DA:83,0
DA:90,0
DA:91,0
DA:98,0
DA:99,0
DA:100,0
DA:103,0
DA:104,0
DA:114,0
DA:124,0
DA:128,0
DA:131,0
DA:137,0
DA:138,0
DA:144,0
DA:145,0
DA:159,0
DA:161,0
DA:167,0
DA:168,0
DA:178,0
DA:188,0
DA:194,0
DA:197,0
LF:52
LH:0
BRDA:22,0,0,0
BRDA:22,0,1,0
BRDA:34,1,0,0
BRDA:34,1,1,0
BRDA:75,2,0,0
BRDA:75,2,1,0
BRDA:90,3,0,0
BRDA:90,3,1,0
BRDA:99,4,0,0
BRDA:99,4,1,0
BRDA:99,5,0,0
BRDA:99,5,1,0
BRDA:103,6,0,0
BRDA:103,6,1,0
BRDA:137,7,0,0
BRDA:137,7,1,0
BRF:16
BRH:0
end_of_record
TN:
SF:src/app/api/evaluations/[id]/route.ts
FN:10,GET
FNF:1
FNH:0
FNDA:0,GET
DA:6,0
DA:7,0
DA:8,0
DA:10,0
DA:14,0
DA:15,0
DA:16,0
DA:17,0
DA:20,0
DA:22,0
DA:51,0
DA:52,0
DA:58,0
DA:60,0
DA:61,0
LF:15
LH:0
BRDA:16,0,0,0
BRDA:16,0,1,0
BRDA:51,1,0,0
BRDA:51,1,1,0
BRF:4
BRH:0
end_of_record
TN:
SF:src/app/api/evaluations/upload/route.ts
FN:20,POST
FN:87,(anonymous_2)
FN:108,performUploadEvaluation
FN:121,(anonymous_4)
FNF:4
FNH:0
FNDA:0,POST
FNDA:0,(anonymous_2)
FNDA:0,performUploadEvaluation
FNDA:0,(anonymous_4)
DA:6,0
DA:7,0
DA:8,0
DA:9,0
DA:10,0
DA:11,0
DA:12,0
DA:14,0
DA:20,0
DA:21,0
DA:22,0
DA:23,0
DA:24,0
DA:27,0
DA:28,0
DA:29,0
DA:30,0
DA:32,0
DA:33,0
DA:39,0
DA:40,0
DA:47,0
DA:48,0
DA:50,0
DA:51,0
DA:52,0
DA:53,0
DA:54,0
DA:55,0
DA:57,0
DA:63,0
DA:64,0
DA:66,0
DA:67,0
DA:74,0
DA:84,0
DA:88,0
DA:91,0
DA:97,0
DA:98,0
DA:112,0
DA:114,0
DA:120,0
DA:121,0
DA:131,0
DA:141,0
DA:147,0
DA:150,0
LF:48
LH:0
BRDA:23,0,0,0
BRDA:23,0,1,0
BRDA:32,1,0,0
BRDA:32,1,1,0
BRDA:39,2,0,0
BRDA:39,2,1,0
BRDA:50,3,0,0
BRDA:50,3,1,0
BRDA:52,4,0,0
BRDA:52,4,1,0
BRDA:54,5,0,0
BRDA:54,5,1,0
BRF:12
BRH:0
end_of_record
TN:
SF:src/app/api/matching/route.ts
FN:27,POST
FN:81,(anonymous_2)
FN:91,(anonymous_3)
FN:92,(anonymous_4)
FN:94,(anonymous_5)
FNF:5
FNH:0
FNDA:0,POST
FNDA:0,(anonymous_2)
FNDA:0,(anonymous_3)
FNDA:0,(anonymous_4)
FNDA:0,(anonymous_5)
DA:6,0
DA:7,0
DA:8,0
DA:9,0
DA:10,0
DA:11,0
DA:13,0
DA:27,0
DA:28,0
DA:29,0
DA:30,0
DA:31,0
DA:34,0
DA:35,0
DA:38,0
DA:44,0
DA:45,0
DA:49,0
DA:62,0
DA:69,0
DA:70,0
DA:77,0
DA:78,0
DA:82,0
DA:87,0
DA:91,0
DA:92,0
DA:94,0
DA:97,0
DA:98,0
DA:104,0
DA:105,0
LF:32
LH:0
BRDA:30,0,0,0
BRDA:30,0,1,0
BRDA:44,1,0,0
BRDA:44,1,1,0
BRDA:49,2,0,0
BRDA:49,2,1,0
BRDA:52,3,0,0
BRDA:52,3,1,0
BRDA:55,4,0,0
BRDA:55,4,1,0
BRDA:69,5,0,0
BRDA:69,5,1,0
BRDA:77,6,0,0
BRDA:77,6,1,0
BRDA:97,7,0,0
BRDA:97,7,1,0
BRF:16
BRH:0
end_of_record
TN:
SF:src/app/api/matching/preferences/route.ts
FN:22,GET
FN:76,POST
FNF:2
FNH:0
FNDA:0,GET
FNDA:0,POST
DA:7,0
DA:8,0
DA:9,0
DA:10,0
DA:11,0
DA:13,0
DA:22,0
DA:23,0
DA:24,0
DA:25,0
DA:26,0
DA:29,0
DA:30,0
DA:32,0
DA:33,0
DA:40,0
DA:46,0
DA:47,0
DA:50,0
DA:59,0
DA:60,0
DA:66,0
DA:68,0
DA:69,0
DA:76,0
DA:77,0
DA:78,0
DA:79,0
DA:80,0
DA:83,0
DA:84,0
DA:87,0
DA:93,0
DA:94,0
DA:98,0
DA:101,0
DA:106,0
DA:131,0
DA:136,0
DA:137,0
DA:143,0
DA:144,0
LF:42
LH:0
BRDA:25,0,0,0
BRDA:25,0,1,0
BRDA:32,1,0,0
BRDA:32,1,1,0
BRDA:46,2,0,0
BRDA:46,2,1,0
BRDA:59,3,0,0
BRDA:59,3,1,0
BRDA:79,4,0,0
BRDA:79,4,1,0
BRDA:93,5,0,0
BRDA:93,5,1,0
BRDA:98,6,0,0
BRDA:98,6,1,0
BRDA:101,7,0,0
BRDA:101,7,1,0
BRDA:114,8,0,0
BRDA:114,8,1,0
BRDA:117,9,0,0
BRDA:117,9,1,0
BRDA:118,10,0,0
BRDA:118,10,1,0
BRDA:123,11,0,0
BRDA:123,11,1,0
BRDA:126,12,0,0
BRDA:126,12,1,0
BRDA:127,13,0,0
BRDA:127,13,1,0
BRDA:136,14,0,0
BRDA:136,14,1,0
BRF:30
BRH:0
end_of_record
TN:
SF:src/app/api/matching/results/route.ts
FN:10,GET
FNF:1
FNH:0
FNDA:0,GET
DA:6,0
DA:7,0
DA:8,0
DA:10,0
DA:11,0
DA:12,0
DA:13,0
DA:14,0
DA:17,0
DA:18,0
DA:19,0
DA:22,0
DA:26,0
DA:27,0
DA:30,0
DA:31,0
DA:35,0
DA:36,0
DA:37,0
DA:39,0
DA:71,0
DA:81,0
DA:82,0
LF:23
LH:0
BRDA:13,0,0,0
BRDA:13,0,1,0
BRDA:26,1,0,0
BRDA:26,1,1,0
BRDA:30,2,0,0
BRDA:30,2,1,0
BRDA:35,3,0,0
BRDA:35,3,1,0
BRDA:36,4,0,0
BRDA:36,4,1,0
BRF:10
BRH:0
end_of_record
TN:
SF:src/app/api/matching/results/[id]/route.ts
FN:10,GET
FNF:1
FNH:0
FNDA:0,GET
DA:6,0
DA:7,0
DA:8,0
DA:10,0
DA:14,0
DA:15,0
DA:16,0
DA:17,0
DA:20,0
DA:22,0
DA:33,0
DA:34,0
DA:37,0
DA:39,0
DA:40,0
LF:15
LH:0
BRDA:16,0,0,0
BRDA:16,0,1,0
BRDA:33,1,0,0
BRDA:33,1,1,0
BRF:4
BRH:0
end_of_record
TN:
SF:src/app/api/matching/results/[id]/feedback/route.ts
FN:16,POST
FNF:1
FNH:0
FNDA:0,POST
DA:6,0
DA:7,0
DA:8,0
DA:9,0
DA:11,0
DA:16,0
DA:20,0
DA:21,0
DA:22,0
DA:23,0
DA:26,0
DA:27,0
DA:28,0
DA:31,0
DA:38,0
DA:39,0
DA:43,0
DA:51,0
DA:56,0
DA:57,0
DA:63,0
DA:64,0
LF:22
LH:0
BRDA:22,0,0,0
BRDA:22,0,1,0
BRDA:38,1,0,0
BRDA:38,1,1,0
BRDA:56,2,0,0
BRDA:56,2,1,0
BRF:6
BRH:0
end_of_record
TN:
SF:src/app/api/notifications/route.ts
FN:11,GET
FNF:1
FNH:0
FNDA:0,GET
DA:7,0
DA:8,0
DA:9,0
DA:11,0
DA:12,0
DA:13,0
DA:14,0
DA:15,0
DA:18,0
DA:19,0
DA:20,0
DA:22,0
DA:31,0
DA:38,0
DA:40,0
DA:41,0
LF:16
LH:0
BRDA:14,0,0,0
BRDA:14,0,1,0
BRDA:20,1,0,0
BRDA:20,1,1,0
BRDA:25,2,0,0
BRDA:25,2,1,0
BRF:6
BRH:0
end_of_record
TN:
SF:src/app/api/notifications/[id]/route.ts
FN:11,PATCH
FN:58,DELETE
FNF:2
FNH:0
FNDA:0,PATCH
FNDA:0,DELETE
DA:7,0
DA:8,0
DA:9,0
DA:11,0
DA:15,0
DA:16,0
DA:17,0
DA:18,0
DA:21,0
DA:24,0
DA:28,0
DA:29,0
DA:35,0
DA:36,0
DA:40,0
DA:48,0
DA:50,0
DA:51,0
DA:58,0
DA:62,0
DA:63,0
DA:64,0
DA:65,0
DA:68,0
DA:71,0
DA:75,0
DA:76,0
DA:82,0
DA:83,0
DA:87,0
DA:91,0
DA:93,0
DA:94,0
LF:33
LH:0
BRDA:17,0,0,0
BRDA:17,0,1,0
BRDA:28,1,0,0
BRDA:28,1,1,0
BRDA:35,2,0,0
BRDA:35,2,1,0
BRDA:64,3,0,0
BRDA:64,3,1,0
BRDA:75,4,0,0
BRDA:75,4,1,0
BRDA:82,5,0,0
BRDA:82,5,1,0
BRF:12
BRH:0
end_of_record
TN:
SF:src/app/api/notifications/settings/route.ts
FN:23,GET
FN:53,PATCH
FNF:2
FNH:0
FNDA:0,GET
FNDA:0,PATCH
DA:7,0
DA:8,0
DA:9,0
DA:10,0
DA:12,0
DA:23,0
DA:24,0
DA:25,0
DA:26,0
DA:27,0
DA:31,0
DA:35,0
DA:36,0
DA:43,0
DA:45,0
DA:46,0
DA:53,0
DA:54,0
DA:55,0
DA:56,0
DA:57,0
DA:60,0
DA:61,0
DA:64,0
DA:73,0
DA:75,0
DA:76,0
DA:82,0
DA:83,0
LF:29
LH:0
BRDA:26,0,0,0
BRDA:26,0,1,0
BRDA:35,1,0,0
BRDA:35,1,1,0
BRDA:56,2,0,0
BRDA:56,2,1,0
BRDA:75,3,0,0
BRDA:75,3,1,0
BRF:8
BRH:0
end_of_record
TN:
SF:src/app/api/projects/route.ts
FN:11,GET
FN:78,(anonymous_2)
FNF:2
FNH:0
FNDA:0,GET
FNDA:0,(anonymous_2)
DA:6,0
DA:7,0
DA:8,0
DA:9,0
DA:11,0
DA:12,0
DA:13,0
DA:14,0
DA:15,0
DA:19,0
DA:20,0
DA:21,0
DA:37,0
DA:40,0
DA:41,0
DA:42,0
DA:43,0
DA:46,0
DA:47,0
DA:48,0
DA:51,0
DA:56,0
DA:57,0
DA:60,0
DA:61,0
DA:64,0
DA:65,0
DA:73,0
DA:76,0
DA:79,0
DA:112,0
DA:125,0
DA:133,0
DA:134,0
LF:34
LH:0
BRDA:14,0,0,0
BRDA:14,0,1,0
BRDA:20,1,0,0
BRDA:20,1,1,0
BRDA:42,2,0,0
BRDA:42,2,1,0
BRDA:46,3,0,0
BRDA:46,3,1,0
BRDA:47,4,0,0
BRDA:47,4,1,0
BRDA:56,5,0,0
BRDA:56,5,1,0
BRDA:60,6,0,0
BRDA:60,6,1,0
BRDA:64,7,0,0
BRDA:64,7,1,0
BRF:16
BRH:0
end_of_record
TN:
SF:src/app/api/projects/[id]/route.ts
FN:10,GET
FNF:1
FNH:0
FNDA:0,GET
DA:6,0
DA:7,0
DA:8,0
DA:10,0
DA:14,0
DA:15,0
DA:16,0
DA:17,0
DA:20,0
DA:22,0
DA:40,0
DA:41,0
DA:48,0
DA:53,0
DA:55,0
DA:56,0
LF:16
LH:0
BRDA:16,0,0,0
BRDA:16,0,1,0
BRDA:40,1,0,0
BRDA:40,1,1,0
BRF:4
BRH:0
end_of_record
TN:
SF:src/app/api/projects/search/route.ts
FN:11,GET
FN:39,(anonymous_2)
FN:67,(anonymous_3)
FN:69,(anonymous_4)
FN:72,(anonymous_5)
FN:83,(anonymous_6)
FNF:6
FNH:0
FNDA:0,GET
FNDA:0,(anonymous_2)
FNDA:0,(anonymous_3)
FNDA:0,(anonymous_4)
FNDA:0,(anonymous_5)
FNDA:0,(anonymous_6)
DA:6,0
DA:7,0
DA:8,0
DA:9,0
DA:11,0
DA:12,0
DA:13,0
DA:14,0
DA:15,0
DA:18,0
DA:19,0
DA:21,0
DA:22,0
DA:29,0
DA:38,0
DA:39,0
DA:43,0
DA:67,0
DA:68,0
DA:69,0
DA:72,0
DA:75,0
DA:83,0
DA:85,0
DA:91,0
DA:92,0
LF:26
LH:0
BRDA:14,0,0,0
BRDA:14,0,1,0
BRDA:21,1,0,0
BRDA:21,1,1,0
BRF:4
BRH:0
end_of_record
TN:
SF:src/app/api/rag/embed/route.ts
FN:18,POST
FNF:1
FNH:0
FNDA:0,POST
DA:6,0
DA:7,0
DA:8,0
DA:9,0
DA:11,0
DA:18,0
DA:19,0
DA:20,0
DA:21,0
DA:22,0
DA:25,0
DA:26,0
DA:29,0
DA:36,0
DA:41,0
DA:42,0
DA:48,0
DA:49,0
LF:18
LH:0
BRDA:21,0,0,0
BRDA:21,0,1,0
BRDA:33,1,0,0
BRDA:33,1,1,0
BRDA:41,2,0,0
BRDA:41,2,1,0
BRF:6
BRH:0
end_of_record
TN:
SF:src/app/api/rag/embeddings/[sourceType]/[sourceId]/route.ts
FN:15,GET
FN:55,DELETE
FNF:2
FNH:0
FNDA:0,GET
FNDA:0,DELETE
DA:7,0
DA:8,0
DA:13,0
DA:15,0
DA:19,0
DA:20,0
DA:21,0
DA:22,0
DA:25,0
DA:27,0
DA:30,0
DA:36,0
DA:41,0
DA:47,0
DA:48,0
DA:55,0
DA:59,0
DA:60,0
DA:61,0
DA:62,0
DA:65,0
DA:67,0
DA:70,0
DA:79,0
DA:81,0
DA:86,0
DA:87,0
LF:27
LH:0
BRDA:21,0,0,0
BRDA:21,0,1,0
BRDA:27,1,0,0
BRDA:27,1,1,0
BRDA:61,2,0,0
BRDA:61,2,1,0
BRDA:67,3,0,0
BRDA:67,3,1,0
BRF:8
BRH:0
end_of_record
TN:
SF:src/app/api/rag/search/route.ts
FN:19,POST
FNF:1
FNH:0
FNDA:0,POST
DA:6,0
DA:7,0
DA:8,0
DA:9,0
DA:11,0
DA:19,0
DA:20,0
DA:21,0
DA:22,0
DA:23,0
DA:26,0
DA:27,0
DA:30,0
DA:38,0
DA:44,0
DA:45,0
DA:51,0
DA:52,0
LF:18
LH:0
BRDA:22,0,0,0
BRDA:22,0,1,0
BRDA:44,1,0,0
BRDA:44,1,1,0
BRF:4
BRH:0
end_of_record
TN:
SF:src/app/business-plans/page.tsx
FN:8,BusinessPlansPage
FN:67,(anonymous_3)
FNF:2
FNH:0
FNDA:0,BusinessPlansPage
FNDA:0,(anonymous_3)
DA:1,0
DA:2,0
DA:3,0
DA:4,0
DA:5,0
DA:6,0
DA:8,0
DA:9,0
DA:10,0
DA:11,0
DA:14,0
DA:68,0
LF:12
LH:0
BRDA:10,0,0,0
BRDA:10,0,1,0
BRDA:57,1,0,0
BRF:3
BRH:0
end_of_record
TN:
SF:src/app/business-plans/[id]/page.tsx
FN:17,BusinessPlanDetailPage
FN:26,(anonymous_2)
FN:30,(anonymous_3)
FN:47,(anonymous_4)
FN:78,(anonymous_5)
FN:135,(anonymous_6)
FN:138,(anonymous_7)
FN:141,(anonymous_8)
FN:149,(anonymous_9)
FNF:9
FNH:0
FNDA:0,BusinessPlanDetailPage
FNDA:0,(anonymous_2)
FNDA:0,(anonymous_3)
FNDA:0,(anonymous_4)
FNDA:0,(anonymous_5)
FNDA:0,(anonymous_6)
FNDA:0,(anonymous_7)
FNDA:0,(anonymous_8)
FNDA:0,(anonymous_9)
DA:3,0
DA:4,0
DA:5,0
DA:6,0
DA:7,0
DA:10,0
DA:17,0
DA:18,0
DA:19,0
DA:20,0
DA:22,0
DA:23,0
DA:24,0
DA:26,0
DA:27,0
DA:30,0
DA:31,0
DA:32,0
DA:33,0
DA:34,0
DA:36,0
DA:37,0
DA:39,0
DA:40,0
DA:41,0
DA:43,0
DA:47,0
DA:48,0
DA:53,0
DA:56,0
DA:57,0
DA:58,0
DA:64,0
DA:65,0
DA:68,0
DA:69,0
DA:71,0
DA:72,0
DA:74,0
DA:78,0
DA:79,0
DA:80,0
DA:86,0
DA:87,0
DA:90,0
DA:91,0
DA:93,0
DA:94,0
DA:98,0
DA:106,0
DA:107,0
DA:135,0
DA:138,0
DA:141,0
DA:150,0
LF:55
LH:0
BRDA:33,0,0,0
BRDA:33,0,1,0
BRDA:48,1,0,0
BRDA:48,1,1,0
BRDA:64,2,0,0
BRDA:64,2,1,0
BRDA:86,3,0,0
BRDA:86,3,1,0
BRDA:98,4,0,0
BRDA:98,4,1,0
BRDA:106,5,0,0
BRDA:106,5,1,0
BRDA:115,6,0,0
BRDA:115,6,1,0
BRDA:116,7,0,0
BRDA:133,8,0,0
BRDA:133,8,1,0
BRDA:148,9,0,0
BRDA:147,10,0,0
BRDA:147,10,1,0
BRDA:164,11,0,0
BRDA:164,11,1,0
BRF:22
BRH:0
end_of_record
TN:
SF:src/app/business-plans/new/page.tsx
FN:18,NewBusinessPlanForm
FN:36,(anonymous_2)
FN:41,(anonymous_3)
FN:53,(anonymous_4)
FN:65,(anonymous_5)
FN:106,(anonymous_6)
FN:118,(anonymous_7)
FN:127,(anonymous_8)
FN:140,(anonymous_9)
FN:148,(anonymous_10)
FN:162,(anonymous_11)
FN:178,(anonymous_12)
FN:191,(anonymous_13)
FN:205,NewBusinessPlanPage
FNF:14
FNH:0
FNDA:0,NewBusinessPlanForm
FNDA:0,(anonymous_2)
FNDA:0,(anonymous_3)
FNDA:0,(anonymous_4)
FNDA:0,(anonymous_5)
FNDA:0,(anonymous_6)
FNDA:0,(anonymous_7)
FNDA:0,(anonymous_8)
FNDA:0,(anonymous_9)
FNDA:0,(anonymous_10)
FNDA:0,(anonymous_11)
FNDA:0,(anonymous_12)
FNDA:0,(anonymous_13)
FNDA:0,NewBusinessPlanPage
DA:3,0
DA:4,0
DA:5,0
DA:6,0
DA:7,0
DA:8,0
DA:9,0
DA:16,0
DA:19,0
DA:20,0
DA:21,0
DA:22,0
DA:24,0
DA:25,0
DA:26,0
DA:28,0
DA:36,0
DA:37,0
DA:38,0
DA:41,0
DA:42,0
DA:43,0
DA:44,0
DA:45,0
DA:46,0
DA:49,0
DA:53,0
DA:54,0
DA:55,0
DA:56,0
DA:57,0
DA:58,0
DA:61,0
DA:65,0
DA:66,0
DA:67,0
DA:69,0
DA:70,0
DA:76,0
DA:77,0
DA:80,0
DA:81,0
DA:83,0
DA:84,0
DA:86,0
DA:107,0
DA:119,0
DA:128,0
DA:141,0
DA:149,0
DA:163,0
DA:179,0
DA:191,0
DA:205,0
LF:54
LH:0
BRDA:30,0,0,0
BRDA:30,0,1,0
BRDA:31,1,0,0
BRDA:31,1,1,0
BRDA:44,2,0,0
BRDA:44,2,1,0
BRDA:46,3,0,0
BRDA:46,3,1,0
BRDA:56,4,0,0
BRDA:56,4,1,0
BRDA:58,5,0,0
BRDA:58,5,1,0
BRDA:76,6,0,0
BRDA:76,6,1,0
BRDA:196,7,0,0
BRDA:196,7,1,0
BRF:16
BRH:0
end_of_record
TN:
SF:src/app/companies/page.tsx
FN:8,getCompanies
FN:23,CompaniesPage
FN:30,(anonymous_7)
FN:63,(anonymous_8)
FN:100,(anonymous_9)
FNF:5
FNH:0
FNDA:0,getCompanies
FNDA:0,CompaniesPage
FNDA:0,(anonymous_7)
FNDA:0,(anonymous_8)
FNDA:0,(anonymous_9)
DA:1,0
DA:2,0
DA:3,0
DA:4,0
DA:5,0
DA:6,0
DA:9,0
DA:16,0
DA:17,0
DA:20,0
DA:23,0
DA:24,0
DA:25,0
DA:26,0
DA:30,0
DA:32,0
DA:63,0
DA:101,0
LF:18
LH:0
BRDA:16,0,0,0
BRDA:16,0,1,0
BRDA:25,1,0,0
BRDA:25,1,1,0
BRDA:65,2,0,0
BRDA:65,2,1,0
BRDA:86,3,0,0
BRF:7
BRH:0
end_of_record
TN:
SF:src/app/companies/[id]/page.tsx
FN:10,CompanyDetailPage
FN:155,(anonymous_2)
FNF:2
FNH:0
FNDA:0,CompanyDetailPage
FNDA:0,(anonymous_2)
DA:1,0
DA:2,0
DA:3,0
DA:4,0
DA:5,0
DA:6,0
DA:7,0
DA:8,0
DA:10,0
DA:15,0
DA:16,0
DA:17,0
DA:20,0
DA:23,0
DA:24,0
DA:25,0
DA:28,0
DA:67,0
DA:68,0
DA:156,0
LF:20
LH:0
BRDA:16,0,0,0
BRDA:16,0,1,0
BRDA:24,1,0,0
BRDA:24,1,1,0
BRDA:67,2,0,0
BRDA:67,2,1,0
BRDA:130,3,0,0
BRDA:131,4,0,0
BRDA:132,5,0,0
BRDA:133,6,0,0
BRDA:134,7,0,0
BRDA:135,8,0,0
BRDA:136,9,0,0
BRDA:136,9,1,0
BRDA:136,9,2,0
BRDA:136,9,3,0
BRDA:136,9,4,0
BRDA:136,9,5,0
BRDA:160,10,0,0
BRDA:160,10,1,0
BRF:20
BRH:0
end_of_record
TN:
SF:src/app/companies/new/page.tsx
FN:5,NewCompanyPage
FNF:1
FNH:0
FNDA:0,NewCompanyPage
DA:1,0
DA:2,0
DA:3,0
DA:5,0
DA:6,0
DA:7,0
DA:8,0
LF:7
LH:0
BRDA:7,0,0,0
BRDA:7,0,1,0
BRF:2
BRH:0
end_of_record
TN:
SF:src/app/dashboard/page.tsx
FN:52,getDashboardData
FN:59,(anonymous_2)
FN:165,(anonymous_3)
FN:173,(anonymous_4)
FN:181,(anonymous_5)
FN:189,(anonymous_6)
FN:202,DashboardPage
FN:277,(anonymous_8)
FN:291,(anonymous_9)
FN:305,(anonymous_10)
FNF:10
FNH:0
FNDA:0,getDashboardData
FNDA:0,(anonymous_2)
FNDA:0,(anonymous_3)
FNDA:0,(anonymous_4)
FNDA:0,(anonymous_5)
FNDA:0,(anonymous_6)
FNDA:0,DashboardPage
FNDA:0,(anonymous_8)
FNDA:0,(anonymous_9)
FNDA:0,(anonymous_10)
DA:1,0
DA:2,0
DA:3,0
DA:4,0
DA:5,0
DA:6,0
DA:7,0
DA:8,0
DA:54,0
DA:59,0
DA:71,0
DA:157,0
DA:165,0
DA:173,0
DA:181,0
DA:189,0
DA:202,0
DA:203,0
DA:205,0
DA:206,0
DA:209,0
DA:210,0
DA:212,0
DA:213,0
DA:215,0
DA:216,0
DA:277,0
DA:291,0
DA:305,0
LF:29
LH:0
BRDA:183,0,0,0
BRDA:183,0,1,0
BRDA:194,1,0,0
BRDA:194,1,1,0
BRDA:205,2,0,0
BRDA:205,2,1,0
BRDA:229,3,0,0
BRDA:235,4,0,0
BRDA:266,5,0,0
BRDA:294,6,0,0
BRDA:294,6,1,0
BRDA:308,7,0,0
BRDA:308,7,1,0
BRF:13
BRH:0
end_of_record
TN:
SF:src/app/evaluations/page.tsx
FN:8,EvaluationsPage
FN:65,(anonymous_3)
FNF:2
FNH:0
FNDA:0,EvaluationsPage
FNDA:0,(anonymous_3)
DA:1,0
DA:2,0
DA:3,0
DA:4,0
DA:5,0
DA:6,0
DA:8,0
DA:9,0
DA:10,0
DA:11,0
DA:14,0
DA:66,0
LF:12
LH:0
BRDA:10,0,0,0
BRDA:10,0,1,0
BRDA:55,1,0,0
BRF:3
BRH:0
end_of_record
TN:
SF:src/app/evaluations/[id]/page.tsx
FN:27,EvaluationDetailPage
FN:35,(anonymous_3)
FN:37,(anonymous_4)
FN:43,(anonymous_5)
FN:46,(anonymous_6)
FN:159,(anonymous_7)
FN:177,(anonymous_8)
FNF:7
FNH:0
FNDA:0,EvaluationDetailPage
FNDA:0,(anonymous_3)
FNDA:0,(anonymous_4)
FNDA:0,(anonymous_5)
FNDA:0,(anonymous_6)
FNDA:0,(anonymous_7)
FNDA:0,(anonymous_8)
DA:3,0
DA:4,0
DA:5,0
DA:6,0
DA:7,0
DA:8,0
DA:9,0
DA:10,0
DA:12,0
DA:21,0
DA:27,0
DA:28,0
DA:29,0
DA:30,0
DA:32,0
DA:33,0
DA:35,0
DA:36,0
DA:37,0
DA:38,0
DA:39,0
DA:43,0
DA:46,0
DA:47,0
DA:48,0
DA:49,0
DA:50,0
DA:52,0
DA:53,0
DA:55,0
DA:56,0
DA:57,0
DA:59,0
DA:63,0
DA:71,0
DA:72,0
DA:160,0
DA:177,0
LF:38
LH:0
BRDA:38,0,0,0
BRDA:38,0,1,0
BRDA:49,1,0,0
BRDA:49,1,1,0
BRDA:63,2,0,0
BRDA:63,2,1,0
BRDA:71,3,0,0
BRDA:71,3,1,0
BRDA:80,4,0,0
BRDA:80,4,1,0
BRDA:81,5,0,0
BRDA:81,5,1,0
BRDA:83,6,0,0
BRDA:92,7,0,0
BRDA:104,8,0,0
BRDA:104,8,1,0
BRDA:111,9,0,0
BRDA:111,9,1,0
BRDA:127,10,0,0
BRDA:137,11,0,0
BRDA:146,12,0,0
BRDA:156,13,0,0
BRDA:156,13,1,0
BRDA:166,14,0,0
BRF:24
BRH:0
end_of_record
TN:
SF:src/app/evaluations/new/page.tsx
FN:19,NewEvaluationPage
FN:36,(anonymous_2)
FN:41,(anonymous_3)
FN:53,(anonymous_4)
FN:65,(anonymous_5)
FN:94,(anonymous_6)
FN:140,(anonymous_7)
FN:153,(anonymous_8)
FN:160,(anonymous_9)
FN:176,(anonymous_10)
FN:192,(anonymous_11)
FN:213,(anonymous_12)
FN:226,(anonymous_13)
FN:240,(anonymous_14)
FNF:14
FNH:0
FNDA:0,NewEvaluationPage
FNDA:0,(anonymous_2)
FNDA:0,(anonymous_3)
FNDA:0,(anonymous_4)
FNDA:0,(anonymous_5)
FNDA:0,(anonymous_6)
FNDA:0,(anonymous_7)
FNDA:0,(anonymous_8)
FNDA:0,(anonymous_9)
FNDA:0,(anonymous_10)
FNDA:0,(anonymous_11)
FNDA:0,(anonymous_12)
FNDA:0,(anonymous_13)
FNDA:0,(anonymous_14)
DA:3,0
DA:4,0
DA:5,0
DA:6,0
DA:7,0
DA:8,0
DA:9,0
DA:16,0
DA:17,0
DA:19,0
DA:20,0
DA:21,0
DA:22,0
DA:23,0
DA:25,0
DA:28,0
DA:29,0
DA:30,0
DA:33,0
DA:34,0
DA:36,0
DA:37,0
DA:38,0
DA:41,0
DA:42,0
DA:43,0
DA:44,0
DA:45,0
DA:46,0
DA:49,0
DA:53,0
DA:54,0
DA:55,0
DA:56,0
DA:57,0
DA:58,0
DA:61,0
DA:65,0
DA:66,0
DA:67,0
DA:69,0
DA:70,0
DA:79,0
DA:80,0
DA:81,0
DA:84,0
DA:85,0
DA:87,0
DA:88,0
DA:90,0
DA:94,0
DA:95,0
DA:96,0
DA:97,0
DA:98,0
DA:101,0
DA:103,0
DA:104,0
DA:105,0
DA:106,0
DA:107,0
DA:108,0
DA:111,0
DA:116,0
DA:117,0
DA:118,0
DA:121,0
DA:122,0
DA:124,0
DA:125,0
DA:127,0
DA:140,0
DA:153,0
DA:161,0
DA:177,0
DA:192,0
DA:213,0
DA:227,0
DA:240,0
LF:79
LH:0
BRDA:44,0,0,0
BRDA:44,0,1,0
BRDA:46,1,0,0
BRDA:46,1,1,0
BRDA:56,2,0,0
BRDA:56,2,1,0
BRDA:58,3,0,0
BRDA:58,3,1,0
BRDA:75,4,0,0
BRDA:75,4,1,0
BRDA:79,5,0,0
BRDA:79,5,1,0
BRDA:81,6,0,0
BRDA:81,6,1,0
BRDA:88,7,0,0
BRDA:88,7,1,0
BRDA:96,8,0,0
BRDA:96,8,1,0
BRDA:107,9,0,0
BRDA:107,9,1,0
BRDA:116,10,0,0
BRDA:116,10,1,0
BRDA:118,11,0,0
BRDA:118,11,1,0
BRDA:125,12,0,0
BRDA:125,12,1,0
BRDA:197,13,0,0
BRDA:197,13,1,0
BRDA:213,14,0,0
BRDA:213,14,1,0
BRDA:245,15,0,0
BRDA:245,15,1,0
BRF:32
BRH:0
end_of_record
TN:
SF:src/app/login/page.tsx
FN:6,LoginPage
FN:24,(anonymous_2)
FN:49,(anonymous_3)
FNF:3
FNH:0
FNDA:0,LoginPage
FNDA:0,(anonymous_2)
FNDA:0,(anonymous_3)
DA:1,0
DA:2,0
DA:3,0
DA:4,0
DA:6,0
DA:7,0
DA:9,0
DA:10,0
DA:26,0
DA:51,0
LF:10
LH:0
BRDA:9,0,0,0
BRDA:9,0,1,0
BRF:2
BRH:0
end_of_record
TN:
SF:src/app/matching/page.tsx
FN:8,MatchingPage
FN:87,(anonymous_3)
FN:123,(anonymous_4)
FNF:3
FNH:0
FNDA:0,MatchingPage
FNDA:0,(anonymous_3)
FNDA:0,(anonymous_4)
DA:1,0
DA:2,0
DA:3,0
DA:4,0
DA:5,0
DA:6,0
DA:8,0
DA:9,0
DA:10,0
DA:11,0
DA:15,0
DA:35,0
DA:88,0
DA:124,0
LF:14
LH:0
BRDA:10,0,0,0
BRDA:10,0,1,0
BRDA:74,1,0,0
BRDA:111,2,0,0
BRDA:134,3,0,0
BRDA:134,3,1,0
BRDA:139,4,0,0
BRDA:139,4,1,0
BRDA:141,5,0,0
BRDA:141,5,1,0
BRF:10
BRH:0
end_of_record
TN:
SF:src/app/matching/results/page.tsx
FN:14,MatchingResultsPage
FN:73,(anonymous_2)
FN:82,(anonymous_3)
FN:85,(anonymous_4)
FN:87,(anonymous_5)
FN:115,(anonymous_6)
FNF:6
FNH:0
FNDA:0,MatchingResultsPage
FNDA:0,(anonymous_2)
FNDA:0,(anonymous_3)
FNDA:0,(anonymous_4)
FNDA:0,(anonymous_5)
FNDA:0,(anonymous_6)
DA:1,0
DA:2,0
DA:3,0
DA:4,0
DA:14,0
DA:17,0
DA:18,0
DA:19,0
DA:22,0
DA:23,0
DA:24,0
DA:25,0
DA:28,0
DA:32,0
DA:33,0
DA:36,0
DA:37,0
DA:40,0
DA:73,0
DA:78,0
DA:81,0
DA:82,0
DA:84,0
DA:85,0
DA:87,0
DA:116,0
LF:26
LH:0
BRDA:18,0,0,0
BRDA:18,0,1,0
BRDA:23,1,0,0
BRDA:23,1,1,0
BRDA:32,2,0,0
BRDA:32,2,1,0
BRDA:36,3,0,0
BRDA:36,3,1,0
BRDA:107,4,0,0
BRDA:122,5,0,0
BRF:10
BRH:0
end_of_record
TN:
SF:src/app/matching/results/[id]/page.tsx
FN:13,MatchResultDetailPage
FN:56,(anonymous_3)
FN:166,(anonymous_4)
FNF:3
FNH:0
FNDA:0,MatchResultDetailPage
FNDA:0,(anonymous_3)
FNDA:0,(anonymous_4)
DA:1,0
DA:2,0
DA:3,0
DA:4,0
DA:5,0
DA:6,0
DA:7,0
DA:13,0
DA:16,0
DA:17,0
DA:18,0
DA:21,0
DA:23,0
DA:34,0
DA:35,0
DA:39,0
DA:44,0
DA:50,0
DA:56,0
DA:57,0
DA:58,0
DA:59,0
DA:60,0
DA:61,0
DA:63,0
DA:167,0
LF:26
LH:0
BRDA:17,0,0,0
BRDA:17,0,1,0
BRDA:34,1,0,0
BRDA:34,1,1,0
BRDA:58,2,0,0
BRDA:58,2,1,0
BRDA:60,3,0,0
BRDA:60,3,1,0
BRDA:75,4,0,0
BRDA:185,5,0,0
BRDA:185,5,1,0
BRDA:185,6,0,0
BRDA:185,6,1,0
BRDA:189,7,0,0
BRDA:189,7,1,0
BRDA:195,8,0,0
BRDA:195,8,1,0
BRDA:195,9,0,0
BRDA:195,9,1,0
BRDA:207,10,0,0
BRDA:207,10,1,0
BRDA:209,11,0,0
BRDA:209,11,1,0
BRF:23
BRH:0
end_of_record
TN:
SF:src/app/projects/page.tsx
FN:15,ProjectsPage
FN:106,(anonymous_2)
FNF:2
FNH:0
FNDA:0,ProjectsPage
FNDA:0,(anonymous_2)
DA:1,0
DA:2,0
DA:3,0
DA:4,0
DA:15,0
DA:18,0
DA:19,0
DA:20,0
DA:23,0
DA:24,0
DA:25,0
DA:26,0
DA:29,0
DA:34,0
DA:35,0
DA:38,0
DA:39,0
DA:42,0
DA:43,0
DA:50,0
DA:77,0
DA:107,0
LF:22
LH:0
BRDA:19,0,0,0
BRDA:19,0,1,0
BRDA:24,1,0,0
BRDA:24,1,1,0
BRDA:34,2,0,0
BRDA:34,2,1,0
BRDA:38,3,0,0
BRDA:38,3,1,0
BRDA:42,4,0,0
BRDA:42,4,1,0
BRDA:101,5,0,0
BRDA:113,6,0,0
BRF:12
BRH:0
end_of_record
TN:
SF:src/app/projects/[id]/page.tsx
FN:11,ProjectDetailPage
FN:49,(anonymous_2)
FN:179,(anonymous_3)
FNF:3
FNH:0
FNDA:0,ProjectDetailPage
FNDA:0,(anonymous_2)
FNDA:0,(anonymous_3)
DA:1,0
DA:2,0
DA:3,0
DA:4,0
DA:5,0
DA:11,0
DA:14,0
DA:15,0
DA:16,0
DA:19,0
DA:21,0
DA:39,0
DA:40,0
DA:44,0
DA:49,0
DA:50,0
DA:51,0
DA:52,0
DA:53,0
DA:54,0
DA:56,0
DA:180,0
LF:22
LH:0
BRDA:15,0,0,0
BRDA:15,0,1,0
BRDA:39,1,0,0
BRDA:39,1,1,0
BRDA:51,2,0,0
BRDA:51,2,1,0
BRDA:53,3,0,0
BRDA:53,3,1,0
BRDA:65,4,0,0
BRDA:70,5,0,0
BRDA:70,5,1,0
BRDA:72,6,0,0
BRDA:72,6,1,0
BRDA:77,7,0,0
BRDA:77,7,1,0
BRDA:79,8,0,0
BRDA:79,8,1,0
BRDA:106,9,0,0
BRDA:106,9,1,0
BRDA:106,10,0,0
BRDA:106,10,1,0
BRDA:110,11,0,0
BRDA:110,11,1,0
BRDA:116,12,0,0
BRDA:116,12,1,0
BRDA:116,13,0,0
BRDA:116,13,1,0
BRDA:128,14,0,0
BRDA:128,14,1,0
BRDA:130,15,0,0
BRDA:130,15,1,0
BRDA:145,16,0,0
BRDA:155,17,0,0
BRDA:165,18,0,0
BRDA:175,19,0,0
BRDA:187,20,0,0
BRDA:187,20,1,0
BRDA:191,21,0,0
BRDA:194,22,0,0
BRF:39
BRH:0
end_of_record
TN:
SF:src/app/settings/notifications/page.tsx
FN:17,NotificationSettingsPage
FN:22,(anonymous_2)
FN:26,(anonymous_3)
FN:40,(anonymous_4)
FN:91,(anonymous_5)
FN:109,(anonymous_6)
FN:123,(anonymous_7)
FN:148,(anonymous_8)
FN:162,(anonymous_9)
FN:189,(anonymous_10)
FN:220,(anonymous_11)
FN:236,(anonymous_12)
FNF:12
FNH:0
FNDA:0,NotificationSettingsPage
FNDA:0,(anonymous_2)
FNDA:0,(anonymous_3)
FNDA:0,(anonymous_4)
FNDA:0,(anonymous_5)
FNDA:0,(anonymous_6)
FNDA:0,(anonymous_7)
FNDA:0,(anonymous_8)
FNDA:0,(anonymous_9)
FNDA:0,(anonymous_10)
FNDA:0,(anonymous_11)
FNDA:0,(anonymous_12)
DA:3,0
DA:4,0
DA:5,0
DA:6,0
DA:7,0
DA:8,0
DA:15,0
DA:17,0
DA:18,0
DA:19,0
DA:20,0
DA:22,0
DA:23,0
DA:26,0
DA:27,0
DA:28,0
DA:29,0
DA:30,0
DA:31,0
DA:33,0
DA:34,0
DA:36,0
DA:40,0
DA:41,0
DA:42,0
DA:43,0
DA:49,0
DA:51,0
DA:53,0
DA:54,0
DA:56,0
DA:60,0
DA:68,0
DA:92,0
DA:110,0
DA:124,0
DA:149,0
DA:163,0
DA:190,0
DA:221,0
DA:237,0
LF:41
LH:0
BRDA:29,0,0,0
BRDA:29,0,1,0
BRDA:49,1,0,0
BRDA:49,1,1,0
BRDA:60,2,0,0
BRDA:60,2,1,0
BRDA:68,3,0,0
BRDA:68,3,1,0
BRDA:115,4,0,0
BRDA:122,5,0,0
BRDA:122,5,1,0
BRDA:154,6,0,0
BRDA:161,7,0,0
BRDA:161,7,1,0
BRDA:188,8,0,0
BRDA:188,8,1,0
BRDA:250,9,0,0
BRDA:250,9,1,0
BRF:18
BRH:0
end_of_record
TN:
SF:src/components/business-plans/business-plan-card.tsx
FN:43,BusinessPlanCard
FNF:1
FNH:0
FNDA:0,BusinessPlanCard
DA:1,0
DA:2,0
DA:3,0
DA:29,0
DA:36,0
DA:43,0
LF:6
LH:0
BRDA:56,0,0,0
BRDA:56,0,1,0
BRDA:57,1,0,0
BRDA:57,1,1,0
BRDA:61,2,0,0
BRDA:74,3,0,0
BRDA:74,3,1,0
BRF:7
BRH:0
end_of_record
TN:
SF:src/components/business-plans/section-editor.tsx
FN:19,SectionEditor
FN:29,(anonymous_2)
FN:55,(anonymous_3)
FN:104,(anonymous_4)
FN:113,(anonymous_5)
FN:131,(anonymous_6)
FNF:6
FNH:0
FNDA:0,SectionEditor
FNDA:0,(anonymous_2)
FNDA:0,(anonymous_3)
FNDA:0,(anonymous_4)
FNDA:0,(anonymous_5)
FNDA:0,(anonymous_6)
DA:3,0
DA:4,0
DA:5,0
DA:6,0
DA:19,0
DA:24,0
DA:25,0
DA:26,0
DA:27,0
DA:29,0
DA:30,0
DA:31,0
DA:32,0
DA:41,0
DA:42,0
DA:45,0
DA:46,0
DA:48,0
DA:49,0
DA:51,0
DA:55,0
DA:56,0
DA:57,0
DA:60,0
DA:61,0
DA:62,0
DA:74,0
DA:75,0
DA:78,0
DA:79,0
DA:80,0
DA:82,0
DA:83,0
DA:85,0
DA:104,0
DA:114,0
DA:115,0
DA:131,0
LF:38
LH:0
BRDA:41,0,0,0
BRDA:41,0,1,0
BRDA:56,1,0,0
BRDA:56,1,1,0
BRDA:74,2,0,0
BRDA:74,2,1,0
BRDA:94,3,0,0
BRDA:100,4,0,0
BRDA:102,5,0,0
BRDA:102,5,1,0
BRDA:121,6,0,0
BRDA:121,6,1,0
BRDA:129,7,0,0
BRF:13
BRH:0
end_of_record
TN:
SF:src/components/companies/company-card.tsx
FN:38,CompanyCard
FNF:1
FNH:0
FNDA:0,CompanyCard
DA:3,0
DA:4,0
DA:5,0
DA:6,0
DA:7,0
DA:24,0
DA:31,0
DA:38,0
LF:8
LH:0
BRF:0
BRH:0
end_of_record
TN:
SF:src/components/companies/company-form.tsx
FN:30,CompanyForm
FN:42,(anonymous_2)
FN:214,(anonymous_3)
FNF:3
FNH:0
FNDA:0,CompanyForm
FNDA:0,(anonymous_2)
FNDA:0,(anonymous_3)
DA:3,0
DA:4,0
DA:5,0
DA:6,0
DA:7,0
DA:8,0
DA:9,0
DA:10,0
DA:11,0
DA:12,0
DA:14,0
DA:30,0
DA:31,0
DA:32,0
DA:38,0
DA:42,0
DA:43,0
DA:44,0
DA:45,0
DA:53,0
DA:54,0
DA:55,0
DA:58,0
DA:59,0
DA:60,0
DA:62,0
DA:64,0
DA:214,0
LF:28
LH:0
BRDA:53,0,0,0
BRDA:53,0,1,0
BRDA:55,1,0,0
BRDA:55,1,1,0
BRDA:62,2,0,0
BRDA:62,2,1,0
BRDA:81,3,0,0
BRDA:93,4,0,0
BRDA:107,5,0,0
BRDA:118,6,0,0
BRDA:131,7,0,0
BRDA:152,8,0,0
BRDA:164,9,0,0
BRDA:185,10,0,0
BRDA:220,11,0,0
BRDA:220,11,1,0
BRF:16
BRH:0
end_of_record
TN:
SF:src/components/dashboard/deadline-alert.tsx
FN:28,DeadlineAlert
FN:43,(anonymous_3)
FNF:2
FNH:0
FNDA:0,DeadlineAlert
FNDA:0,(anonymous_3)
DA:7,0
DA:8,0
DA:9,0
DA:10,0
DA:11,0
DA:12,0
DA:13,0
DA:28,0
DA:29,0
DA:30,0
DA:44,0
LF:11
LH:0
BRDA:29,0,0,0
BRDA:29,0,1,0
BRDA:52,1,0,0
BRDA:52,1,1,0
BRDA:65,2,0,0
BRF:5
BRH:0
end_of_record
TN:
SF:src/components/dashboard/quick-actions.tsx
FN:12,QuickActions
FN:51,(anonymous_3)
FNF:2
FNH:0
FNDA:0,QuickActions
FNDA:0,(anonymous_3)
DA:7,0
DA:8,0
DA:9,0
DA:10,0
DA:12,0
DA:13,0
DA:52,0
LF:7
LH:0
BRF:0
BRH:0
end_of_record
TN:
SF:src/components/dashboard/recent-activity.tsx
FN:31,RecentActivity
FN:56,(anonymous_3)
FNF:2
FNH:0
FNDA:0,RecentActivity
FNDA:0,(anonymous_3)
DA:7,0
DA:8,0
DA:9,0
DA:10,0
DA:11,0
DA:12,0
DA:31,0
DA:57,0
LF:8
LH:0
BRDA:34,0,0,0
BRDA:41,1,0,0
BRDA:51,2,0,0
BRDA:67,3,0,0
BRDA:79,4,0,0
BRDA:84,5,0,0
BRDA:88,6,0,0
BRDA:88,6,1,0
BRDA:90,7,0,0
BRDA:90,7,1,0
BRDA:95,8,0,0
BRDA:95,8,1,0
BRDA:97,9,0,0
BRDA:97,9,1,0
BRF:14
BRH:0
end_of_record
TN:
SF:src/components/dashboard/stat-card.tsx
FN:15,StatCard
FNF:1
FNH:0
FNDA:0,StatCard
DA:5,0
DA:15,0
LF:2
LH:0
BRDA:24,0,0,0
BRF:1
BRH:0
end_of_record
TN:
SF:src/components/evaluations/evaluation-card.tsx
FN:42,EvaluationCard
FNF:1
FNH:0
FNDA:0,EvaluationCard
DA:1,0
DA:2,0
DA:3,0
DA:4,0
DA:30,0
DA:36,0
DA:42,0
LF:7
LH:0
BRDA:49,0,0,0
BRDA:63,1,0,0
BRDA:63,1,1,0
BRDA:68,2,0,0
BRDA:68,2,1,0
BRDA:69,3,0,0
BRDA:69,3,1,0
BRDA:73,4,0,0
BRDA:73,4,1,0
BRDA:73,5,0,0
BRDA:73,5,1,0
BRDA:83,6,0,0
BRDA:83,6,1,0
BRDA:91,7,0,0
BRDA:91,7,1,0
BRF:15
BRH:0
end_of_record
TN:
SF:src/components/evaluations/feedback-item.tsx
FN:14,FeedbackItem
FN:50,(anonymous_2)
FNF:2
FNH:0
FNDA:0,FeedbackItem
FNDA:0,(anonymous_2)
DA:1,0
DA:2,0
DA:3,0
DA:14,0
DA:15,0
DA:17,0
DA:51,0
LF:7
LH:0
BRDA:15,0,0,0
BRDA:15,0,1,0
BRDA:17,1,0,0
BRDA:17,1,1,0
BRDA:19,2,0,0
BRDA:19,2,1,0
BRDA:21,3,0,0
BRDA:21,3,1,0
BRDA:46,4,0,0
BRDA:46,4,1,0
BRF:10
BRH:0
end_of_record
TN:
SF:src/components/matching/match-result-card.tsx
FN:47,MatchResultCard
FN:48,(anonymous_3)
FN:119,(anonymous_4)
FNF:3
FNH:0
FNDA:0,MatchResultCard
FNDA:0,(anonymous_3)
FNDA:0,(anonymous_4)
DA:3,0
DA:4,0
DA:5,0
DA:6,0
DA:35,0
DA:41,0
DA:47,0
DA:48,0
DA:49,0
DA:50,0
DA:51,0
DA:52,0
DA:53,0
DA:55,0
DA:120,0
LF:15
LH:0
BRDA:50,0,0,0
BRDA:50,0,1,0
BRDA:52,1,0,0
BRDA:52,1,1,0
BRDA:69,2,0,0
BRDA:115,3,0,0
BRDA:124,4,0,0
BRDA:137,5,0,0
BRDA:136,6,0,0
BRDA:136,6,1,0
BRDA:147,7,0,0
BRDA:149,8,0,0
BRF:12
BRH:0
end_of_record
TN:
SF:src/components/projects/project-card.tsx
FN:27,ProjectCard
FN:33,(anonymous_3)
FNF:2
FNH:0
FNDA:0,ProjectCard
FNDA:0,(anonymous_3)
DA:3,0
DA:4,0
DA:5,0
DA:27,0
DA:28,0
DA:33,0
DA:34,0
DA:35,0
DA:36,0
DA:37,0
DA:38,0
DA:40,0
LF:12
LH:0
BRDA:28,0,0,0
BRDA:28,0,1,0
BRDA:35,1,0,0
BRDA:35,1,1,0
BRDA:37,2,0,0
BRDA:37,2,1,0
BRDA:51,3,0,0
BRDA:54,4,0,0
BRDA:54,4,1,0
BRDA:80,5,0,0
BRDA:79,6,0,0
BRDA:79,6,1,0
BRDA:85,7,0,0
BRDA:95,8,0,0
BRDA:97,9,0,0
BRF:15
BRH:0
end_of_record
TN:
SF:src/components/ui/avatar.tsx
FN:35,Avatar
FN:45,AvatarImage
FN:62,AvatarFallback
FN:100,AvatarGroup
FNF:4
FNH:0
FNDA:0,Avatar
FNDA:0,AvatarImage
FNDA:0,AvatarFallback
FNDA:0,AvatarGroup
DA:1,0
DA:2,0
DA:4,0
DA:6,0
DA:78,0
DA:107,0
DA:108,0
DA:109,0
DA:128,0
DA:129,0
DA:130,0
DA:131,0
DA:132,0
DA:133,0
LF:14
LH:0
BRDA:48,0,0,0
BRDA:108,1,0,0
BRDA:108,1,1,0
BRDA:109,2,0,0
BRDA:109,2,1,0
BRDA:118,3,0,0
BRF:6
BRH:0
end_of_record
TN:
SF:src/components/ui/badge.tsx
FN:28,Badge
FNF:1
FNH:0
FNDA:0,Badge
DA:1,0
DA:2,0
DA:3,0
DA:5,0
DA:7,0
DA:35,0
DA:46,0
LF:7
LH:0
BRDA:31,0,0,0
BRDA:35,1,0,0
BRDA:35,1,1,0
BRF:3
BRH:0
end_of_record
TN:
SF:src/components/ui/button.tsx
FN:67,Button
FNF:1
FNH:0
FNDA:0,Button
DA:1,0
DA:2,0
DA:3,0
DA:5,0
DA:14,0
DA:75,0
DA:86,0
LF:7
LH:0
BRDA:72,0,0,0
BRDA:75,1,0,0
BRDA:75,1,1,0
BRF:3
BRH:0
end_of_record
TN:
SF:src/components/ui/card.tsx
FN:5,Card
FN:18,CardHeader
FN:31,CardTitle
FN:41,CardDescription
FN:51,CardAction
FN:64,CardContent
FN:74,CardFooter
FNF:7
FNH:0
FNDA:0,Card
FNDA:0,CardHeader
FNDA:0,CardTitle
FNDA:0,CardDescription
FNDA:0,CardAction
FNDA:0,CardContent
FNDA:0,CardFooter
DA:1,0
DA:3,0
DA:85,0
DA:86,0
DA:87,0
DA:88,0
DA:89,0
DA:90,0
DA:91,0
LF:9
LH:0
BRF:0
BRH:0
end_of_record
TN:
SF:src/components/ui/container.tsx
FN:34,Container
FNF:1
FNH:0
FNDA:0,Container
DA:1,0
DA:2,0
DA:4,0
DA:6,0
DA:50,0
LF:5
LH:0
BRF:0
BRH:0
end_of_record
TN:
SF:src/components/ui/divider.tsx
FN:92,Divider
FNF:1
FNH:0
FNDA:0,Divider
DA:1,0
DA:2,0
DA:4,0
DA:6,0
DA:115,0
LF:5
LH:0
BRDA:98,0,0,0
BRDA:104,1,0,0
BRDA:104,1,1,0
BRDA:105,2,0,0
BRDA:105,2,1,0
BRDA:105,3,0,0
BRDA:105,3,1,0
BRF:7
BRH:0
end_of_record
TN:
SF:src/components/ui/grid.tsx
FN:62,Grid
FN:114,GridItem
FNF:2
FNH:0
FNDA:0,Grid
FNDA:0,GridItem
DA:1,0
DA:2,0
DA:3,0
DA:5,0
DA:7,0
DA:72,0
DA:83,0
DA:121,0
DA:132,0
LF:9
LH:0
BRDA:69,0,0,0
BRDA:72,1,0,0
BRDA:72,1,1,0
BRDA:118,2,0,0
BRDA:121,3,0,0
BRDA:121,3,1,0
BRF:6
BRH:0
end_of_record
TN:
SF:src/components/ui/heading.tsx
FN:47,Heading
FNF:1
FNH:0
FNDA:0,Heading
DA:1,0
DA:2,0
DA:3,0
DA:5,0
DA:7,0
DA:56,0
DA:67,0
LF:7
LH:0
BRDA:52,0,0,0
BRDA:53,1,0,0
BRDA:56,2,0,0
BRDA:56,2,1,0
BRF:4
BRH:0
end_of_record
TN:
SF:src/components/ui/icon-box.tsx
FN:49,IconBox
FNF:1
FNH:0
FNDA:0,IconBox
DA:1,0
DA:2,0
DA:3,0
DA:5,0
DA:7,0
DA:57,0
DA:68,0
LF:7
LH:0
BRDA:54,0,0,0
BRDA:57,1,0,0
BRDA:57,1,1,0
BRF:3
BRH:0
end_of_record
TN:
SF:src/components/ui/index.ts
FNF:0
FNH:0
DA:15,0
DA:16,0
DA:17,0
DA:22,0
DA:23,0
DA:24,0
DA:25,0
DA:26,0
DA:31,0
DA:32,0
DA:38,0
DA:39,0
DA:40,0
DA:41,0
DA:42,0
DA:43,0
DA:44,0
DA:45,0
DA:47,0
DA:48,0
DA:49,0
DA:50,0
DA:51,0
DA:52,0
DA:53,0
DA:54,0
LF:26
LH:0
BRF:0
BRH:0
end_of_record
TN:
SF:src/components/ui/input.tsx
FN:6,(anonymous_4)
FNF:1
FNH:0
FNDA:0,(anonymous_4)
DA:1,0
DA:3,0
DA:5,0
DA:20,0
DA:22,0
LF:5
LH:0
BRF:0
BRH:0
end_of_record
TN:
SF:src/components/ui/label.tsx
FNF:0
FNH:0
DA:3,0
DA:4,0
DA:5,0
DA:6,0
DA:8,0
DA:19,0
DA:21,0
LF:7
LH:0
BRF:0
BRH:0
end_of_record
TN:
SF:src/components/ui/progress.tsx
FNF:0
FNH:0
DA:3,0
DA:4,0
DA:5,0
DA:25,0
DA:27,0
LF:5
LH:0
BRDA:21,0,0,0
BRDA:21,0,1,0
BRF:2
BRH:0
end_of_record
TN:
SF:src/components/ui/section.tsx
FN:36,Section
FNF:1
FNH:0
FNDA:0,Section
DA:1,0
DA:2,0
DA:4,0
DA:6,0
DA:52,0
LF:5
LH:0
BRF:0
BRH:0
end_of_record
TN:
SF:src/components/ui/select.tsx
FNF:0
FNH:0
DA:3,0
DA:4,0
DA:5,0
DA:7,0
DA:9,0
DA:11,0
DA:13,0
DA:33,0
DA:50,0
DA:67,0
DA:100,0
DA:112,0
DA:134,0
DA:146,0
DA:149,0
DA:150,0
DA:151,0
DA:152,0
DA:153,0
DA:154,0
DA:155,0
DA:156,0
DA:157,0
DA:158,0
LF:24
LH:0
BRDA:73,0,0,0
BRDA:79,1,0,0
BRDA:79,1,1,0
BRDA:90,2,0,0
BRDA:90,2,1,0
BRF:5
BRH:0
end_of_record
TN:
SF:src/components/ui/stack.tsx
FN:77,Stack
FN:102,HStack
FN:109,VStack
FNF:3
FNH:0
FNDA:0,Stack
FNDA:0,HStack
FNDA:0,VStack
DA:1,0
DA:2,0
DA:3,0
DA:5,0
DA:7,0
DA:88,0
DA:116,0
LF:7
LH:0
BRDA:85,0,0,0
BRDA:88,1,0,0
BRDA:88,1,1,0
BRF:3
BRH:0
end_of_record
TN:
SF:src/components/ui/switch.tsx
FNF:0
FNH:0
DA:3,0
DA:4,0
DA:6,0
DA:27,0
DA:29,0
LF:5
LH:0
BRF:0
BRH:0
end_of_record
TN:
SF:src/components/ui/tabs.tsx
FNF:0
FNH:0
DA:3,0
DA:4,0
DA:6,0
DA:8,0
DA:23,0
DA:38,0
DA:53,0
DA:55,0
LF:8
LH:0
BRF:0
BRH:0
end_of_record
TN:
SF:src/components/ui/text.tsx
FN:58,Text
FNF:1
FNH:0
FNDA:0,Text
DA:1,0
DA:2,0
DA:3,0
DA:5,0
DA:7,0
DA:69,0
DA:80,0
LF:7
LH:0
BRDA:65,0,0,0
BRDA:66,1,0,0
BRDA:69,2,0,0
BRDA:69,2,1,0
BRF:4
BRH:0
end_of_record
TN:
SF:src/components/ui/textarea.tsx
FN:9,(anonymous_4)
FNF:1
FNH:0
FNDA:0,(anonymous_4)
DA:1,0
DA:3,0
DA:8,0
DA:22,0
DA:24,0
LF:5
LH:0
BRF:0
BRH:0
end_of_record
TN:
SF:src/lib/auth.ts
FN:20,(anonymous_6)
FN:27,(anonymous_7)
FNF:2
FNH:0
FNDA:0,(anonymous_6)
FNDA:0,(anonymous_7)
DA:1,0
DA:2,0
DA:3,0
DA:4,0
DA:5,0
DA:7,0
DA:22,0
DA:23,0
DA:25,0
DA:29,0
DA:30,0
DA:32,0
LF:12
LH:0
BRDA:22,0,0,0
BRDA:22,0,1,0
BRDA:29,1,0,0
BRDA:29,1,1,0
BRDA:29,2,0,0
BRDA:29,2,1,0
BRF:6
BRH:0
end_of_record
TN:
SF:src/lib/business-plan-generator.ts
FN:36,generateBusinessPlanSections
FN:129,(anonymous_4)
FN:224,buildRagContext
FN:240,(anonymous_6)
FN:242,(anonymous_7)
FN:254,(anonymous_8)
FN:256,(anonymous_9)
FN:276,generateSection
FN:326,regenerateSection
FNF:9
FNH:0
FNDA:0,generateBusinessPlanSections
FNDA:0,(anonymous_4)
FNDA:0,buildRagContext
FNDA:0,(anonymous_6)
FNDA:0,(anonymous_7)
FNDA:0,(anonymous_8)
FNDA:0,(anonymous_9)
FNDA:0,generateSection
FNDA:0,regenerateSection
DA:6,0
DA:7,0
DA:8,0
DA:9,0
DA:12,0
DA:13,0
DA:36,0
DA:39,0
DA:41,0
DA:58,0
DA:59,0
DA:63,0
DA:67,0
DA:68,0
DA:72,0
DA:79,0
DA:82,0
DA:108,0
DA:130,0
DA:143,0
DA:168,0
DA:193,0
DA:214,0
DA:216,0
DA:217,0
DA:229,0
DA:231,0
DA:239,0
DA:240,0
DA:242,0
DA:246,0
DA:253,0
DA:254,0
DA:256,0
DA:260,0
DA:268,0
DA:269,0
DA:284,0
DA:285,0
DA:297,0
DA:313,0
DA:315,0
DA:319,0
DA:326,0
DA:330,0
DA:332,0
DA:349,0
DA:350,0
DA:353,0
DA:356,0
DA:363,0
DA:372,0
DA:375,0
DA:384,0
DA:386,0
DA:387,0
LF:56
LH:0
BRDA:58,0,0,0
BRDA:58,0,1,0
BRDA:67,1,0,0
BRDA:67,1,1,0
BRDA:123,2,0,0
BRDA:123,2,1,0
BRDA:124,3,0,0
BRDA:124,3,1,0
BRDA:130,4,0,0
BRDA:130,4,1,0
BRDA:130,5,0,0
BRDA:130,5,1,0
BRDA:135,6,0,0
BRDA:135,6,1,0
BRDA:135,7,0,0
BRDA:135,7,1,0
BRDA:135,8,0,0
BRDA:135,8,1,0
BRDA:179,9,0,0
BRDA:179,9,1,0
BRDA:179,10,0,0
BRDA:179,10,1,0
BRDA:262,11,0,0
BRDA:262,11,1,0
BRDA:265,12,0,0
BRDA:265,12,1,0
BRDA:349,13,0,0
BRDA:349,13,1,0
BRDA:349,14,0,0
BRDA:349,14,1,0
BRDA:357,15,0,0
BRDA:357,15,1,0
BRDA:359,16,0,0
BRDA:359,16,1,0
BRDA:372,17,0,0
BRDA:372,17,1,0
BRDA:379,18,0,0
BRDA:379,18,1,0
BRF:38
BRH:0
end_of_record
TN:
SF:src/lib/cache.ts
FN:10,(anonymous_7)
FN:26,getCached
FN:63,invalidateCache
FN:80,rateLimit
FN:133,(anonymous_11)
FN:134,(anonymous_12)
FN:135,(anonymous_13)
FN:138,(anonymous_14)
FN:139,(anonymous_15)
FN:142,(anonymous_16)
FN:143,(anonymous_17)
FN:147,(anonymous_18)
FN:148,(anonymous_19)
FN:151,(anonymous_20)
FN:152,(anonymous_21)
FNF:15
FNH:0
FNDA:0,(anonymous_7)
FNDA:0,getCached
FNDA:0,invalidateCache
FNDA:0,rateLimit
FNDA:0,(anonymous_11)
FNDA:0,(anonymous_12)
FNDA:0,(anonymous_13)
FNDA:0,(anonymous_14)
FNDA:0,(anonymous_15)
FNDA:0,(anonymous_16)
FNDA:0,(anonymous_17)
FNDA:0,(anonymous_18)
FNDA:0,(anonymous_19)
FNDA:0,(anonymous_20)
FNDA:0,(anonymous_21)
DA:6,0
DA:10,0
DA:11,0
DA:13,0
DA:14,0
DA:26,0
DA:31,0
DA:33,0
DA:36,0
DA:38,0
DA:39,0
DA:40,0
DA:41,0
DA:44,0
DA:47,0
DA:50,0
DA:52,0
DA:54,0
DA:56,0
DA:63,0
DA:64,0
DA:66,0
DA:67,0
DA:68,0
DA:69,0
DA:70,0
DA:73,0
DA:80,0
DA:85,0
DA:87,0
DA:90,0
DA:91,0
DA:92,0
DA:93,0
DA:96,0
DA:99,0
DA:101,0
DA:102,0
DA:103,0
DA:105,0
DA:113,0
DA:114,0
DA:116,0
DA:122,0
DA:124,0
DA:131,0
DA:133,0
DA:134,0
DA:135,0
DA:138,0
DA:139,0
DA:142,0
DA:144,0
DA:147,0
DA:148,0
DA:151,0
DA:152,0
DA:158,0
LF:58
LH:0
BRDA:11,0,0,0
BRDA:11,0,1,0
BRDA:11,0,2,0
BRDA:14,1,0,0
BRDA:14,1,1,0
BRDA:14,2,0,0
BRDA:14,2,1,0
BRDA:14,2,2,0
BRDA:29,3,0,0
BRDA:31,4,0,0
BRDA:31,4,1,0
BRDA:39,5,0,0
BRDA:39,5,1,0
BRDA:64,6,0,0
BRDA:64,6,1,0
BRDA:68,7,0,0
BRDA:68,7,1,0
BRDA:82,8,0,0
BRDA:83,9,0,0
BRDA:85,10,0,0
BRDA:85,10,1,0
BRDA:101,11,0,0
BRDA:101,11,1,0
BRDA:103,12,0,0
BRDA:103,12,1,0
BRF:25
BRH:0
end_of_record
TN:
SF:src/lib/evaluation-engine.ts
FN:32,parseCriteria
FN:36,(anonymous_4)
FN:37,(anonymous_5)
FN:41,(anonymous_6)
FN:45,(anonymous_7)
FN:53,evaluateBusinessPlan
FN:109,(anonymous_9)
FN:125,buildPlanContent
FN:141,buildEvaluationContext
FN:157,(anonymous_12)
FN:170,evaluateCriterion
FNF:11
FNH:0
FNDA:0,parseCriteria
FNDA:0,(anonymous_4)
FNDA:0,(anonymous_5)
FNDA:0,(anonymous_6)
FNDA:0,(anonymous_7)
FNDA:0,evaluateBusinessPlan
FNDA:0,(anonymous_9)
FNDA:0,buildPlanContent
FNDA:0,buildEvaluationContext
FNDA:0,(anonymous_12)
FNDA:0,evaluateCriterion
DA:6,0
DA:7,0
DA:8,0
DA:9,0
DA:32,0
DA:34,0
DA:36,0
DA:37,0
DA:40,0
DA:42,0
DA:43,0
DA:45,0
DA:47,0
DA:53,0
DA:56,0
DA:58,0
DA:59,0
DA:60,0
DA:71,0
DA:72,0
DA:76,0
DA:77,0
DA:78,0
DA:80,0
DA:84,0
DA:87,0
DA:90,0
DA:92,0
DA:93,0
DA:99,0
DA:108,0
DA:109,0
DA:112,0
DA:117,0
DA:118,0
DA:126,0
DA:127,0
DA:128,0
DA:130,0
DA:131,0
DA:132,0
DA:135,0
DA:145,0
DA:147,0
DA:155,0
DA:157,0
DA:160,0
DA:162,0
DA:163,0
DA:179,0
DA:180,0
DA:192,0
DA:208,0
DA:225,0
DA:226,0
DA:228,0
DA:236,0
DA:242,0
LF:58
LH:0
BRDA:37,0,0,0
BRDA:37,0,1,0
BRDA:43,1,0,0
BRDA:43,1,1,0
BRDA:47,2,0,0
BRDA:47,2,1,0
BRDA:59,3,0,0
BRDA:59,3,1,0
BRDA:71,4,0,0
BRDA:71,4,1,0
BRDA:77,5,0,0
BRDA:77,5,1,0
BRDA:109,6,0,0
BRDA:109,6,1,0
BRDA:128,7,0,0
BRDA:128,7,1,0
BRDA:160,8,0,0
BRDA:160,8,1,0
BRDA:229,9,0,0
BRDA:229,9,1,0
BRDA:230,10,0,0
BRDA:230,10,1,0
BRDA:231,11,0,0
BRDA:231,11,1,0
BRF:24
BRH:0
end_of_record
TN:
SF:src/lib/export.ts
FN:39,exportToPDF
FN:76,(anonymous_8)
FN:130,exportToDOCX
FN:134,(anonymous_10)
FN:180,(anonymous_11)
FN:245,exportToHWP
FN:277,exportBusinessPlan
FN:299,sanitizeFilename
FN:309,downloadBlob
FNF:9
FNH:8
FNDA:6,exportToPDF
FNDA:12,(anonymous_8)
FNDA:7,exportToDOCX
FNDA:14,(anonymous_10)
FNDA:21,(anonymous_11)
FNDA:3,exportToHWP
FNDA:4,exportBusinessPlan
FNDA:13,sanitizeFilename
FNDA:0,downloadBlob
DA:8,1
DA:9,1
DA:39,5
DA:42,6
DA:44,6
DA:50,6
DA:51,6
DA:52,6
DA:53,6
DA:56,6
DA:57,6
DA:58,6
DA:61,6
DA:62,6
DA:63,6
DA:64,6
DA:67,6
DA:68,6
DA:69,6
DA:70,6
DA:73,6
DA:76,12
DA:78,6
DA:80,18
DA:81,0
DA:82,0
DA:86,18
DA:87,18
DA:88,18
DA:91,18
DA:92,18
DA:97,18
DA:98,18
DA:99,0
DA:100,0
DA:102,18
DA:103,18
DA:106,18
DA:110,6
DA:111,6
DA:113,6
DA:119,0
DA:120,0
DA:130,3
DA:133,7
DA:134,14
DA:137,7
DA:180,21
DA:224,7
DA:225,7
DA:227,7
DA:233,0
DA:234,0
DA:245,2
DA:248,3
DA:250,3
DA:252,3
DA:253,0
DA:258,3
DA:266,0
DA:267,0
DA:277,4
DA:281,4
DA:283,1
DA:285,1
DA:287,1
DA:289,1
DA:300,13
DA:309,0
DA:310,0
DA:311,0
DA:312,0
DA:313,0
DA:314,0
DA:315,0
DA:316,0
DA:317,0
LF:77
LH:57
BRDA:61,0,0,6
BRDA:61,0,1,0
BRDA:67,1,0,6
BRDA:67,1,1,0
BRDA:80,2,0,0
BRDA:80,2,1,18
BRDA:98,3,0,0
BRDA:98,3,1,18
BRDA:122,4,0,0
BRDA:122,4,1,0
BRDA:151,5,0,7
BRDA:151,5,1,0
BRDA:165,6,0,7
BRDA:165,6,1,0
BRDA:192,7,0,7
BRDA:192,7,1,0
BRDA:236,8,0,0
BRDA:236,8,1,0
BRDA:252,9,0,0
BRDA:252,9,1,3
BRDA:269,10,0,0
BRDA:269,10,1,0
BRDA:281,11,0,1
BRDA:281,11,1,1
BRDA:281,11,2,1
BRDA:281,11,3,1
BRF:26
BRH:12
end_of_record
TN:
SF:src/lib/matching.ts
FN:58,calculateSemanticScore
FN:72,(anonymous_8)
FN:89,calculateCategoryScore
FN:107,(anonymous_10)
FN:120,calculateEligibilityScore
FN:190,calculateTimelinessScore
FN:237,calculateAmountScore
FN:284,calculateConfidence
FN:295,executeMatching
FN:358,(anonymous_16)
FN:476,(anonymous_17)
FN:488,storeMatchingResults
FN:503,(anonymous_19)
FNF:13
FNH:5
FNDA:0,calculateSemanticScore
FNDA:0,(anonymous_8)
FNDA:4,calculateCategoryScore
FNDA:4,(anonymous_10)
FNDA:2,calculateEligibilityScore
FNDA:4,calculateTimelinessScore
FNDA:4,calculateAmountScore
FNDA:0,calculateConfidence
FNDA:0,executeMatching
FNDA:0,(anonymous_16)
FNDA:0,(anonymous_17)
FNDA:0,storeMatchingResults
FNDA:0,(anonymous_19)
DA:6,1
DA:7,1
DA:10,1
DA:62,0
DA:63,0
DA:72,0
DA:74,0
DA:76,0
DA:79,0
DA:81,0
DA:82,0
DA:89,4
DA:94,4
DA:97,4
DA:98,2
DA:102,4
DA:103,1
DA:107,4
DA:108,4
DA:110,4
DA:111,1
DA:114,4
DA:120,2
DA:135,2
DA:136,2
DA:138,2
DA:139,2
DA:142,2
DA:143,2
DA:144,1
DA:145,1
DA:150,2
DA:154,1
DA:155,1
DA:159,2
DA:163,0
DA:164,0
DA:168,2
DA:172,0
DA:173,0
DA:177,2
DA:181,0
DA:184,2
DA:190,4
DA:194,4
DA:196,4
DA:197,1
DA:198,1
DA:201,3
DA:202,0
DA:205,3
DA:206,3
DA:210,3
DA:211,1
DA:212,1
DA:215,2
DA:216,1
DA:217,1
DA:220,1
DA:221,0
DA:222,0
DA:225,1
DA:226,1
DA:227,1
DA:230,0
DA:231,0
DA:237,4
DA:242,4
DA:245,4
DA:246,1
DA:250,3
DA:251,0
DA:254,3
DA:255,3
DA:256,3
DA:259,3
DA:261,3
DA:263,1
DA:264,1
DA:267,2
DA:268,1
DA:269,1
DA:272,1
DA:273,0
DA:274,0
DA:277,1
DA:278,1
DA:287,0
DA:288,0
DA:289,0
DA:295,0
DA:298,0
DA:300,0
DA:322,0
DA:323,0
DA:327,0
DA:340,0
DA:346,0
DA:347,0
DA:348,0
DA:351,0
DA:352,0
DA:356,0
DA:357,0
DA:358,0
DA:368,0
DA:388,0
DA:390,0
DA:392,0
DA:398,0
DA:410,0
DA:414,0
DA:418,0
DA:425,0
DA:434,0
DA:441,0
DA:442,0
DA:446,0
DA:447,0
DA:450,0
DA:452,0
DA:476,0
DA:478,0
DA:480,0
DA:481,0
DA:488,0
DA:493,0
DA:495,0
DA:500,0
DA:502,0
DA:503,0
DA:518,0
DA:522,0
DA:523,0
LF:134
LH:66
BRDA:74,0,0,0
BRDA:74,0,1,0
BRDA:97,1,0,2
BRDA:97,1,1,2
BRDA:102,2,0,1
BRDA:102,2,1,3
BRDA:102,3,0,4
BRDA:102,3,1,1
BRDA:108,4,0,4
BRDA:108,4,1,1
BRDA:110,5,0,1
BRDA:110,5,1,3
BRDA:110,6,0,4
BRDA:110,6,1,3
BRDA:139,7,0,2
BRDA:139,7,1,1
BRDA:142,8,0,2
BRDA:142,8,1,0
BRDA:142,9,0,2
BRDA:142,9,1,0
BRDA:143,10,0,1
BRDA:143,10,1,1
BRDA:150,11,0,1
BRDA:150,11,1,1
BRDA:151,12,0,2
BRDA:151,12,1,2
BRDA:151,12,2,1
BRDA:159,13,0,0
BRDA:159,13,1,2
BRDA:160,14,0,2
BRDA:160,14,1,2
BRDA:160,14,2,0
BRDA:168,15,0,0
BRDA:168,15,1,2
BRDA:169,16,0,2
BRDA:169,16,1,2
BRDA:169,16,2,0
BRDA:177,17,0,0
BRDA:177,17,1,2
BRDA:178,18,0,2
BRDA:178,18,1,0
BRDA:178,18,2,0
BRDA:196,19,0,1
BRDA:196,19,1,3
BRDA:201,20,0,0
BRDA:201,20,1,3
BRDA:210,21,0,1
BRDA:210,21,1,2
BRDA:215,22,0,1
BRDA:215,22,1,1
BRDA:220,23,0,0
BRDA:220,23,1,1
BRDA:225,24,0,1
BRDA:225,24,1,0
BRDA:245,25,0,1
BRDA:245,25,1,3
BRDA:245,26,0,4
BRDA:245,26,1,4
BRDA:250,27,0,0
BRDA:250,27,1,3
BRDA:255,28,0,0
BRDA:255,28,1,3
BRDA:256,29,0,3
BRDA:256,29,1,0
BRDA:259,30,0,3
BRDA:259,30,1,0
BRDA:261,31,0,1
BRDA:261,31,1,2
BRDA:261,32,0,3
BRDA:261,32,1,3
BRDA:267,33,0,1
BRDA:267,33,1,1
BRDA:267,34,0,2
BRDA:267,34,1,2
BRDA:272,35,0,0
BRDA:272,35,1,1
BRDA:287,36,0,0
BRDA:287,36,1,0
BRDA:288,37,0,0
BRDA:288,37,1,0
BRDA:322,38,0,0
BRDA:322,38,1,0
BRDA:331,39,0,0
BRDA:331,39,1,0
BRDA:346,40,0,0
BRDA:346,40,1,0
BRDA:347,41,0,0
BRDA:347,41,1,0
BRDA:351,42,0,0
BRDA:351,42,1,0
BRDA:356,43,0,0
BRDA:356,43,1,0
BRDA:402,44,0,0
BRDA:402,44,1,0
BRDA:441,45,0,0
BRDA:441,45,1,0
BRDA:446,46,0,0
BRDA:446,46,1,0
BRF:98
BRH:57
end_of_record
TN:
SF:src/lib/notifications.ts
FN:31,sendNotification
FN:77,sendEmailNotification
FN:112,sendDiscordNotification
FN:149,sendSlackNotification
FN:207,buildEmailHtml
FN:244,getNotificationColor
FN:260,sendDeadlineAlert
FN:287,sendMatchingResultNotification
FN:304,sendEvaluationCompleteNotification
FNF:9
FNH:0
FNDA:0,sendNotification
FNDA:0,sendEmailNotification
FNDA:0,sendDiscordNotification
FNDA:0,sendSlackNotification
FNDA:0,buildEmailHtml
FNDA:0,getNotificationColor
FNDA:0,sendDeadlineAlert
FNDA:0,sendMatchingResultNotification
FNDA:0,sendEvaluationCompleteNotification
DA:6,0
DA:7,0
DA:10,0
DA:31,0
DA:34,0
DA:36,0
DA:41,0
DA:52,0
DA:54,0
DA:55,0
DA:58,0
DA:59,0
DA:64,0
DA:65,0
DA:68,0
DA:70,0
DA:80,0
DA:81,0
DA:82,0
DA:85,0
DA:86,0
DA:91,0
DA:92,0
DA:93,0
DA:96,0
DA:103,0
DA:105,0
DA:116,0
DA:117,0
DA:136,0
DA:137,0
DA:140,0
DA:142,0
DA:153,0
DA:154,0
DA:194,0
DA:195,0
DA:198,0
DA:200,0
DA:208,0
DA:245,0
DA:247,0
DA:249,0
DA:251,0
DA:253,0
DA:260,0
DA:264,0
DA:268,0
DA:270,0
DA:274,0
DA:287,0
DA:291,0
DA:304,0
DA:309,0
LF:54
LH:0
BRDA:10,0,0,0
BRDA:10,0,1,0
BRDA:47,1,0,0
BRDA:47,1,1,0
BRDA:54,2,0,0
BRDA:54,2,1,0
BRDA:58,3,0,0
BRDA:58,3,1,0
BRDA:58,4,0,0
BRDA:58,4,1,0
BRDA:64,5,0,0
BRDA:64,5,1,0
BRDA:64,6,0,0
BRDA:64,6,1,0
BRDA:80,7,0,0
BRDA:80,7,1,0
BRDA:91,8,0,0
BRDA:91,8,1,0
BRDA:100,9,0,0
BRDA:100,9,1,0
BRDA:136,10,0,0
BRDA:136,10,1,0
BRDA:173,11,0,0
BRDA:173,11,1,0
BRDA:194,12,0,0
BRDA:194,12,1,0
BRDA:230,13,0,0
BRDA:230,13,1,0
BRDA:245,14,0,0
BRDA:245,14,1,0
BRDA:245,14,2,0
BRDA:245,14,3,0
BRDA:268,15,0,0
BRDA:268,15,1,0
BRDA:268,16,0,0
BRDA:268,16,1,0
BRF:36
BRH:0
end_of_record
TN:
SF:src/lib/performance.ts
FN:8,measurePerformance
FN:12,(anonymous_8)
FN:23,logSlowQuery
FN:32,batchExecute
FN:41,(anonymous_11)
FN:60,retryWithBackoff
FN:75,(anonymous_13)
FN:86,debounce
FN:92,(anonymous_15)
FN:94,(anonymous_16)
FN:101,throttle
FN:107,(anonymous_18)
FN:111,(anonymous_19)
FNF:13
FNH:0
FNDA:0,measurePerformance
FNDA:0,(anonymous_8)
FNDA:0,logSlowQuery
FNDA:0,batchExecute
FNDA:0,(anonymous_11)
FNDA:0,retryWithBackoff
FNDA:0,(anonymous_13)
FNDA:0,debounce
FNDA:0,(anonymous_15)
FNDA:0,(anonymous_16)
FNDA:0,throttle
FNDA:0,(anonymous_18)
FNDA:0,(anonymous_19)
DA:8,0
DA:9,0
DA:11,0
DA:13,0
DA:14,0
DA:15,0
DA:23,0
DA:24,0
DA:25,0
DA:32,0
DA:37,0
DA:38,0
DA:40,0
DA:41,0
DA:42,0
DA:43,0
DA:46,0
DA:48,0
DA:49,0
DA:53,0
DA:54,0
DA:60,0
DA:65,0
DA:67,0
DA:68,0
DA:69,0
DA:71,0
DA:72,0
DA:73,0
DA:74,0
DA:75,0
DA:80,0
DA:86,0
DA:90,0
DA:92,0
DA:93,0
DA:94,0
DA:101,0
DA:105,0
DA:107,0
DA:108,0
DA:109,0
DA:110,0
DA:111,0
LF:44
LH:0
BRDA:23,0,0,0
BRDA:24,1,0,0
BRDA:24,1,1,0
BRDA:35,2,0,0
BRDA:48,3,0,0
BRDA:48,3,1,0
BRDA:62,4,0,0
BRDA:63,5,0,0
BRDA:72,6,0,0
BRDA:72,6,1,0
BRDA:93,7,0,0
BRDA:93,7,1,0
BRDA:108,8,0,0
BRDA:108,8,1,0
BRF:14
BRH:0
end_of_record
TN:
SF:src/lib/prisma.ts
FNF:0
FNH:0
DA:1,2
DA:3,2
DA:7,0
DA:8,2
DA:13,2
LF:5
LH:4
BRDA:8,0,0,2
BRDA:8,0,1,2
BRDA:10,1,0,0
BRDA:10,1,1,2
BRDA:13,2,0,2
BRDA:13,2,1,0
BRF:6
BRH:4
end_of_record
TN:
SF:src/lib/rag.ts
FN:48,generateEmbedding
FN:65,chunkText
FN:87,extractKeywords
FN:119,(anonymous_11)
FN:126,storeDocumentEmbeddings
FN:170,hybridSearch
FN:198,(anonymous_14)
FN:217,deleteEmbeddings
FN:237,getEmbeddingCount
FNF:9
FNH:3
FNDA:0,generateEmbedding
FNDA:3,chunkText
FNDA:3,extractKeywords
FNDA:11,(anonymous_11)
FNDA:0,storeDocumentEmbeddings
FNDA:0,hybridSearch
FNDA:0,(anonymous_14)
FNDA:0,deleteEmbeddings
FNDA:0,getEmbeddingCount
DA:8,2
DA:9,2
DA:10,2
DA:13,2
DA:14,2
DA:15,2
DA:48,0
DA:49,0
DA:50,0
DA:55,0
DA:57,0
DA:58,0
DA:65,3
DA:71,3
DA:72,3
DA:74,3
DA:75,7
DA:76,7
DA:77,6
DA:81,3
DA:87,3
DA:89,3
DA:115,3
DA:119,11
DA:126,0
DA:132,0
DA:134,0
DA:137,0
DA:138,0
DA:139,0
DA:140,0
DA:143,0
DA:158,0
DA:162,0
DA:163,0
DA:170,0
DA:179,0
DA:181,0
DA:183,0
DA:184,0
DA:187,0
DA:198,0
DA:209,0
DA:210,0
DA:217,0
DA:221,0
DA:222,0
DA:227,0
DA:229,0
DA:230,0
DA:237,0
DA:241,0
DA:242,0
DA:248,0
DA:250,0
DA:251,0
LF:56
LH:18
BRDA:67,0,0,2
BRDA:68,1,0,2
BRDA:76,2,0,6
BRDA:76,2,1,1
BRDA:119,3,0,11
BRDA:119,3,1,10
BRDA:130,4,0,0
BRDA:176,5,0,0
BRDA:177,6,0,0
BRDA:178,7,0,0
BRDA:191,8,0,0
BRDA:191,8,1,0
BRDA:248,9,0,0
BRDA:248,9,1,0
BRF:14
BRH:6
end_of_record
TN:
SF:src/lib/railway.ts
FN:46,parseDocument
FN:112,parseDocumentFromUrl
FN:138,triggerCrawl
FN:171,getCrawlJobStatus
FN:221,processWithAI
FN:254,processDocumentComplete
FNF:6
FNH:0
FNDA:0,parseDocument
FNDA:0,parseDocumentFromUrl
FNDA:0,triggerCrawl
FNDA:0,getCrawlJobStatus
FNDA:0,processWithAI
FNDA:0,processDocumentComplete
DA:10,0
DA:12,0
DA:14,0
DA:16,0
DA:18,0
DA:46,0
DA:51,0
DA:52,0
DA:54,0
DA:55,0
DA:59,0
DA:60,0
DA:62,0
DA:69,0
DA:70,0
DA:71,0
DA:72,0
DA:73,0
DA:74,0
DA:77,0
DA:78,0
DA:79,0
DA:80,0
DA:81,0
DA:84,0
DA:89,0
DA:90,0
DA:93,0
DA:94,0
DA:100,0
DA:101,0
DA:112,0
DA:116,0
DA:118,0
DA:119,0
DA:120,0
DA:123,0
DA:124,0
DA:126,0
DA:127,0
DA:138,0
DA:139,0
DA:140,0
DA:148,0
DA:149,0
DA:152,0
DA:153,0
DA:159,0
DA:160,0
DA:171,0
DA:179,0
DA:180,0
DA:182,0
DA:183,0
DA:186,0
DA:188,0
DA:189,0
DA:221,0
DA:224,0
DA:225,0
DA:233,0
DA:234,0
DA:237,0
DA:238,0
DA:243,0
DA:244,0
DA:254,0
DA:268,0
DA:270,0
DA:272,0
DA:273,0
DA:281,0
DA:282,0
DA:289,0
DA:295,0
DA:296,0
LF:76
LH:0
BRDA:10,0,0,0
BRDA:10,0,1,0
BRDA:12,1,0,0
BRDA:12,1,1,0
BRDA:14,2,0,0
BRDA:14,2,1,0
BRDA:16,3,0,0
BRDA:16,3,1,0
BRDA:18,4,0,0
BRDA:18,4,1,0
BRDA:49,5,0,0
BRDA:54,6,0,0
BRDA:54,6,1,0
BRDA:69,7,0,0
BRDA:69,7,1,0
BRDA:71,8,0,0
BRDA:71,8,1,0
BRDA:72,9,0,0
BRDA:72,9,1,0
BRDA:78,10,0,0
BRDA:78,10,1,0
BRDA:79,11,0,0
BRDA:79,11,1,0
BRDA:80,12,0,0
BRDA:80,12,1,0
BRDA:89,13,0,0
BRDA:89,13,1,0
BRDA:96,14,0,0
BRDA:96,14,1,0
BRDA:96,14,2,0
BRDA:104,15,0,0
BRDA:104,15,1,0
BRDA:119,16,0,0
BRDA:119,16,1,0
BRDA:130,17,0,0
BRDA:130,17,1,0
BRDA:148,18,0,0
BRDA:148,18,1,0
BRDA:163,19,0,0
BRDA:163,19,1,0
BRDA:182,20,0,0
BRDA:182,20,1,0
BRDA:191,21,0,0
BRDA:191,21,1,0
BRDA:233,22,0,0
BRDA:233,22,1,0
BRDA:246,23,0,0
BRDA:246,23,1,0
BRDA:272,24,0,0
BRDA:272,24,1,0
BRDA:281,25,0,0
BRDA:281,25,1,0
BRDA:281,26,0,0
BRDA:281,26,1,0
BRDA:298,27,0,0
BRDA:298,27,1,0
BRF:56
BRH:0
end_of_record
TN:
SF:src/lib/rebac.ts
FN:33,grant
FN:54,revoke
FN:75,check
FN:103,list
FN:133,getRole
FN:156,initializePermissions
FN:182,checkCompanyPermission
FN:193,checkBusinessPlanPermission
FNF:8
FNH:0
FNDA:0,grant
FNDA:0,revoke
FNDA:0,check
FNDA:0,list
FNDA:0,getRole
FNDA:0,initializePermissions
FNDA:0,checkCompanyPermission
FNDA:0,checkBusinessPlanPermission
DA:6,0
DA:9,0
DA:33,0
DA:40,0
DA:54,0
DA:61,0
DA:75,0
DA:81,0
DA:82,0
DA:83,0
DA:85,0
DA:97,0
DA:103,0
DA:108,0
DA:114,0
DA:115,0
DA:116,0
DA:117,0
DA:118,0
DA:121,0
DA:133,0
DA:138,0
DA:150,0
DA:156,0
DA:157,0
DA:158,0
DA:159,0
DA:182,0
DA:187,0
DA:193,0
DA:198,0
LF:31
LH:0
BRDA:82,0,0,0
BRDA:82,0,1,0
BRDA:114,1,0,0
BRDA:114,1,1,0
BRDA:116,2,0,0
BRDA:116,2,1,0
BRDA:150,3,0,0
BRDA:150,3,1,0
BRF:8
BRH:0
end_of_record
TN:
SF:src/lib/text-config.ts
FN:171,getDeploymentEnvName
FN:181,getText
FNF:2
FNH:0
FNDA:0,getDeploymentEnvName
FNDA:0,getText
DA:9,0
DA:10,0
DA:15,0
DA:52,0
DA:73,0
DA:84,0
DA:95,0
DA:133,0
DA:168,0
DA:169,0
DA:171,0
DA:172,0
DA:181,0
DA:182,0
LF:14
LH:0
BRDA:9,0,0,0
BRDA:9,0,1,0
BRDA:17,1,0,0
BRDA:17,1,1,0
BRDA:18,2,0,0
BRDA:18,2,1,0
BRDA:19,3,0,0
BRDA:19,3,1,0
BRDA:20,4,0,0
BRDA:20,4,1,0
BRDA:21,5,0,0
BRDA:21,5,1,0
BRDA:22,6,0,0
BRDA:22,6,1,0
BRDA:23,7,0,0
BRDA:23,7,1,0
BRDA:26,8,0,0
BRDA:26,8,1,0
BRDA:27,9,0,0
BRDA:27,9,1,0
BRDA:28,10,0,0
BRDA:28,10,1,0
BRDA:29,11,0,0
BRDA:29,11,1,0
BRDA:30,12,0,0
BRDA:30,12,1,0
BRDA:31,13,0,0
BRDA:31,13,1,0
BRDA:32,14,0,0
BRDA:32,14,1,0
BRDA:33,15,0,0
BRDA:33,15,1,0
BRDA:34,16,0,0
BRDA:34,16,1,0
BRDA:35,17,0,0
BRDA:35,17,1,0
BRDA:38,18,0,0
BRDA:38,18,1,0
BRDA:39,19,0,0
BRDA:39,19,1,0
BRDA:40,20,0,0
BRDA:40,20,1,0
BRDA:54,21,0,0
BRDA:54,21,1,0
BRDA:55,22,0,0
BRDA:55,22,1,0
BRDA:56,23,0,0
BRDA:56,23,1,0
BRDA:57,24,0,0
BRDA:57,24,1,0
BRDA:60,25,0,0
BRDA:60,25,1,0
BRDA:61,26,0,0
BRDA:61,26,1,0
BRDA:62,27,0,0
BRDA:62,27,1,0
BRDA:63,28,0,0
BRDA:63,28,1,0
BRDA:66,29,0,0
BRDA:66,29,1,0
BRDA:67,30,0,0
BRDA:67,30,1,0
BRDA:74,31,0,0
BRDA:74,31,1,0
BRDA:75,32,0,0
BRDA:75,32,1,0
BRDA:76,33,0,0
BRDA:76,33,1,0
BRDA:77,34,0,0
BRDA:77,34,1,0
BRDA:78,35,0,0
BRDA:78,35,1,0
BRDA:98,36,0,0
BRDA:98,36,1,0
BRDA:99,37,0,0
BRDA:99,37,1,0
BRDA:100,38,0,0
BRDA:100,38,1,0
BRDA:105,39,0,0
BRDA:105,39,1,0
BRDA:106,40,0,0
BRDA:106,40,1,0
BRDA:111,41,0,0
BRDA:111,41,1,0
BRDA:112,42,0,0
BRDA:112,42,1,0
BRDA:117,43,0,0
BRDA:117,43,1,0
BRDA:118,44,0,0
BRDA:118,44,1,0
BRDA:135,45,0,0
BRDA:135,45,1,0
BRDA:136,46,0,0
BRDA:136,46,1,0
BRDA:159,47,0,0
BRDA:159,47,1,0
BRDA:172,48,0,0
BRDA:172,48,1,0
BRDA:182,49,0,0
BRDA:182,49,1,0
BRF:100
BRH:0
end_of_record
TN:
SF:src/lib/utils.ts
FN:11,cn
FNF:1
FNH:0
FNDA:0,cn
DA:1,0
DA:2,0
DA:11,0
DA:12,0
LF:4
LH:0
BRF:0
BRH:0
end_of_record
